1   1.777368593   0
2   1.805588257   0.02821966365
3   1.810352859   0.01697501813
4   1.805921155   0.01279514035
5   1.798032359   0.01266737863
6   1.796520841   0.01045273518
7   1.800938846   0.009877316893
8   1.808837488   0.01164300606
9   1.813399537   0.0112359923
10   1.817613195   0.01089738187
11   1.821987515   0.01078407025
12   1.827119055   0.01110162958
13   1.83165186   0.01117280391
14   1.834674556   0.01077660244
15   1.838900293   0.0108861068
16   1.838267258   0.01020267805
17   1.837596094   0.009607219807
18   1.834939664   0.009439273322
19   1.834857152   0.008929039942
20   1.834094475   0.008505095818
21   1.833115362   0.00814899454
22   1.834180243   0.007842395252
23   1.834205949   0.007493712227
24   1.833389186   0.007221023507
25   1.832469457   0.006986961316
26   1.831242228   0.006824112986
27   1.830846586   0.006578413963
28   1.83102469   0.006341619817
29   1.832458459   0.006284767961
30   1.834600508   0.006438436193
31   1.836436018   0.006492160038
32   1.838113272   0.006505925396
33   1.839925829   0.006561032661
34   1.840699671   0.006412004105
35   1.841378982   0.006263058381
36   1.842471791   0.006183923891
37   1.842689787   0.00601841843
38   1.84171288   0.00593879786
39   1.839433401   0.006217448076
40   1.837368807   0.006402060426
41   1.836771417   0.006272472983
42   1.836286482   0.006140485271
43   1.834971342   0.00613851822
44   1.834347428   0.006029749793
45   1.83422138   0.005895580115
46   1.83298972   0.00589606987
47   1.831328017   0.006003798072
48   1.829632333   0.006117110206
49   1.828757446   0.006054515329
50   1.828589042   0.005934579162
51   1.828136048   0.005834662525
52   1.828097689   0.00572148591
53   1.828185113   0.005613176088
54   1.828974684   0.005564549929
55   1.829490101   0.005486701948
56   1.829362045   0.005389355931
57   1.829215382   0.005295992721
58   1.82933244   0.005205197865
59   1.829428631   0.005117117751
60   1.829272401   0.005033534743
61   1.829073562   0.004954321862
62   1.830095356   0.004979717183
63   1.829845408   0.004906407243
64   1.829299069   0.004859942708
65   1.829775876   0.004808289615
66   1.83013347   0.004748360458
67   1.829693867   0.004697566959
68   1.829096507   0.004666362689
69   1.827699845   0.004805668398
70   1.826424697   0.004905161534
71   1.825593618   0.004906479225
72   1.825117072   0.004861267835
73   1.825021204   0.004795171086
74   1.82530649   0.004738523386
75   1.825436858   0.004676733573
76   1.826048427   0.004655134613
77   1.826557257   0.00462237193
78   1.826965685   0.004580969439
79   1.827240795   0.004530970523
80   1.828127421   0.004560981933
81   1.828757306   0.004548149952
82   1.829386422   0.004536179685
83   1.829556053   0.004484403135
84   1.829853466   0.004440666551
85   1.830277492   0.004408551757
86   1.831108936   0.004435610886
87   1.832129017   0.004501435109
88   1.832983398   0.004531265252
89   1.834493224   0.004727635409
90   1.836254432   0.004995569078
91   1.837314695   0.005052859803
92   1.838502974   0.005136960882
93   1.839643812   0.005207915888
94   1.840706256   0.005260618116
95   1.841705504   0.005299998831
96   1.842003512   0.005252959932
97   1.842357634   0.00521057101
98   1.842670597   0.005166615273
99   1.8434505   0.005173286285
100   1.843821915   0.005134742729
