1   1.462641906   0
2   1.462609427   3.247854304e-05
3   1.462604461   1.939798114e-05
4   1.462605631   1.376629135e-05
5   1.462610252   1.162131521e-05
6   1.462617825   1.214018005e-05
7   1.462623631   1.178954348e-05
8   1.46262508   1.031234181e-05
9   1.462617818   1.163863921e-05
10   1.462614635   1.088564927e-05
11   1.462609628   1.104637663e-05
12   1.46260392   1.158742049e-05
13   1.462600732   1.112537766e-05
14   1.462597423   1.081847669e-05
15   1.462594164   1.058578323e-05
16   1.462597444   1.043132798e-05
17   1.462604852   1.228383733e-05
18   1.462612661   1.396812552e-05
19   1.462616936   1.388677544e-05
20   1.462616448   1.318319307e-05
21   1.462611888   1.334305589e-05
22   1.462609345   1.297365122e-05
23   1.462603645   1.36446143e-05
24   1.462599043   1.385045725e-05
25   1.462596898   1.345700333e-05
26   1.462595967   1.296256869e-05
27   1.462593669   1.268309359e-05
28   1.462590104   1.273104223e-05
29   1.46258882   1.235116935e-05
30   1.462586968   1.20752097e-05
31   1.462583506   1.21813616e-05
32   1.462578489   1.281725372e-05
33   1.462572757   1.36817016e-05
34   1.462569238   1.37317233e-05
35   1.462566492   1.361338793e-05
36   1.462565915   1.324242789e-05
37   1.462566474   1.289169157e-05
38   1.46256566   1.257424407e-05
39   1.462564919   1.22699549e-05
40   1.462563814   1.201020983e-05
41   1.462564371   1.172684038e-05
42   1.462565173   1.14722722e-05
43   1.462565722   1.121575942e-05
44   1.462565805   1.095820276e-05
45   1.462565489   1.071655392e-05
46   1.462566395   1.052001999e-05
47   1.462567856   1.039699207e-05
48   1.462568117   1.018141549e-05
49   1.462568472   9.977808801e-06
50   1.462570007   9.895961046e-06
51   1.462571339   9.790955119e-06
52   1.462571907   9.61764965e-06
53   1.4625709   9.488076487e-06
54   1.46256853   9.60757256e-06
55   1.462565819   9.813308973e-06
56   1.462563886   9.828316545e-06
57   1.462563119   9.684802529e-06
58   1.462562832   9.520679843e-06
59   1.462562944   9.358587453e-06
60   1.462562679   9.205083026e-06
61   1.462563   9.058584902e-06
62   1.462562465   8.927289461e-06
63   1.462560729   8.954418888e-06
64   1.462558277   9.147998116e-06
65   1.462556012   9.286641012e-06
66   1.462553725   9.426670369e-06
67   1.462551683   9.506693123e-06
68   1.462550646   9.423138793e-06
69   1.46255097   9.291221064e-06
70   1.462551429   9.169036824e-06
71   1.462551155   9.043113683e-06
72   1.462551081   8.91694153e-06
73   1.462551123   8.794044489e-06
74   1.462550816   8.679821222e-06
75   1.462551159   8.570169916e-06
76   1.46255088   8.461260201e-06
77   1.462549916   8.406122566e-06
78   1.462549019   8.345906682e-06
79   1.46254794   8.309964365e-06
80   1.462547174   8.241167364e-06
81   1.462546765   8.149056988e-06
82   1.46254726   8.064307774e-06
83   1.462547493   7.969969162e-06
84   1.462547423   7.87483349e-06
85   1.462548788   7.900497739e-06
86   1.462550295   7.952201212e-06
87   1.462551517   7.954609577e-06
88   1.462552161   7.890045208e-06
89   1.462552547   7.810434662e-06
90   1.462552436   7.723958069e-06
91   1.462552084   7.646702995e-06
92   1.462551513   7.584646813e-06
93   1.46255002   7.649855243e-06
94   1.462548355   7.74894214e-06
95   1.462547372   7.729696702e-06
96   1.46254744   7.649051975e-06
97   1.462548106   7.599016958e-06
98   1.462548169   7.521341549e-06
99   1.462548247   7.445388622e-06
100   1.462548402   7.37218937e-06
