1   -0.3147266875   0
2   -0.3429788297   0.02825214219
3   -0.3477483981   0.01699440975
4   -0.3433155241   0.01280840949
5   -0.3354221071   0.01267829816
6   -0.3339030167   0.01046265414
7   -0.3383152146   0.00988222134
8   -0.3462124079   0.0116451443
9   -0.350781719   0.01124066592
10   -0.3549985598   0.01090246776
11   -0.3593778875   0.01079030647
12   -0.3645151357   0.01110931654
13   -0.3690511283   0.01118056014
14   -0.372077133   0.01078442317
15   -0.3763061291   0.01089408186
16   -0.3756698137   0.01021032759
17   -0.3749912414   0.009614907749
18   -0.3723270031   0.009448427865
19   -0.3722402163   0.008937739388
20   -0.3714780276   0.008513271901
21   -0.3705034745   0.008156169157
22   -0.3715708974   0.007849518003
23   -0.3716023041   0.007500539915
24   -0.3707901431   0.007227000044
25   -0.3698725589   0.006992362114
26   -0.3686462609   0.006829050076
27   -0.3682529172   0.006583018399
28   -0.3684345859   0.006346156065
29   -0.3698696393   0.006289322605
30   -0.3720135399   0.006443201849
31   -0.3738525118   0.006497560315
32   -0.3755347831   0.006512271793
33   -0.3773530723   0.006568529172
34   -0.3781304337   0.006419648842
35   -0.3788124905   0.006270735796
36   -0.3799058766   0.006191369651
37   -0.3801233132   0.006025635202
38   -0.3791472206   0.005945592841
39   -0.3768684823   0.006223334945
40   -0.3748049929   0.006407136001
41   -0.3742070458   0.006277453741
42   -0.3737213092   0.006145394141
43   -0.3724056197   0.006143317981
44   -0.3717816238   0.006034422591
45   -0.3716558904   0.005900140126
46   -0.3704233251   0.005900620365
47   -0.3687601611   0.006008481263
48   -0.3670642162   0.006121587417
49   -0.3661889741   0.0060589056
50   -0.3660190344   0.00593892272
51   -0.3655647092   0.00583901068
52   -0.3655257813   0.00572575337
53   -0.3656142126   0.005617377517
54   -0.3664061542   0.005568967644
55   -0.3669242819   0.005491274613
56   -0.3667981584   0.005393799402
57   -0.3666522634   0.005300334688
58   -0.3667696075   0.005209469688
59   -0.3668656874   0.005121313708
60   -0.3667097219   0.005037650001
61   -0.3665105623   0.004958378689
62   -0.3675328903   0.004983732785
63   -0.3672846793   0.004910265384
64   -0.3667407911   0.004863441267
65   -0.367219864   0.00481194195
66   -0.3675797458   0.00475211953
67   -0.3671421841   0.004701062808
68   -0.3665458618   0.004669645821
69   -0.3651488754   0.004808858185
70   -0.3638732682   0.004908316738
71   -0.3630424627   0.004909498445
72   -0.3625659914   0.004864223194
73   -0.3624700806   0.004798085942
74   -0.3627556744   0.004741411848
75   -0.3628856995   0.004679572616
76   -0.3634975471   0.004657948451
77   -0.3640073417   0.004625238284
78   -0.3644166655   0.004583867484
79   -0.3646928553   0.004533891989
80   -0.3655802474   0.004563960652
81   -0.3662105413   0.004551119956
82   -0.3668391615   0.004539016253
83   -0.3670085599   0.004487194502
84   -0.3673060434   0.004443423028
85   -0.3677287039   0.004411131964
86   -0.3685586412   0.004437833652
87   -0.3695775004   0.004503298531
88   -0.3704312376   0.004532952963
89   -0.3719406771   0.004729093474
90   -0.3737019956   0.004996957344
91   -0.3747626109   0.005054275971
92   -0.3759514601   0.005138455651
93   -0.3770937921   0.005209685872
94   -0.3781579007   0.005262669429
95   -0.379158132   0.005302177396
96   -0.3794560722   0.005255108394
97   -0.379809528   0.0052126471
98   -0.3801224278   0.005168662474
99   -0.3809022528   0.005175277806
100   -0.3812735136   0.005136697862
