1   1.184912395   0
2   1.203725504   0.0188131091
3   1.206901906   0.01131667875
4   1.203947437   0.00853009357
5   1.198688239   0.008444919084
6   1.197680561   0.006968490123
7   1.200625897   0.006584877929
8   1.205891659   0.007762004041
9   1.208933024   0.007490661534
10   1.21174213   0.007264921249
11   1.214658344   0.007189380166
12   1.21807937   0.007401086387
13   1.22110124   0.007448535943
14   1.223116371   0.00718440163
15   1.225933528   0.007257404535
16   1.225511505   0.006801785365
17   1.225064062   0.006404813205
18   1.22329311   0.006292848881
19   1.223238101   0.005952693295
20   1.22272965   0.005670063879
21   1.222076908   0.005432663026
22   1.222786828   0.005228263502
23   1.222803966   0.004995808152
24   1.222259458   0.004814015671
25   1.221646305   0.00465797421
26   1.220828152   0.004549408658
27   1.220564391   0.004385609309
28   1.220683127   0.004227746545
29   1.221638973   0.004189845307
30   1.223067005   0.004292290795
31   1.224290679   0.004328106692
32   1.225408848   0.004337283597
33   1.226617219   0.004374021774
34   1.227133114   0.004274669403
35   1.227585988   0.004175372254
36   1.228314527   0.004122615927
37   1.228459858   0.004012278954
38   1.227808587   0.003959198573
39   1.226288934   0.004144965384
40   1.224912538   0.004268040284
41   1.224514278   0.004181648655
42   1.224190988   0.004093656847
43   1.223314228   0.00409234548
44   1.222898286   0.004019833195
45   1.222814253   0.003930386743
46   1.221993146   0.003930713247
47   1.220885345   0.004002532048
48   1.219754889   0.004078073471
49   1.219171631   0.004036343553
50   1.219059361   0.003956386108
51   1.218757365   0.003889775016
52   1.218731792   0.00381432394
53   1.218790075   0.003742117392
54   1.219316456   0.003709699952
55   1.219660067   0.003657801299
56   1.219574696   0.003592903954
57   1.219476921   0.003530661814
58   1.21955496   0.00347013191
59   1.219619087   0.003411411834
60   1.219514934   0.003355689828
61   1.219382375   0.003302881241
62   1.22006357   0.003319811455
63   1.219896939   0.003270938162
64   1.219532712   0.003239961806
65   1.219850584   0.00320552641
66   1.22008898   0.003165573639
67   1.219795911   0.003131711306
68   1.219397672   0.003110908459
69   1.218466563   0.003203778932
70   1.217616465   0.003270107689
71   1.217062412   0.00327098615
72   1.216744715   0.003240845224
73   1.216680802   0.003196780724
74   1.216870994   0.003159015591
75   1.216957906   0.003117822382
76   1.217365618   0.003103423075
77   1.217704838   0.003081581287
78   1.217977123   0.003053979626
79   1.21816053   0.003020647016
80   1.218751614   0.003040654622
81   1.219171537   0.003032099968
82   1.219590948   0.00302411979
83   1.219704036   0.00298960209
84   1.219902311   0.002960444367
85   1.220184995   0.002939034505
86   1.220739291   0.002957073924
87   1.221419345   0.003000956739
88   1.221988932   0.003020843501
89   1.222995483   0.00315175694
90   1.224169621   0.003330379386
91   1.224876464   0.003368573202
92   1.225668649   0.003424640588
93   1.226429208   0.003471943925
94   1.227137504   0.003507078744
95   1.22780367   0.003533332554
96   1.228002341   0.003501973288
97   1.228238422   0.003473714007
98   1.228447064   0.003444410182
99   1.228967   0.003448857523
100   1.22921461   0.003423161819
