0 14.7023 0
1000 15.0594 0.357154
2000 14.9576 0.229959
3000 14.7461 0.26683
4000 14.8699 0.240943
5000 15.0087 0.240773
6000 15.0812 0.216022
7000 15.0531 0.189176
8000 15.065 0.16726
9000 14.9777 0.173237
10000 14.9346 0.162505
11000 14.9144 0.149713
12000 14.9104 0.137776
13000 14.8554 0.138887
14000 14.8744 0.130679
15000 14.9441 0.140723
16000 15.0634 0.17804
17000 15.0702 0.167999
18000 15.0201 0.16663
19000 14.9953 0.160006
20000 15.0371 0.157827
21000 15.0333 0.150533
22000 15.0485 0.14465
23000 15.0171 0.142013
24000 15.0533 0.14093
25000 15.0134 0.141139
26000 14.9746 0.141249
27000 15.0136 0.141593
28000 15.0501 0.141396
29000 15.0187 0.14016
30000 15.0105 0.135808
31000 15.0275 0.132588
32000 15.0461 0.12985
33000 15.0452 0.125976
34000 15.0221 0.124486
35000 15.0119 0.121411
36000 14.9999 0.118688
37000 14.9917 0.115815
38000 14.9938 0.112826
39000 14.9565 0.116117
40000 14.9816 0.116004
41000 14.9517 0.117099
42000 14.9516 0.114343
43000 14.9388 0.112443
44000 14.9207 0.1114
45000 14.9373 0.110212
46000 14.9354 0.107858
47000 14.9296 0.105748
48000 14.9395 0.104042
49000 14.9594 0.103868
50000 14.9621 0.101846
51000 14.9622 0.0998684
52000 14.947 0.0991276
53000 14.9249 0.0997582
54000 14.9317 0.0981612
55000 14.9375 0.0965678
56000 14.9409 0.0949201
57000 14.9375 0.0933315
58000 14.9363 0.0917444
59000 14.9198 0.0916912
60000 14.9213 0.0901885
61000 14.917 0.0888262
62000 14.9103 0.0876634
63000 14.923 0.0872154
64000 14.9175 0.0860376
65000 14.9225 0.084868
66000 14.9185 0.0836867
67000 14.9118 0.0827193
68000 14.9129 0.0815187
69000 14.9153 0.0803817
70000 14.9184 0.079304
71000 14.9193 0.0781995
72000 14.9362 0.0789621
73000 14.9388 0.0779294
74000 14.9296 0.0774277
75000 14.9386 0.0769271
76000 14.9612 0.0792255
77000 14.961 0.0782034
78000 14.9589 0.0772384
79000 14.9456 0.0774077
80000 14.9467 0.0764539
81000 14.944 0.0755632
82000 14.9427 0.0746589
83000 14.9459 0.073834
84000 14.9429 0.073023
85000 14.9437 0.0721737
86000 14.9517 0.0717815
87000 14.9518 0.0709612
88000 14.9547 0.0702211
89000 14.9517 0.0695012
90000 14.9428 0.0693103
91000 14.9294 0.0698392
92000 14.9295 0.0690842
93000 14.9232 0.0686312
94000 14.9368 0.0692436
95000 14.938 0.068529
96000 14.9284 0.0684835
97000 14.9308 0.0678223
98000 14.918 0.0683493
99000 14.9245 0.0679725
