0 5.13056 0
1000 5.27205 0.141498
2000 5.29618 0.0851831
3000 5.35865 0.0867776
4000 5.31679 0.0791903
5000 5.33853 0.0682167
6000 5.29107 0.0746772
7000 5.31189 0.0679419
8000 5.30129 0.0608496
9000 5.32956 0.0613328
10000 5.33141 0.0555082
11000 5.34849 0.0534722
12000 5.37773 0.0572237
13000 5.38449 0.0534087
14000 5.36562 0.0531832
15000 5.35992 0.0500736
16000 5.34187 0.0503795
17000 5.35678 0.0497826
18000 5.36897 0.0486438
19000 5.37899 0.047221
20000 5.36676 0.0465508
21000 5.38932 0.0497878
22000 5.37881 0.04872
23000 5.38483 0.0470329
24000 5.36533 0.0491481
25000 5.37656 0.0485371
26000 5.38936 0.048429
27000 5.38319 0.0470748
28000 5.37377 0.0463875
29000 5.39156 0.0482154
30000 5.38494 0.0471012
31000 5.38438 0.045609
32000 5.38207 0.0442658
33000 5.39224 0.0441322
34000 5.38625 0.0432686
35000 5.39086 0.0423015
36000 5.38844 0.0412134
37000 5.39373 0.0404612
38000 5.40143 0.0401555
39000 5.41794 0.0424764
40000 5.40544 0.0432698
41000 5.41532 0.0433671
42000 5.41192 0.042483
43000 5.41385 0.0415511
44000 5.42336 0.0417151
45000 5.42479 0.0408232
46000 5.42462 0.0399456
47000 5.4284 0.0392861
48000 5.42395 0.0387323
49000 5.42007 0.0381472
50000 5.42135 0.0374137
51000 5.41876 0.0367783
52000 5.41686 0.0361278
53000 5.41712 0.0354534
54000 5.41999 0.0349211
55000 5.41744 0.0343866
56000 5.42164 0.0340383
57000 5.42096 0.0334532
58000 5.42212 0.0329018
59000 5.42901 0.0330746
60000 5.42561 0.0327048
61000 5.42198 0.0323773
62000 5.42927 0.0326834
63000 5.42021 0.0334202
64000 5.42614 0.0334319
65000 5.42337 0.033038
66000 5.42678 0.0327196
67000 5.42904 0.0323137
68000 5.42874 0.0318433
69000 5.4252 0.0315846
70000 5.41883 0.0317814
71000 5.41687 0.0313978
72000 5.42101 0.0312395
73000 5.42303 0.030881
74000 5.43098 0.031485
75000 5.4287 0.0311512
76000 5.42874 0.030744
77000 5.43066 0.0304077
78000 5.43428 0.030238
79000 5.43858 0.0301648
80000 5.44484 0.0304417
81000 5.44538 0.0300729
82000 5.44065 0.030082
83000 5.44009 0.0297269
84000 5.43998 0.0293753
85000 5.43504 0.0294496
86000 5.43088 0.0294052
87000 5.42877 0.0291454
88000 5.43473 0.0294257
89000 5.43585 0.0291184
90000 5.44271 0.0296022
91000 5.449 0.0299468
92000 5.44364 0.0301029
93000 5.44371 0.029781
94000 5.44145 0.0295521
95000 5.44117 0.029244
96000 5.44566 0.0292868
97000 5.44098 0.0293613
98000 5.44071 0.0290645
99000 5.4385 0.0288574
