1000 3.16623 0
2000 3.00491 0.161313
3000 3.03955 0.0993642
4000 3.04108 0.0702778
5000 3.0595 0.0574676
6000 3.06771 0.0476364
7000 3.09658 0.0495373
8000 3.0971 0.0429037
9000 3.13945 0.0567916
10000 3.1607 0.0550617
11000 3.14746 0.0515347
12000 3.14559 0.0470818
13000 3.12822 0.0466646
14000 3.13706 0.0440989
15000 3.12943 0.0417561
16000 3.13876 0.0401578
17000 3.137 0.0377628
18000 3.14638 0.0368172
19000 3.14398 0.0349082
20000 3.14142 0.0332156
21000 3.15144 0.0331469
22000 3.15805 0.0322866
23000 3.1584 0.030853
24000 3.15243 0.0301371
25000 3.15004 0.0290048
26000 3.15003 0.0278669
27000 3.14588 0.0271342
28000 3.14427 0.0261968
29000 3.14277 0.0253217
30000 3.14327 0.0244683
31000 3.13817 0.0242098
32000 3.13315 0.0239716
33000 3.13756 0.0236487
34000 3.13509 0.0230757
35000 3.13188 0.0226357
36000 3.13401 0.0221008
37000 3.13333 0.021506
38000 3.13835 0.021526
39000 3.14455 0.0218653
40000 3.14406 0.0213172
41000 3.14691 0.0209851
42000 3.15113 0.0209094
43000 3.1509 0.0204186
44000 3.14904 0.0200357
45000 3.14379 0.0202778
46000 3.14852 0.0203882
47000 3.15186 0.0202284
48000 3.14778 0.0202199
49000 3.14553 0.0199294
50000 3.14545 0.0195269
51000 3.14913 0.0194915
52000 3.14612 0.0193488
53000 3.14437 0.0190606
54000 3.14493 0.0187127
55000 3.14384 0.0184018
56000 3.14195 0.0181688
57000 3.13946 0.0180202
58000 3.13617 0.0180105
59000 3.13226 0.018129
60000 3.13325 0.0178516
61000 3.13714 0.0179832
62000 3.13655 0.0177005
63000 3.13523 0.0174671
64000 3.13371 0.0172591
65000 3.13553 0.0170887
66000 3.13382 0.0169145
67000 3.13406 0.0166618
68000 3.13357 0.0164222
69000 3.13368 0.0161828
70000 3.13368 0.01595
71000 3.13299 0.0157388
72000 3.13276 0.0155202
73000 3.13345 0.0153216
74000 3.13125 0.0152732
75000 3.13073 0.0150769
76000 3.13024 0.0148855
77000 3.13027 0.014691
78000 3.13084 0.0145126
79000 3.13118 0.0143318
80000 3.13173 0.0141619
81000 3.13164 0.0139862
82000 3.133 0.0138815
83000 3.13281 0.0137146
84000 3.13215 0.0135666
85000 3.13335 0.0134601
86000 3.13189 0.0133829
87000 3.132 0.0132286
88000 3.13119 0.0131021
89000 3.13235 0.013006
90000 3.13358 0.0129195
91000 3.13322 0.0127818
92000 3.13622 0.0129929
93000 3.13601 0.0128541
94000 3.13734 0.0127858
95000 3.14 0.0129267
96000 3.14154 0.0128835
97000 3.14087 0.0127673
98000 3.14274 0.012774
99000 3.14323 0.0126539
100000 3.1418 0.0126083
