10000 5.31923 0
20000 5.09346 0.225767
30000 5.12317 0.133689
40000 5.0778 0.104855
50000 5.07509 0.0812653
60000 5.07255 0.0664014
70000 5.03933 0.0652137
80000 5.05107 0.0576833
90000 5.04302 0.0515036
100000 5.0365 0.0465266
110000 5.03576 0.0420913
120000 5.04131 0.0388226
130000 5.03314 0.0366338
140000 5.0243 0.0350497
150000 5.01406 0.0341975
160000 5.01365 0.0319914
170000 5.00595 0.0310214
180000 5.00452 0.0292825
190000 4.9999 0.0280803
200000 5.00497 0.0271165
210000 5.00838 0.0260175
220000 5.01634 0.0260524
230000 5.01108 0.025443
240000 5.01765 0.0252311
250000 5.01625 0.0242417
260000 5.01824 0.0233758
270000 5.01756 0.0225037
280000 5.02035 0.0218638
290000 5.02295 0.0212559
300000 5.01983 0.02077
310000 5.01984 0.0200889
320000 5.01975 0.0194512
330000 5.02048 0.018867
340000 5.0217 0.0183441
350000 5.02156 0.0178128
360000 5.02126 0.0173135
370000 5.02355 0.0169939
380000 5.0188 0.0172084
390000 5.0202 0.0168198
400000 5.01699 0.0167067
410000 5.01711 0.0162946
420000 5.01691 0.0159032
430000 5.01879 0.0156426
440000 5.01925 0.0152898
450000 5.0184 0.0149706
460000 5.01605 0.0148276
470000 5.01663 0.01452
480000 5.01657 0.0142144
490000 5.01555 0.0139584
500000 5.01699 0.0137519
510000 5.01624 0.0135004
520000 5.01639 0.013239
530000 5.0163 0.0129872
540000 5.01355 0.0130377
550000 5.0134 0.0127992
560000 5.01709 0.0130981
570000 5.01653 0.0128782
580000 5.01806 0.0127454
590000 5.02027 0.0127212
600000 5.02257 0.0127167
610000 5.02109 0.0125933
620000 5.02063 0.012397
630000 5.02014 0.0122085
640000 5.01857 0.0121182
650000 5.01836 0.0119323
660000 5.01763 0.0117727
670000 5.01413 0.0121112
680000 5.01545 0.0120042
690000 5.01454 0.0118634
700000 5.01259 0.0118554
710000 5.011 0.0117945
720000 5.0074 0.0121727
730000 5.00797 0.012018
740000 5.00664 0.0119283
750000 5.0059 0.0117916
760000 5.0029 0.0120151
770000 5.00149 0.0119421
780000 5.00229 0.0118151
790000 5.0045 0.0118716
800000 5.00458 0.0117226
810000 5.00373 0.0116085
820000 5.00585 0.0116607
830000 5.00512 0.0115423
840000 5.00512 0.0114041
850000 5.00636 0.0113369
860000 5.00688 0.0112164
870000 5.00689 0.0110868
880000 5.00446 0.0112262
890000 5.0039 0.0111133
900000 5.00475 0.0110217
910000 5.00458 0.0109013
920000 5.0045 0.0107825
930000 5.006 0.0107703
940000 5.00503 0.0106988
950000 5.00398 0.0106371
960000 5.0026 0.0106165
970000 5.00299 0.0105139
980000 5.00286 0.010407
990000 5.00377 0.0103412
1000000 5.00411 0.0102429
