10000 1.58658 0
20000 1.52511 0.0614712
30000 1.53728 0.0375186
40000 1.5215 0.0308668
50000 1.53146 0.0259009
60000 1.53503 0.0214476
70000 1.52795 0.0194626
80000 1.53074 0.0170854
90000 1.51764 0.0199706
100000 1.51494 0.0180642
110000 1.51636 0.0164006
120000 1.51397 0.0151603
130000 1.50803 0.0151585
140000 1.50685 0.0140837
150000 1.50322 0.0136046
160000 1.50022 0.0130751
170000 1.49878 0.012365
180000 1.49896 0.0116592
190000 1.49883 0.0110293
200000 1.49666 0.0106847
210000 1.49787 0.0102343
220000 1.49995 0.00997784
230000 1.49808 0.00971643
240000 1.50029 0.00956225
250000 1.49946 0.00920947
260000 1.50018 0.0088778
270000 1.50092 0.00857445
280000 1.50363 0.00869737
290000 1.50539 0.00857399
300000 1.50473 0.00830947
310000 1.50353 0.00812588
320000 1.5054 0.00808691
330000 1.50612 0.00787072
340000 1.50507 0.00770765
350000 1.50503 0.00748428
360000 1.50607 0.0073471
370000 1.50553 0.00716612
380000 1.50399 0.0071435
390000 1.50543 0.00710496
400000 1.50445 0.00699392
410000 1.50406 0.00683217
420000 1.50366 0.00667948
430000 1.5032 0.0065384
440000 1.50267 0.00641045
450000 1.50264 0.00626642
460000 1.50218 0.0061461
470000 1.50268 0.00603451
480000 1.5025 0.00591001
490000 1.50352 0.00587685
500000 1.50254 0.00584142
510000 1.50236 0.00572844
520000 1.50178 0.00564753
530000 1.50168 0.00554087
540000 1.50103 0.00547572
550000 1.50025 0.00543164
560000 1.50066 0.00534941
570000 1.50057 0.00525541
580000 1.50083 0.00517055
590000 1.50106 0.0050873
600000 1.50157 0.00502715
610000 1.5012 0.00495769
620000 1.50214 0.00496729
630000 1.50288 0.0049435
640000 1.50242 0.00488722
650000 1.5016 0.00488048
660000 1.50007 0.00504628
670000 1.49915 0.00505443
680000 1.49993 0.00504078
690000 1.5005 0.00499977
700000 1.50033 0.00493072
710000 1.49908 0.00501965
720000 1.49792 0.00508306
730000 1.49815 0.00501804
740000 1.49745 0.00499901
750000 1.4975 0.00493224
760000 1.49683 0.00491322
770000 1.49664 0.00485295
780000 1.49671 0.00479085
790000 1.49635 0.00474308
800000 1.49649 0.00468539
810000 1.49609 0.00464465
820000 1.49633 0.00459437
830000 1.49596 0.00455379
840000 1.49623 0.00450699
850000 1.49657 0.00446726
860000 1.4968 0.00442089
870000 1.4971 0.00437994
880000 1.49667 0.00435133
890000 1.49697 0.00431262
900000 1.49718 0.00426945
910000 1.49744 0.00423071
920000 1.49742 0.00418457
930000 1.49809 0.00419431
940000 1.49742 0.00420424
950000 1.49689 0.00419268
960000 1.49655 0.00416308
970000 1.49659 0.00412018
980000 1.49658 0.00407793
990000 1.49674 0.00403973
1000000 1.49655 0.0040036
