10000 1.50142 0
20000 1.50297 0.00155536
30000 1.51356 0.0106229
40000 1.51699 0.00825774
50000 1.52611 0.0111388
60000 1.51549 0.0139812
70000 1.50132 0.0184512
80000 1.50197 0.0159925
90000 1.50284 0.0141311
100000 1.49989 0.0129785
110000 1.50201 0.0119281
120000 1.50295 0.0109297
130000 1.50177 0.0101231
140000 1.50057 0.00944887
150000 1.50254 0.00901402
160000 1.50145 0.00850112
170000 1.4987 0.00844766
180000 1.49445 0.00902749
190000 1.49604 0.00868705
200000 1.49589 0.00824262
210000 1.49744 0.0079921
220000 1.49352 0.00856938
230000 1.49188 0.00835222
240000 1.49208 0.00799922
250000 1.49513 0.00825618
260000 1.49721 0.00819947
270000 1.49795 0.00792526
280000 1.49812 0.00763879
290000 1.49713 0.0074369
300000 1.49894 0.0074094
310000 1.49934 0.00717759
320000 1.4994 0.00694988
330000 1.50051 0.00682711
340000 1.49909 0.0067734
350000 1.49874 0.00658618
360000 1.49921 0.00641804
370000 1.49952 0.00624985
380000 1.50115 0.00629802
390000 1.50098 0.00613689
400000 1.49987 0.0060835
410000 1.49947 0.00594685
420000 1.50045 0.00588569
430000 1.50035 0.00574811
440000 1.50068 0.00562568
450000 1.50127 0.00553109
460000 1.5009 0.00542198
470000 1.50052 0.0053188
480000 1.4991 0.00539938
490000 1.49922 0.00528948
500000 1.49887 0.00519454
510000 1.49954 0.00513594
520000 1.49923 0.00504553
530000 1.49812 0.00507195
540000 1.49913 0.00507701
550000 1.49843 0.00503275
560000 1.49847 0.00494229
570000 1.50037 0.00521035
580000 1.49937 0.00521566
590000 1.49846 0.00520752
600000 1.49752 0.00520389
610000 1.49789 0.00513053
620000 1.49936 0.00525857
630000 1.49919 0.00517711
640000 1.50037 0.00523016
650000 1.49997 0.00516499
660000 1.50024 0.00509357
670000 1.50103 0.00507755
680000 1.50056 0.00502413
690000 1.49998 0.00498394
700000 1.50059 0.00494948
710000 1.50118 0.00491457
720000 1.50092 0.0048526
730000 1.50191 0.00488706
740000 1.50223 0.0048308
750000 1.50183 0.00478266
760000 1.50157 0.00472608
770000 1.50073 0.00474075
780000 1.50177 0.00479528
790000 1.5022 0.00475299
800000 1.50201 0.00469696
810000 1.50235 0.00465136
820000 1.50268 0.00460575
830000 1.50272 0.00455015
840000 1.50154 0.00464732
850000 1.50123 0.00460286
860000 1.50137 0.00455097
870000 1.50196 0.00453705
880000 1.50208 0.00448677
890000 1.50217 0.00443708
900000 1.50217 0.0043875
910000 1.50159 0.00437772
920000 1.50184 0.00433694
930000 1.50161 0.00429612
940000 1.5012 0.0042701
950000 1.50066 0.00425991
960000 1.49966 0.00433146
970000 1.49935 0.00429785
980000 1.4995 0.00425633
990000 1.49936 0.00421528
1000000 1.49993 0.00421126
