10000 5.02247 0
20000 5.05867 0.0361922
30000 5.13492 0.0790616
40000 5.07511 0.0818649
50000 5.09456 0.0663278
60000 5.08672 0.0547207
70000 5.07156 0.0486705
80000 5.06958 0.0421961
90000 5.04545 0.0443571
100000 5.04119 0.0399023
110000 5.05125 0.03747
120000 5.03794 0.0367031
130000 5.03345 0.0340589
140000 5.02289 0.0332542
150000 5.01512 0.0319175
160000 5.01759 0.0299573
170000 5.0141 0.0283546
180000 5.01162 0.0268478
190000 5.02072 0.0269756
200000 5.02054 0.0255919
210000 5.02217 0.0243976
220000 5.01776 0.0236779
230000 5.01512 0.022778
240000 5.01676 0.0218693
250000 5.01755 0.0209912
260000 5.01699 0.0201755
270000 5.0154 0.0194786
280000 5.01255 0.0189857
290000 5.01176 0.0183364
300000 5.01721 0.0185338
310000 5.01272 0.0184777
320000 5.01646 0.0182762
330000 5.01764 0.0177534
340000 5.01816 0.017231
350000 5.0161 0.0168582
360000 5.02091 0.017077
370000 5.01812 0.0168429
380000 5.02172 0.0167853
390000 5.02248 0.0163668
400000 5.02111 0.0160108
410000 5.02285 0.0157113
420000 5.02214 0.0153491
430000 5.01988 0.0151563
440000 5.01564 0.0154034
450000 5.01414 0.0151315
460000 5.01486 0.0148161
470000 5.01242 0.0147013
480000 5.01075 0.0144888
490000 5.0064 0.0148396
500000 5.00356 0.0148142
510000 5.00491 0.0145826
520000 5.00055 0.014948
530000 5.00039 0.0146641
540000 5.00097 0.0144017
550000 5.00011 0.0141637
560000 5.00051 0.0139142
570000 5.00348 0.0139867
580000 5.00203 0.0138196
590000 4.99893 0.0139333
600000 4.99789 0.0137382
610000 4.99698 0.0135418
620000 4.99727 0.0133247
630000 4.99715 0.0131121
640000 5.00308 0.0142037
650000 5.00051 0.0142175
660000 5.00136 0.0140258
670000 5.00345 0.0139719
680000 5.0033 0.0137657
690000 5.00067 0.0138168
700000 5.00198 0.0136807
710000 5.00333 0.0135541
720000 5.00301 0.0133683
730000 5.00329 0.0131869
740000 5.00384 0.0130193
750000 5.00221 0.0129487
760000 5.00039 0.0129052
770000 4.99929 0.0127841
780000 5.00196 0.0128991
790000 5.00232 0.0127396
800000 5.0021 0.0125811
810000 5.0028 0.0124444
820000 5.00611 0.0127289
830000 5.00818 0.0127443
840000 5.0065 0.0127037
850000 5.00607 0.0125606
860000 5.00536 0.0124338
870000 5.00501 0.0122952
880000 5.00432 0.0121738
890000 5.00305 0.0121031
900000 5.00291 0.0119687
910000 5.00286 0.0118366
920000 5.00253 0.0117121
930000 5.00271 0.0115869
940000 5.00194 0.0114888
950000 5.00286 0.0114042
960000 5.00201 0.0113161
970000 5.00254 0.0112111
980000 5.00325 0.0111192
990000 5.00257 0.0110278
1000000 5.0023 0.0109201
