-2.00662 -0.0503006 -0.706193
-2.18608 -1.19161 -0.470503
-2.60054 -1.78128 -0.593541
-2.60054 -1.78128 -0.593541
-2.56099 -2.52061 -1.5145
-2.56099 -2.52061 -1.5145
-2.31235 -1.587 -1.67851
-0.936568 -1.50438 -1.37715
0.646651 -0.120878 -0.99258
0.646651 -0.120878 -0.99258
0.646651 -0.120878 -0.99258
0.988421 -0.0940451 -1.00367
0.988421 -0.0940451 -1.00367
0.988421 -0.0940451 -1.00367
0.988421 -0.0940451 -1.00367
1.11386 -0.0390893 -1.11164
1.11386 -0.0390893 -1.11164
0.116727 1.2058 -0.871282
0.116727 1.2058 -0.871282
-0.0909221 -0.103653 0.671839
-0.128423 -0.830672 -0.188846
0.418296 -0.427885 0.240924
0.418296 -0.427885 0.240924
0.448271 -1.25784 -0.764
0.448271 -1.25784 -0.764
0.448271 -1.25784 -0.764
0.586133 -0.525959 0.044243
0.586133 -0.525959 0.044243
0.586133 -0.525959 0.044243
0.773042 -0.615095 0.0972915
0.957609 -1.50949 -0.636679
1.76849 -1.56265 -0.487494
1.99099 -1.6845 -0.696212
2.46065 -1.83712 -0.688385
2.46065 -1.83712 -0.688385
2.46065 -1.83712 -0.688385
1.79801 -2.04268 -1.38054
0.951941 -2.28862 -0.9326
0.0981747 -2.71541 -1.12544
0.461123 -2.61377 -1.67229
0.461123 -2.61377 -1.67229
0.461123 -2.61377 -1.67229
-0.838678 -2.67066 -1.76906
0.13937 -1.54139 -1.71133
-0.451052 -1.30129 -2.27869
0.438682 -1.86247 -1.77271
0.922604 -1.12245 -2.55371
1.11741 0.0390399 -2.14959
1.11132 -1.33891 -2.2114
1.11132 -1.33891 -2.2114
1.64981 -0.778638 -1.93357
2.11831 -0.98375 -0.96112
1.41269 -1.22967 -0.475651
1.41269 -1.22967 -0.475651
1.41269 -1.22967 -0.475651
0.175548 -1.29473 -1.26258
0.175548 -1.29473 -1.26258
0.309534 -0.185332 -1.08896
0.309534 -0.185332 -1.08896
-0.0744524 -0.852931 -0.79329
-0.0744524 -0.852931 -0.79329
0.161919 -0.650387 -1.59557
-0.065622 -0.422259 -1.56505
-0.065622 -0.422259 -1.56505
-0.952153 -0.178057 -0.980458
-0.952153 -0.178057 -0.980458
-1.69768 0.167054 -1.15015
-1.0748 -1.52657 -1.75342
-1.16966 -2.37889 -2.82506
-1.16966 -2.37889 -2.82506
-1.16966 -2.37889 -2.82506
-1.02287 -2.58089 -2.65353
-1.02287 -2.58089 -2.65353
-0.511994 -1.97853 -2.44304
-0.511994 -1.97853 -2.44304
-0.511994 -1.97853 -2.44304
-0.117941 -2.34603 -1.27277
0.201697 -2.24335 -0.798744
0.046761 -1.76918 0.160519
1.05584 -1.53769 0.252057
1.05584 -1.53769 0.252057
0.261269 -1.21987 0.140323
0.261269 -1.21987 0.140323
-0.208083 -1.56907 0.251597
-0.208083 -1.56907 0.251597
-0.208083 -1.56907 0.251597
-0.467215 -2.01748 0.0894432
-1.25883 -1.49216 1.28729
-1.25883 -1.49216 1.28729
-1.25883 -1.49216 1.28729
-1.94813 -0.298104 0.612834
-1.18943 0.0728506 0.916274
-1.18943 0.0728506 0.916274
-1.18943 0.0728506 0.916274
0.252643 0.535908 0.627476
0.252643 0.535908 0.627476
0.252643 0.535908 0.627476
0.252643 0.535908 0.627476
0.519194 -0.0669339 0.59025
0.519194 -0.0669339 0.59025
0.519194 -0.0669339 0.59025
0.213972 0.117425 1.1447
0.262858 1.34307 1.08164
0.550308 0.825985 1.18261
0.550308 0.825985 1.18261
0.550308 0.825985 1.18261
0.575697 0.606385 0.116575
1.06174 0.347249 -0.00889393
0.340759 -0.422727 0.80726
0.622327 -0.153285 -0.150405
0.622327 -0.153285 -0.150405
0.622327 -0.153285 -0.150405
0.831448 -0.572571 -0.484754
0.831448 -0.572571 -0.484754
0.831448 -0.572571 -0.484754
0.831448 -0.572571 -0.484754
0.831448 -0.572571 -0.484754
0.619841 -0.963807 -1.07178
0.619841 -0.963807 -1.07178
0.824218 0.0415239 -0.767413
0.824218 0.0415239 -0.767413
0.824218 0.0415239 -0.767413
0.824218 0.0415239 -0.767413
0.0643999 -0.93304 -1.33909
0.0643999 -0.93304 -1.33909
-0.267606 -0.541911 -0.771136
-1.51114 -0.845621 -1.3526
-1.30519 -1.00337 0.3992
-1.30519 -1.00337 0.3992
-1.19775 -0.57382 0.819713
-1.19775 -0.57382 0.819713
-1.19775 -0.57382 0.819713
-0.378654 -0.892755 -1.0832
-0.378654 -0.892755 -1.0832
-0.378654 -0.892755 -1.0832
0.0387766 -0.569045 -0.00730395
0.0387766 -0.569045 -0.00730395
0.0387766 -0.569045 -0.00730395
0.0387766 -0.569045 -0.00730395
0.0387766 -0.569045 -0.00730395
0.0387766 -0.569045 -0.00730395
0.0387766 -0.569045 -0.00730395
0.0387766 -0.569045 -0.00730395
0.0387766 -0.569045 -0.00730395
0.546326 0.0577075 0.27096
0.820663 -0.328198 0.357125
0.820663 -0.328198 0.357125
1.13486 0.388874 0.317769
1.13486 0.388874 0.317769
1.13486 0.388874 0.317769
1.13486 0.388874 0.317769
1.13486 0.388874 0.317769
1.43204 0.629702 0.311347
1.67871 0.828758 -0.671505
0.875118 0.00438316 -0.393389
0.875118 0.00438316 -0.393389
0.875118 0.00438316 -0.393389
0.589352 0.12193 0.215032
0.589352 0.12193 0.215032
0.589352 0.12193 0.215032
0.589352 0.12193 0.215032
0.589352 0.12193 0.215032
0.589352 0.12193 0.215032
0.589352 0.12193 0.215032
0.589352 0.12193 0.215032
0.589352 0.12193 0.215032
-0.212061 1.24499 0.00735937
-0.212061 1.24499 0.00735937
0.998865 1.14919 1.30845
0.998865 1.14919 1.30845
1.77609 -0.159743 0.118864
1.77609 -0.159743 0.118864
0.155442 -1.24217 -0.0655973
-0.308688 -1.25131 -0.337246
-0.308688 -1.25131 -0.337246
-0.308688 -1.25131 -0.337246
-0.306338 0.207483 -1.50327
-0.154175 1.42936 -0.974011
-0.154175 1.42936 -0.974011
-1.06071 2.1004 -1.88464
-0.31355 1.33315 -0.561587
-0.31355 1.33315 -0.561587
-0.31355 1.33315 -0.561587
-0.31355 1.33315 -0.561587
-0.128384 1.17314 -0.0501905
0.300511 -0.904852 0.705106
0.782419 -1.02759 1.55896
0.666289 -0.841218 1.81801
0.666289 -0.841218 1.81801
0.666289 -0.841218 1.81801
1.45913 -0.71909 1.22104
0.170126 -0.214026 0.427047
0.170126 -0.214026 0.427047
-0.770315 -0.694049 -0.197892
-0.770315 -0.694049 -0.197892
0.0175364 -0.23217 -0.507032
0.200393 -1.40768 0.397803
0.200393 -1.40768 0.397803
-0.551802 -0.510906 -0.00648565
0.138681 -0.763482 0.205325
-1.05834 -1.36292 0.947842
-0.695946 -2.38441 1.04976
-1.99426 -2.02802 0.926776
-2.24905 -1.51062 1.76861
-1.7654 -1.42326 0.594075
-1.25873 -2.15157 -0.163243
-1.25873 -2.15157 -0.163243
-1.12827 -2.14174 0.541191
-1.12827 -2.14174 0.541191
-0.822885 -1.08263 0.945127
-0.822885 -1.08263 0.945127
0.519842 -0.80976 0.683331
0.709099 -0.243136 1.90815
0.0673306 0.712037 0.791677
-0.544073 0.538083 0.346081
-0.544073 0.538083 0.346081
-0.431232 -0.0603782 1.71782
-0.244988 -1.42922 1.23416
-0.244988 -1.42922 1.23416
-1.65097 -2.29566 1.68981
-1.14521 -1.57445 0.755791
-1.14521 -1.57445 0.755791
0.059872 0.822531 1.92138
0.325042 2.13487 1.27739
0.325042 2.13487 1.27739
0.130561 1.59671 1.36293
0.130561 1.59671 1.36293
0.130561 1.59671 1.36293
0.130561 1.59671 1.36293
-0.657519 1.13484 0.401494
-0.657519 1.13484 0.401494
0.070734 1.16422 0.756516
-0.115091 0.678822 0.662637
-0.115091 0.678822 0.662637
-0.115091 0.678822 0.662637
-0.115091 0.678822 0.662637
-0.175672 0.909235 0.584048
-0.530642 1.02779 0.677049
-0.530642 1.02779 0.677049
-0.530642 1.02779 0.677049
0.202005 0.777633 -0.547169
-0.137113 0.618182 -0.637013
-0.137113 0.618182 -0.637013
-0.137113 0.618182 -0.637013
-0.204577 0.349858 -0.207792
0.588419 -0.0820324 0.13502
0.175292 -0.305062 0.182717
0.175292 -0.305062 0.182717
0.175292 -0.305062 0.182717
0.175292 -0.305062 0.182717
0.175292 -0.305062 0.182717
0.175292 -0.305062 0.182717
0.175292 -0.305062 0.182717
0.175292 -0.305062 0.182717
-0.139394 0.421964 -0.671343
-0.139394 0.421964 -0.671343
0.260059 0.691164 -0.616543
0.718601 0.0386369 -0.657992
1.10885 -0.438477 0.652736
1.10885 -0.438477 0.652736
1.10885 -0.438477 0.652736
1.10885 -0.438477 0.652736
1.17007 -0.624561 -0.198165
1.17007 -0.624561 -0.198165
1.17007 -0.624561 -0.198165
1.17007 -0.624561 -0.198165
1.17007 -0.624561 -0.198165
1.17007 -0.624561 -0.198165
1.17007 -0.624561 -0.198165
1.17007 -0.624561 -0.198165
0.558974 -0.959259 -0.980599
-0.67896 0.042312 0.534349
-0.67896 0.042312 0.534349
-0.641545 0.039481 -0.513264
-0.641545 0.039481 -0.513264
-0.641545 0.039481 -0.513264
0.119595 0.0536682 -1.06368
0.119595 0.0536682 -1.06368
0.119595 0.0536682 -1.06368
-1.27054 -0.171543 -0.359721
-1.27054 -0.171543 -0.359721
-1.08634 0.644871 -0.248428
-0.486886 -0.805185 0.415058
-0.486886 -0.805185 0.415058
-0.779704 -0.49665 -0.394781
-0.532475 -0.248923 -0.711297
-0.532475 -0.248923 -0.711297
-0.599856 0.185993 -0.108944
-0.599856 0.185993 -0.108944
-0.599856 0.185993 -0.108944
-0.599856 0.185993 -0.108944
-0.658891 0.510178 -0.205028
-0.658891 0.510178 -0.205028
-0.658891 0.510178 -0.205028
-0.658891 0.510178 -0.205028
0.0145445 0.329062 0.255794
0.0145445 0.329062 0.255794
0.0145445 0.329062 0.255794
-0.482748 0.771081 0.0760147
-0.482748 0.771081 0.0760147
-0.482748 0.771081 0.0760147
-0.363991 0.640367 -0.152523
0.408762 -0.195788 0.0514882
0.408762 -0.195788 0.0514882
0.408762 -0.195788 0.0514882
1.48359 0.220396 1.44443
2.00717 0.794197 2.12582
1.4582 1.79059 0.591814
1.4582 1.79059 0.591814
1.4582 1.79059 0.591814
0.807007 1.60141 0.434998
0.807007 1.60141 0.434998
0.807007 1.60141 0.434998
-0.279236 1.85614 -0.410409
-0.279236 1.85614 -0.410409
-0.640566 1.28557 -0.637278
-0.702997 0.806758 0.283996
-0.702997 0.806758 0.283996
-0.702997 0.806758 0.283996
0.135804 0.731465 1.24956
0.125981 0.700726 -0.193283
0.098296 0.453324 -0.834764
0.098296 0.453324 -0.834764
0.098296 0.453324 -0.834764
0.440334 0.0106012 -0.375773
0.331063 0.477014 0.00621036
0.331063 0.477014 0.00621036
1.04007 0.950279 -0.570706
1.07233 -0.214053 -1.37604
0.939661 -0.749688 -0.685264
0.939661 -0.749688 -0.685264
0.310627 -0.0877891 0.369512
-0.311036 -0.395827 1.00254
-0.311036 -0.395827 1.00254
-0.682377 0.202796 1.2753
-0.682377 0.202796 1.2753
-0.682377 0.202796 1.2753
-1.85397 0.821471 1.94452
-2.77019 -0.121431 1.50434
-2.77019 -0.121431 1.50434
-2.77019 -0.121431 1.50434
-1.65795 -1.52824 0.277419
0.00337036 -1.63959 -0.559071
0.730152 -0.936288 -0.48138
0.730152 -0.936288 -0.48138
0.216399 -0.784327 0.021163
0.0318761 -0.259281 -0.85081
0.0318761 -0.259281 -0.85081
-0.236576 0.307885 -0.0357641
-0.236576 0.307885 -0.0357641
0.0276476 -0.24269 -0.125257
0.0276476 -0.24269 -0.125257
0.0276476 -0.24269 -0.125257
0.0276476 -0.24269 -0.125257
0.0276476 -0.24269 -0.125257
0.0276476 -0.24269 -0.125257
0.0276476 -0.24269 -0.125257
0.0276476 -0.24269 -0.125257
0.0276476 -0.24269 -0.125257
0.0276476 -0.24269 -0.125257
0.0276476 -0.24269 -0.125257
0.0276476 -0.24269 -0.125257
0.0276476 -0.24269 -0.125257
-0.0968802 0.142898 0.379396
-0.0968802 0.142898 0.379396
-0.0968802 0.142898 0.379396
-0.0968802 0.142898 0.379396
0.249936 -0.444152 0.690421
-0.774757 -0.548522 -1.08332
-0.774757 -0.548522 -1.08332
-0.774757 -0.548522 -1.08332
-2.28089 -0.602636 -1.00356
-2.53403 -0.446913 -0.671591
-2.53403 -0.446913 -0.671591
-1.96642 0.884923 -0.312572
-1.96642 0.884923 -0.312572
-1.56197 0.704441 -0.39242
0.00924438 0.696198 0.244984
-0.979965 0.106515 0.191451
-0.490093 -0.297817 -0.502331
-0.490093 -0.297817 -0.502331
-0.490093 -0.297817 -0.502331
-0.753388 1.03308 -1.24837
-0.753388 1.03308 -1.24837
-0.979141 0.854348 -0.378806
-0.742555 -0.487325 -0.781357
-0.742555 -0.487325 -0.781357
-0.742555 -0.487325 -0.781357
-1.20234 -0.227548 -1.03545
0.359938 -0.214656 -1.71362
0.359938 -0.214656 -1.71362
0.2248 -0.300495 -1.76396
0.252335 -0.071277 -1.17458
0.282681 0.705941 -0.0808959
0.282681 0.705941 -0.0808959
0.282681 0.705941 -0.0808959
0.282681 0.705941 -0.0808959
0.282681 0.705941 -0.0808959
-0.68871 0.142436 0.162701
-0.5218 -0.955443 -0.658837
-0.5218 -0.955443 -0.658837
-0.359997 -0.7162 0.519399
0.845891 0.143935 0.487043
0.356533 -0.0010908 0.901205
0.356533 -0.0010908 0.901205
0.356533 -0.0010908 0.901205
0.356533 -0.0010908 0.901205
0.704684 0.0286154 0.582155
0.198011 0.782747 0.223089
0.297617 0.473304 0.0334802
0.297617 0.473304 0.0334802
0.297617 0.473304 0.0334802
-0.511157 0.261714 -0.327861
0.354555 0.48133 -0.936388
-0.528789 0.984133 -0.894501
-0.528789 0.984133 -0.894501
-0.57751 0.952703 -0.738009
-1.0699 -0.00299324 -0.508491
-1.0699 -0.00299324 -0.508491
-0.991929 0.387819 0.0461261
-1.25969 0.030074 -0.342723
-1.27556 -0.321309 -0.790125
-1.27556 -0.321309 -0.790125
-1.27556 -0.321309 -0.790125
-1.8925 -1.08595 -0.0597644
-0.271727 -2.19327 -0.919736
0.214472 -0.407648 -2.79196
0.129208 0.566324 -2.71752
1.5351 0.433069 -1.52069
0.76562 0.785779 -1.21921
1.40892 0.968407 -0.826158
1.40892 0.968407 -0.826158
1.40892 0.968407 -0.826158
2.14673 1.11234 -1.91493
2.14673 1.11234 -1.91493
1.38113 1.50651 -2.96674
0.916306 1.69987 -2.72757
0.916306 1.69987 -2.72757
0.916306 1.69987 -2.72757
-0.103605 1.3614 -4.22233
0.128777 2.09359 -3.74774
-0.57032 2.20071 -3.45861
-0.131546 2.48515 -2.51285
-0.719701 2.71092 -1.90435
0.359861 1.86375 -1.58995
0.359861 1.86375 -1.58995
0.359861 1.86375 -1.58995
0.916059 1.53374 -0.24782
0.916059 1.53374 -0.24782
1.7806 1.25758 -0.462987
1.7806 1.25758 -0.462987
1.59947 0.839956 -0.586155
2.05007 2.21787 -1.22818
0.834713 1.23328 -1.47957
0.834713 1.23328 -1.47957
1.45161 -0.00207965 -2.31699
1.54886 -0.977237 -0.883221
1.54886 -0.977237 -0.883221
1.41518 -1.41933 -1.11379
1.41518 -1.41933 -1.11379
1.41518 -1.41933 -1.11379
-0.101934 -1.38973 -1.12087
0.626175 -0.871853 -0.313884
0.626175 -0.871853 -0.313884
0.626175 -0.871853 -0.313884
0.626175 -0.871853 -0.313884
0.522114 -0.814991 -0.982544
1.58918 -0.427963 -1.07942
1.68524 -0.642674 -1.59055
1.68524 -0.642674 -1.59055
1.68524 -0.642674 -1.59055
2.41109 0.174159 -2.25968
1.26208 0.253451 -2.73044
0.847103 -0.345846 -2.94561
1.76409 0.759364 -2.40597
1.76409 0.759364 -2.40597
2.49006 1.23267 -2.12206
3.16384 0.543337 -0.661353
3.39044 0.851894 -0.729748
3.61014 0.79088 -0.171874
2.47879 1.82516 -1.665
2.55482 2.22158 -0.725916
2.11801 2.77688 0.101633
2.13788 2.1156 0.742076
2.13788 2.1156 0.742076
2.13788 2.1156 0.742076
2.13788 2.1156 0.742076
2.13788 2.1156 0.742076
2.07632 2.14167 0.740379
2.19666 2.02307 0.564793
2.18038 1.15643 -0.124525
1.79871 1.44483 0.117926
0.606452 2.13768 0.979153
0.360772 1.12219 1.29803
0.360772 1.12219 1.29803
0.360772 1.12219 1.29803
0.360772 1.12219 1.29803
0.444796 0.887358 0.425176
0.303517 0.0776545 0.450326
-0.211135 0.0258431 0.689083
-0.211135 0.0258431 0.689083
0.307634 0.707199 -0.291343
0.307634 0.707199 -0.291343
-0.700225 0.279377 -0.347544
-0.272507 1.34008 -0.525974
-0.155794 -0.0997244 -0.274102
0.0367399 0.497266 0.260333
0.05853 0.16862 -0.0279093
0.05853 0.16862 -0.0279093
-0.168419 1.62643 -0.807326
-0.714153 0.46026 -1.59187
-0.714153 0.46026 -1.59187
-1.0632 0.6264 -0.556748
-0.463669 -0.348805 -0.151027
-0.164653 0.936522 -0.306882
-0.164653 0.936522 -0.306882
-0.0946265 0.372449 -0.543515
0.343368 -0.0781398 0.421345
0.343368 -0.0781398 0.421345
0.343368 -0.0781398 0.421345
0.343368 -0.0781398 0.421345
-0.321451 0.246768 -0.296247
0.110089 -0.507692 0.420969
0.110089 -0.507692 0.420969
0.302575 -0.372664 0.80833
-0.466771 0.59107 0.0546847
-0.466771 0.59107 0.0546847
-0.586191 0.100176 0.712736
0.401835 0.372623 1.11008
0.344947 0.322825 1.76612
-1.01176 0.255649 2.31113
-0.184015 0.0659305 1.63911
-0.273483 0.40689 0.860726
-0.0485241 0.404753 0.31113
-0.0485241 0.404753 0.31113
-0.0485241 0.404753 0.31113
-0.56846 -0.657794 1.02252
-0.838094 1.01303 0.723663
0.16267 0.278228 1.51679
-0.200041 0.386431 1.87873
-0.171972 0.997473 0.18624
-0.171972 0.997473 0.18624
-0.115654 0.557952 -0.133696
-0.115654 0.557952 -0.133696
-0.115654 0.557952 -0.133696
1.80112 1.49723 1.28235
1.80112 1.49723 1.28235
1.02525 0.475167 1.21978
1.02525 0.475167 1.21978
1.02525 0.475167 1.21978
1.02525 0.475167 1.21978
1.02525 0.475167 1.21978
1.02525 0.475167 1.21978
0.350027 1.3573 0.959101
0.0638902 1.16524 0.956938
0.0638902 1.16524 0.956938
-0.431375 0.574092 1.18573
-0.277526 0.466094 1.51413
-0.674365 0.574269 1.09086
-0.249992 0.732313 -0.214766
0.353771 0.739369 -0.736981
0.353771 0.739369 -0.736981
0.118053 0.80965 -0.484796
-0.131176 -0.457221 0.452526
1.22155 -0.606654 0.653415
1.22155 -0.606654 0.653415
0.697961 -0.31528 0.712591
0.697961 -0.31528 0.712591
0.835207 0.267858 0.487192
0.835207 0.267858 0.487192
0.835207 0.267858 0.487192
0.196744 0.318804 0.391647
0.196744 0.318804 0.391647
-0.179336 -0.44355 -0.520036
-0.533821 -0.343292 -1.05906
-0.533821 -0.343292 -1.05906
-0.157491 -0.887516 -0.795993
-0.157491 -0.887516 -0.795993
-0.157491 -0.887516 -0.795993
0.212779 -0.430415 -0.630585
0.212779 -0.430415 -0.630585
-0.330325 -0.687185 -1.13139
-0.330325 -0.687185 -1.13139
-0.853526 -0.0846121 -1.79342
0.124238 0.0989266 -1.71398
0.807439 -0.106976 -1.16966
1.04371 0.0840565 -0.965965
0.031603 1.11653 -0.241569
0.031603 1.11653 -0.241569
0.031603 1.11653 -0.241569
0.379691 0.872645 -0.813678
-0.310501 1.2198 -0.304631
-1.34827 0.661559 0.0703088
-1.58484 1.41954 1.44349
-1.05466 1.30144 1.91968
-1.05466 1.30144 1.91968
-0.327946 0.284177 2.40833
-1.03788 -0.11731 2.45104
-1.03788 -0.11731 2.45104
0.0817588 -0.470921 0.87979
0.0817588 -0.470921 0.87979
0.0817588 -0.470921 0.87979
0.122469 -1.03211 0.877883
0.0830081 -1.17192 0.420662
-0.322192 -0.808451 0.148636
-0.322192 -0.808451 0.148636
-0.322192 -0.808451 0.148636
-0.322192 -0.808451 0.148636
-0.322192 -0.808451 0.148636
0.312238 -0.478123 0.926848
0.795827 0.592458 0.583213
0.0436373 0.876973 -0.126281
0.0436373 0.876973 -0.126281
0.0436373 0.876973 -0.126281
0.0436373 0.876973 -0.126281
-0.0575914 0.0850233 -1.09012
-0.13347 -0.0029679 -0.511174
0.473424 -0.812833 0.373427
0.526552 -0.0446161 -0.589875
0.526552 -0.0446161 -0.589875
-0.629514 -0.456087 -1.36767
-1.2045 0.558966 -0.757696
-0.754517 1.00237 0.228315
-0.754517 1.00237 0.228315
-0.295431 0.632173 1.10497
-0.295431 0.632173 1.10497
-0.373963 1.86083 -0.429829
-0.225804 1.87534 -0.201023
0.0999016 1.42353 0.37053
-0.29102 1.66171 0.496938
-0.29102 1.66171 0.496938
-0.29102 1.66171 0.496938
-1.13379 0.920185 0.486542
-1.13379 0.920185 0.486542
0.214834 0.706356 2.28131
0.166776 0.190864 2.01581
-0.0739087 -0.135701 2.32396
-0.0739087 -0.135701 2.32396
-0.267702 0.0298441 1.69821
-0.267702 0.0298441 1.69821
-0.440144 -0.450999 1.55569
-0.440144 -0.450999 1.55569
-0.974982 0.240583 1.22896
-0.974982 0.240583 1.22896
-0.489588 -0.378164 1.65139
-0.291057 -1.2624 2.46966
-0.568919 -2.23509 1.56556
0.21249 -1.98052 -0.14911
1.14446 -1.54199 1.29986
1.14446 -1.54199 1.29986
1.14446 -1.54199 1.29986
1.14446 -1.54199 1.29986
1.14446 -1.54199 1.29986
1.14446 -1.54199 1.29986
1.76191 -2.26668 1.81502
1.32867 -1.432 2.53087
1.35807 -0.680371 2.48699
1.60689 -1.62183 2.66312
0.919399 -1.93997 2.1685
0.919399 -1.93997 2.1685
0.919399 -1.93997 2.1685
0.864024 -2.07006 2.09801
2.71455 -1.30969 1.80116
3.78595 -0.0588844 1.20782
3.78595 -0.0588844 1.20782
2.08001 -0.399836 2.47995
2.08001 -0.399836 2.47995
2.60635 0.00763103 2.71503
2.60635 0.00763103 2.71503
1.79529 0.498322 2.29228
1.58548 -0.426159 1.93838
1.77565 -0.399836 2.40842
1.77565 -0.399836 2.40842
1.5454 -1.01149 1.97612
1.59117 -0.712855 2.07104
1.22139 -0.148853 1.60201
1.30824 -1.52599 0.891655
1.36387 -1.11218 -0.0195828
1.26998 -2.0119 0.23766
1.26998 -2.0119 0.23766
1.26998 -2.0119 0.23766
1.75783 -2.54495 1.13478
1.75783 -2.54495 1.13478
0.318599 -2.85615 1.54135
0.318599 -2.85615 1.54135
0.13014 -3.75269 3.02821
0.13014 -3.75269 3.02821
0.238008 -3.76617 3.18917
0.238008 -3.76617 3.18917
-0.123375 -4.13624 2.77691
-0.123375 -4.13624 2.77691
0.412354 -4.35329 2.37063
-0.771877 -3.53802 2.21196
-1.00647 -2.70564 2.28178
-1.68587 -3.15926 1.95616
-1.68587 -3.15926 1.95616
-1.3737 -4.13067 1.55788
-1.3737 -4.13067 1.55788
-0.481315 -3.13266 2.89896
-0.481315 -3.13266 2.89896
-0.481315 -3.13266 2.89896
-0.19612 -2.24884 2.53261
-0.19612 -2.24884 2.53261
-0.414083 -1.67253 2.52081
-0.414083 -1.67253 2.52081
0.174821 -1.52669 2.60858
0.174821 -1.52669 2.60858
0.174821 -1.52669 2.60858
0.637643 -2.69222 2.65914
0.854892 -2.8563 1.15376
2.24822 -2.18658 0.51281
2.24822 -2.18658 0.51281
0.972504 -1.51696 0.314653
0.972504 -1.51696 0.314653
1.19222 -0.725761 0.791705
1.19222 -0.725761 0.791705
1.19222 -0.725761 0.791705
1.19222 -0.725761 0.791705
1.19222 -0.725761 0.791705
1.19222 -0.725761 0.791705
1.49389 0.298258 1.10672
0.611157 -0.138827 1.6457
0.540999 -0.58272 2.42098
-0.30526 -0.537737 2.11563
1.28489 0.205692 1.36672
0.420283 -0.0797009 2.25305
0.268882 0.319297 2.49509
-0.238629 0.0300497 2.44744
0.529056 -1.22111 2.32585
-0.271047 -0.847352 2.03789
-0.113875 -1.12011 1.90642
0.583214 -1.23296 1.80517
1.02365 -0.946228 1.38809
1.02365 -0.946228 1.38809
1.02365 -0.946228 1.38809
1.50553 -0.764811 0.604024
1.61127 -0.54959 0.85658
1.61127 -0.54959 0.85658
1.4561 -2.04181 0.514789
0.794301 -1.27423 -0.200973
-0.280108 -1.28679 0.204829
-0.280108 -1.28679 0.204829
-0.280108 -1.28679 0.204829
-0.280108 -1.28679 0.204829
-0.265553 -0.799224 0.210948
0.167902 0.676941 1.00761
0.0625135 0.46175 0.696292
0.0625135 0.46175 0.696292
0.0625135 0.46175 0.696292
0.0625135 0.46175 0.696292
0.0625135 0.46175 0.696292
0.0625135 0.46175 0.696292
0.0625135 0.46175 0.696292
0.0625135 0.46175 0.696292
0.275874 -0.773437 -0.0758723
-0.0185677 -0.741932 0.280862
-0.0185677 -0.741932 0.280862
0.173722 -0.339181 -0.0382357
0.173722 -0.339181 -0.0382357
0.173722 -0.339181 -0.0382357
0.173722 -0.339181 -0.0382357
0.173722 -0.339181 -0.0382357
0.173722 -0.339181 -0.0382357
0.488317 1.31932 -0.481246
1.08554 2.07027 -0.865065
0.238506 2.97287 -0.911854
0.706131 2.46202 -0.30313
1.27504 1.00334 0.766754
1.27504 1.00334 0.766754
1.43646 1.49763 0.34585
1.43646 1.49763 0.34585
1.93111 1.32649 0.0599182
1.46565 1.75015 0.647973
0.905085 0.967255 1.76103
1.39479 0.633216 0.954337
1.39479 0.633216 0.954337
1.39479 0.633216 0.954337
1.39479 0.633216 0.954337
1.39479 0.633216 0.954337
1.18959 -0.290317 0.433753
0.996925 -0.332207 0.41984
1.29254 -0.0318777 0.240917
0.701682 -0.391083 0.343121
0.701682 -0.391083 0.343121
0.76616 -1.10509 0.307456
-0.327341 0.201279 0.688996
-0.76778 -0.405813 1.11023
0.767012 -0.39356 1.07374
-0.746425 0.802963 0.765328
-0.746425 0.802963 0.765328
0.184204 0.283538 1.38482
0.184204 0.283538 1.38482
1.28338 -0.588329 1.08898
1.28338 -0.588329 1.08898
1.43973 0.302643 1.43848
1.43973 0.302643 1.43848
1.79775 0.320435 1.48484
1.79775 0.320435 1.48484
1.97989 1.28497 1.56498
1.81513 0.165557 0.786727
1.81513 0.165557 0.786727
1.98479 0.927032 1.04119
0.519663 0.592045 1.68427
0.519663 0.592045 1.68427
0.536514 -0.726676 1.02811
0.536514 -0.726676 1.02811
-0.413304 -0.591447 1.514
-0.480245 -0.186993 0.592707
-0.480245 -0.186993 0.592707
-0.330024 -0.109222 0.228991
0.0616158 0.235107 1.34396
-0.0721115 1.26347 0.637186
-0.0721115 1.26347 0.637186
-0.205157 1.54645 1.67065
-0.205157 1.54645 1.67065
-0.706954 2.26294 2.26034
0.361351 2.56177 2.44215
0.493445 2.50848 1.91429
0.193115 2.2046 0.696077
-0.749292 2.40377 0.670161
-0.749292 2.40377 0.670161
-1.32593 2.03159 0.521714
-2.28166 1.75841 0.377538
-1.77572 0.481679 -0.466111
-1.93188 -0.0447499 0.449455
-2.3578 0.355271 1.20805
-2.47337 -0.534208 0.946999
-2.47337 -0.534208 0.946999
-2.47337 -0.534208 0.946999
-2.62658 -0.357944 1.23466
-2.15402 -1.02331 0.806725
-2.15402 -1.02331 0.806725
-1.95945 -1.53519 0.252795
-1.77619 -1.73604 0.152254
-1.77619 -1.73604 0.152254
-1.89622 -1.58279 1.42844
-1.59783 -0.820255 0.981392
-1.89535 -1.09535 0.461007
-1.11009 -1.23524 0.931074
-1.11009 -1.23524 0.931074
-0.908599 -1.39992 0.451323
-0.555712 -0.263415 0.623583
-1.48629 -0.291458 -0.0999022
-1.48629 -0.291458 -0.0999022
-1.58456 0.208389 0.186314
-1.43753 1.42276 0.956146
-1.43753 1.42276 0.956146
-0.970542 0.570114 2.02256
-1.4892 0.676197 1.51106
-2.47839 -0.462788 -0.374641
-2.47839 -0.462788 -0.374641
-2.25915 -0.259049 1.03843
-2.25915 -0.259049 1.03843
-2.07595 -0.545579 0.700599
-2.07595 -0.545579 0.700599
-0.754188 -0.270774 0.0615348
-0.618641 -0.279658 -1.4831
-0.854495 -0.582737 -1.9776
-2.17968 0.704051 -1.82063
-1.84387 1.41407 -1.09583
-1.43969 1.65952 -0.646065
-1.9945 1.43772 -0.0203357
-1.84006 2.61376 0.190284
-1.25541 2.32838 0.0451082
-1.25541 2.32838 0.0451082
-2.36225 2.11937 -0.369528
-1.51867 2.35681 -0.826815
-2.0527 2.24807 -1.52727
-2.19564 1.33134 -1.90548
-2.17183 0.177503 -2.31264
-2.17183 0.177503 -2.31264
-0.868925 1.16381 -2.88122
-0.690505 -0.0956022 -2.2331
-1.16626 0.878514 -1.5902
-1.16626 0.878514 -1.5902
-1.16626 0.878514 -1.5902
-1.16626 0.878514 -1.5902
-1.13249 -1.2642 -0.780753
-0.614592 -0.41884 -1.88432
-0.614592 -0.41884 -1.88432
-0.614592 -0.41884 -1.88432
-0.614592 -0.41884 -1.88432
-0.614592 -0.41884 -1.88432
-0.462432 0.0652827 -1.0669
-0.462432 0.0652827 -1.0669
-0.462432 0.0652827 -1.0669
-0.283825 0.254915 -0.928085
-0.387624 0.949012 -0.961591
0.318359 0.536709 -1.58805
0.691527 0.516404 -0.698864
-0.33948 -0.687732 -0.952655
0.499438 -0.829549 0.050389
-0.273038 -0.506138 -0.781823
0.78954 0.331272 0.0962056
0.78954 0.331272 0.0962056
0.817931 0.254189 0.0444501
1.2649 1.0434 -0.266876
0.526213 0.635131 0.621466
0.526213 0.635131 0.621466
0.526213 0.635131 0.621466
0.105928 0.863795 0.07257
0.105928 0.863795 0.07257
0.105928 0.863795 0.07257
0.416685 0.484017 -0.706127
0.416685 0.484017 -0.706127
0.50185 1.4559 0.0935008
0.50185 1.4559 0.0935008
1.56352 0.516171 -0.0654214
1.56352 0.516171 -0.0654214
0.886154 0.532862 -0.207781
-0.322712 1.11854 -0.556327
-0.575136 0.900775 -0.749248
-1.29752 0.755969 0.301863
-1.98396 -0.254208 0.544589
-2.35904 0.953004 0.730803
-1.07266 1.57529 0.357393
-1.12256 1.13955 0.334609
-1.12256 1.13955 0.334609
-1.12256 1.13955 0.334609
-1.71248 0.267763 0.693161
-2.24148 -0.417529 -0.589009
-1.94772 -0.871496 -0.895459
-1.94772 -0.871496 -0.895459
-1.05477 -1.46983 -1.31621
-1.05477 -1.46983 -1.31621
-1.18651 -1.11186 -0.378281
-0.0149781 0.759343 0.458269
-0.0959636 -0.182678 1.18011
-0.0959636 -0.182678 1.18011
-0.0959636 -0.182678 1.18011
-0.0959636 -0.182678 1.18011
-0.0959636 -0.182678 1.18011
0.319765 -0.182252 2.0032
-0.645433 -0.118429 1.50265
-0.493051 -0.0873361 2.31161
-1.24434 0.0146452 1.3861
-1.24434 0.0146452 1.3861
-1.24434 0.0146452 1.3861
-1.09046 -0.935269 1.05009
-0.954866 -1.15376 0.726584
-0.954866 -1.15376 0.726584
-0.954866 -1.15376 0.726584
-0.954866 -1.15376 0.726584
-2.747 -0.800519 1.1052
-2.747 -0.800519 1.1052
-2.86825 -1.19508 0.204214
-1.26391 -1.97981 1.80336
0.157945 -1.7703 1.2479
0.157945 -1.7703 1.2479
0.157945 -1.7703 1.2479
-0.525198 -1.70198 0.758341
-1.14122 -1.91601 -0.0895069
-0.921974 -2.00114 0.239583
0.200566 -2.34059 0.33677
0.200566 -2.34059 0.33677
0.200566 -2.34059 0.33677
0.200566 -2.34059 0.33677
0.200566 -2.34059 0.33677
-0.267323 -2.3479 -0.21644
-0.267323 -2.3479 -0.21644
0.839766 -2.97656 -0.970222
0.467115 -2.61193 -1.14002
0.467115 -2.61193 -1.14002
0.467115 -2.61193 -1.14002
0.467115 -2.61193 -1.14002
0.467115 -2.61193 -1.14002
0.467115 -2.61193 -1.14002
1.00845 -3.40411 -1.07036
1.00845 -3.40411 -1.07036
1.00845 -3.40411 -1.07036
1.3162 -2.46107 -0.596634
1.3162 -2.46107 -0.596634
1.3162 -2.46107 -0.596634
1.25918 -2.10085 0.869321
1.25918 -2.10085 0.869321
1.09508 -3.20539 0.458395
1.09508 -3.20539 0.458395
1.09508 -3.20539 0.458395
1.09508 -3.20539 0.458395
1.09508 -3.20539 0.458395
0.904652 -3.64624 1.05792
0.422548 -4.47545 1.0753
0.422548 -4.47545 1.0753
0.422548 -4.47545 1.0753
1.75966 -4.30351 0.10208
0.736381 -3.47589 -0.133547
0.736381 -3.47589 -0.133547
0.0184751 -2.78594 -1.42436
-0.805912 -1.00701 -1.52748
-0.805912 -1.00701 -1.52748
-0.805912 -1.00701 -1.52748
-0.59535 0.317009 -1.53787
-0.59535 0.317009 -1.53787
-0.23423 0.0719944 -0.247276
-0.23423 0.0719944 -0.247276
0.214627 -1.03906 -0.215172
-0.616926 -0.442652 -0.703494
-0.616926 -0.442652 -0.703494
0.35813 -0.354166 -0.692575
0.35813 -0.354166 -0.692575
