24.0415 24.1616 25.5833
23.9834 24.3441 26.1041
23.9834 24.3441 26.1041
24.6846 23.1277 25.2616
24.1238 23.2442 24.0356
23.018 23.891 23.3578
23.0008 24.5414 23.3048
22.3859 23.8791 23.2332
22.6825 24.0835 22.1764
23.7795 24.7288 22.1811
24.2519 24.397 22.5671
24.705 23.3764 21.6043
24.9013 24.2401 20.4683
24.9013 24.2401 20.4683
25.9652 25.3573 21.2641
25.035 24.2232 21.8062
26.2682 23.9667 21.229
26.3651 23.4135 21.1821
25.6404 22.1888 20.2023
25.0284 21.2756 21.224
25.0284 21.2756 21.224
24.2695 20.4097 21.6683
24.0152 19.97 22.9039
23.8549 18.7728 23.7822
23.8549 18.7728 23.7822
23.8549 18.7728 23.7822
24.825 18.2405 24.4983
24.825 18.2405 24.4983
24.2165 19.1465 24.6197
24.2165 19.1465 24.6197
23.8143 19.807 23.4498
23.8143 19.807 23.4498
22.688 18.7347 22.4006
23.4323 17.7413 22.0102
23.2838 18.8503 23.0673
22.2118 18.265 24.0893
23.0354 18.6362 23.2954
21.918 17.701 22.0583
21.918 17.701 22.0583
21.918 17.701 22.0583
22.168 17.0621 22.7144
22.1574 18.0463 22.3563
22.1574 18.0463 22.3563
22.1574 18.0463 22.3563
20.8875 18.4439 21.839
21.2032 18.7766 20.8495
21.2032 18.7766 20.8495
21.2032 18.7766 20.8495
21.2032 18.7766 20.8495
21.5033 17.8869 20.9478
21.6053 17.5708 21.3615
20.7996 16.3226 21.1735
20.0598 15.1354 20.7325
20.0919 15.0576 20.784
18.9563 15.2322 21.8096
18.4294 15.4714 21.1153
17.3516 14.5009 19.888
16.4097 14.9138 19.4954
15.3005 13.7011 19.6358
15.9392 12.438 19.3573
15.8485 11.6836 20.1704
15.8485 11.6836 20.1704
15.8485 11.6836 20.1704
15.3831 11.6649 20.773
14.9757 11.6564 21.4389
15.1362 10.8719 21.8637
14.1928 11.3721 21.8384
14.027 11.7833 21.8566
13.7433 10.7894 20.6251
13.0506 10.6511 20.2829
13.0506 10.6511 20.2829
13.7482 11.0574 19.3055
14.004 10.775 19.4778
14.004 10.775 19.4778
12.7592 10.3661 19.5657
12.7592 10.3661 19.5657
12.7592 10.3661 19.5657
12.5152 10.0823 18.7265
13.4679 9.59883 17.8202
13.4679 9.59883 17.8202
13.4679 9.59883 17.8202
13.2346 8.45629 18.7751
12.3188 7.27449 17.6137
12.3188 7.27449 17.6137
12.3188 7.27449 17.6137
11.3057 6.71105 16.7307
12.0522 7.7886 15.6364
12.0522 7.7886 15.6364
11.8758 8.73406 14.7524
11.8758 8.73406 14.7524
11.8758 8.73406 14.7524
11.902 8.45878 14.3287
11.902 8.45878 14.3287
12.9797 8.62567 14.4359
12.9797 8.62567 14.4359
13.0494 9.77143 13.6549
12.0426 10.4637 13.5213
12.6005 10.2509 13.5469
11.891 11.3113 12.8753
11.891 11.3113 12.8753
11.2316 12.0322 13.9091
10.4483 11.0064 15.0861
11.3088 11.1688 13.8513
11.7821 11.029 14.2905
11.6528 9.94637 15.5152
11.6528 9.94637 15.5152
12.9167 9.89907 14.9292
13.8266 8.83588 14.01
13.9736 7.91472 12.9507
12.8975 8.89453 12.6024
12.3107 8.29971 13.0242
12.6613 7.65363 11.9134
12.645 7.65013 11.0882
13.6809 6.86961 10.5358
14.0252 6.59416 10.5667
14.0252 6.59416 10.5667
13.5015 5.72644 9.59458
12.6071 5.48747 10.6065
12.5942 6.48035 11.0852
12.5493 5.88941 11.4098
12.8801 5.90056 10.3069
12.8801 5.90056 10.3069
12.6652 6.04197 9.29568
11.8117 6.40852 8.82326
12.31 7.4933 8.1541
11.8297 7.176 8.88407
11.1775 6.2933 9.39912
10.9549 6.26201 9.12521
10.9549 6.26201 9.12521
10.9549 6.26201 9.12521
10.9549 6.26201 9.12521
11.4467 6.99699 8.04856
11.6494 7.36484 7.50613
10.7427 6.24339 6.53272
11.5427 7.28023 6.14799
12.643 6.56433 5.43465
11.3743 6.541 4.23336
12.5731 7.2712 4.41243
11.4668 8.41049 5.28046
10.3638 8.47413 4.6055
9.86088 8.62136 4.24732
10.1934 7.5437 4.53654
10.2834 6.49172 3.33156
10.2834 6.49172 3.33156
11.3827 5.52388 4.46024
11.6655 4.79303 4.27243
11.6641 3.84196 5.02327
11.8511 3.90252 4.74884
11.8511 3.90252 4.74884
11.3559 4.45145 4.43926
10.6639 5.70053 3.73467
9.84253 5.83349 4.18103
8.83212 5.79829 4.00115
8.83212 5.79829 4.00115
8.83212 5.79829 4.00115
7.60803 5.24872 3.50792
8.03886 4.36746 2.96664
8.03886 4.36746 2.96664
8.56976 3.10349 2.79216
8.60466 3.08305 3.84394
7.48006 2.758 4.65145
7.48006 2.758 4.65145
7.48006 2.758 4.65145
7.48006 2.758 4.65145
7.48006 2.758 4.65145
7.85854 3.56869 3.59338
7.38188 3.91968 3.96659
7.38188 3.91968 3.96659
8.54026 4.88577 4.21229
9.06548 4.552 3.36593
9.06548 4.552 3.36593
9.79186 5.18597 2.28082
9.276 5.32064 2.74608
9.276 5.32064 2.74608
9.09514 4.10357 2.63016
9.38371 2.87088 3.42356
9.12275 3.72259 4.47899
8.66548 2.72499 3.62798
9.58656 1.80316 3.3645
10.2462 0.654925 2.12274
9.70277 -0.333827 1.12561
9.70277 -0.333827 1.12561
8.62464 0.206849 1.63446
8.62464 0.206849 1.63446
8.62464 0.206849 1.63446
8.8309 0.646337 1.18354
7.67923 0.500252 2.41883
7.67923 0.500252 2.41883
8.24638 1.13981 3.01378
8.24638 1.13981 3.01378
8.2115 2.25813 3.6528
7.35105 1.15202 2.48092
7.10491 0.625451 1.27877
7.17312 1.66152 2.03954
7.17312 1.66152 2.03954
6.10264 2.63402 2.44581
4.94101 1.51421 1.58729
4.85665 1.04217 1.28895
4.85665 1.04217 1.28895
4.85665 1.04217 1.28895
4.85665 1.04217 1.28895
4.25013 1.52189 1.27653
4.25013 1.52189 1.27653
4.25013 1.52189 1.27653
4.25013 1.52189 1.27653
3.76598 1.55035 1.73173
3.76598 1.55035 1.73173
3.62975 2.05883 1.89024
3.56186 1.24288 2.70425
3.56186 1.24288 2.70425
3.12905 1.20417 3.74188
3.12905 1.20417 3.74188
3.12905 1.20417 3.74188
3.86486 0.387298 3.37108
5.00052 0.23684 2.17894
5.00052 0.23684 2.17894
5.34891 0.0616928 2.49577
5.34891 0.0616928 2.49577
5.34891 0.0616928 2.49577
5.77263 1.25647 1.78186
5.77263 1.25647 1.78186
4.83262 1.54404 1.37256
3.7312 1.71713 0.652401
3.18386 2.8717 -0.4622
2.33921 1.95593 0.598412
2.33921 1.95593 0.598412
1.67223 2.51864 -0.182632
1.67223 2.51864 -0.182632
1.67223 2.51864 -0.182632
1.67223 2.51864 -0.182632
1.67223 2.51864 -0.182632
1.67223 2.51864 -0.182632
1.67223 2.51864 -0.182632
1.88828 1.75915 0.531011
2.02648 2.68835 -0.0902161
2.91778 2.31334 0.101139
2.68859 2.37565 -0.722748
2.68859 2.37565 -0.722748
1.50546 3.03251 -0.0300997
2.48618 2.05186 -0.286811
2.48618 2.05186 -0.286811
2.14881 3.21774 0.199281
2.14881 3.21774 0.199281
2.14881 3.21774 0.199281
2.39637 4.38638 -0.0706242
1.35344 4.92094 -0.41648
1.06805 4.66702 -0.885618
0.661272 4.09704 -0.281928
-0.464169 3.32429 -1.11344
-0.464169 3.32429 -1.11344
-0.464169 3.32429 -1.11344
-0.14107 2.13773 -2.3113
0.0708083 1.2889 -2.09622
0.0708083 1.2889 -2.09622
0.784311 0.806946 -1.71589
0.0875261 0.800046 -1.45011
0.0875261 0.800046 -1.45011
0.0875261 0.800046 -1.45011
0.872519 -0.38803 -0.897435
0.466392 0.0532224 0.140773
0.466392 0.0532224 0.140773
0.466392 0.0532224 0.140773
0.466392 0.0532224 0.140773
0.466392 0.0532224 0.140773
1.69179 0.734152 1.37875
2.7573 1.49413 0.235763
2.38043 2.30437 -0.617491
1.11134 2.80949 -1.58498
0.355249 1.83833 -0.727265
0.582091 0.855007 0.323193
0.867909 0.586699 0.0384626
0.867909 0.586699 0.0384626
0.867909 0.586699 0.0384626
0.867909 0.586699 0.0384626
0.867909 0.586699 0.0384626
0.867909 0.586699 0.0384626
0.867909 0.586699 0.0384626
-0.226898 -0.53106 0.697832
-0.501031 -0.300542 -0.162568
-0.501031 -0.300542 -0.162568
-0.501031 -0.300542 -0.162568
-0.501031 -0.300542 -0.162568
-0.501031 -0.300542 -0.162568
-0.501031 -0.300542 -0.162568
-0.501031 -0.300542 -0.162568
-0.501031 -0.300542 -0.162568
-0.211048 -0.679475 -0.267977
-0.0793813 -0.548667 0.829089
1.03863 -0.717002 -0.156537
0.948652 0.461406 -1.29381
1.00528 0.73652 -0.747934
1.00528 0.73652 -0.747934
-0.169323 0.875942 0.224625
-0.169323 0.875942 0.224625
-0.169323 0.875942 0.224625
-0.169323 0.875942 0.224625
-0.169323 0.875942 0.224625
-0.169323 0.875942 0.224625
-0.169323 0.875942 0.224625
0.839273 1.22608 0.960427
0.127638 0.955675 0.0979619
0.127638 0.955675 0.0979619
0.127638 0.955675 0.0979619
0.457863 -0.218667 0.715404
0.457863 -0.218667 0.715404
0.392081 0.106878 0.511835
0.392081 0.106878 0.511835
0.392081 0.106878 0.511835
-0.824739 -0.5342 1.38719
0.250824 -0.868703 0.905228
0.250824 -0.868703 0.905228
-0.541237 -0.461163 1.89305
-0.541237 -0.461163 1.89305
-0.0890392 -0.101494 1.65578
0.768596 0.174 1.86011
0.768596 0.174 1.86011
0.768596 0.174 1.86011
0.768596 0.174 1.86011
0.768596 0.174 1.86011
1.70223 0.0141157 1.24655
1.70223 0.0141157 1.24655
0.973095 -0.112121 0.386115
-0.206301 -1.20349 -0.734216
-0.206301 -1.20349 -0.734216
0.916869 0.0549486 -0.971505
0.013057 0.266602 0.108235
0.173952 0.850753 0.0521213
-0.676314 -0.0663035 0.572673
-0.676314 -0.0663035 0.572673
0.38202 0.348856 0.613732
0.38202 0.348856 0.613732
0.38202 0.348856 0.613732
1.51238 0.0107455 0.463996
1.51238 0.0107455 0.463996
1.51238 0.0107455 0.463996
0.487326 -0.187992 0.488625
0.487326 -0.187992 0.488625
0.487326 -0.187992 0.488625
0.186703 -0.31027 0.875487
0.186703 -0.31027 0.875487
-0.622808 -0.146641 1.91942
-0.622808 -0.146641 1.91942
-1.39662 -0.986226 1.57986
-1.39662 -0.986226 1.57986
-1.36877 0.24491 0.61229
-1.2451 0.933666 0.127179
-1.2451 0.933666 0.127179
-1.2451 0.933666 0.127179
-1.2451 0.933666 0.127179
-1.76531 -0.12636 1.05947
-1.22533 -0.155573 1.37169
-0.901664 0.790211 0.265931
-0.901664 0.790211 0.265931
-0.901664 0.790211 0.265931
-0.901664 0.790211 0.265931
-0.901664 0.790211 0.265931
-0.901664 0.790211 0.265931
-1.16056 -0.121136 0.741915
-1.16056 -0.121136 0.741915
-0.417787 0.699784 1.15831
-0.303363 -0.541419 0.644728
-0.303363 -0.541419 0.644728
-0.533404 -0.952175 1.35655
-0.533404 -0.952175 1.35655
-0.533404 -0.952175 1.35655
-0.594329 -0.320176 1.17113
-0.594329 -0.320176 1.17113
-0.594329 -0.320176 1.17113
-0.594329 -0.320176 1.17113
-0.594329 -0.320176 1.17113
0.335753 -0.252302 1.69072
-0.335446 0.522767 1.05176
-0.335446 0.522767 1.05176
-0.131985 1.04482 0.0393712
-0.131985 1.04482 0.0393712
-0.131985 1.04482 0.0393712
-0.131985 1.04482 0.0393712
-0.131985 1.04482 0.0393712
-0.131985 1.04482 0.0393712
0.676312 2.22874 -0.954478
-0.319403 3.04121 -0.859921
-0.247405 3.10524 -1.29956
-0.190528 2.32026 -1.24316
-0.190528 2.32026 -1.24316
-0.21161 2.97688 -0.461174
-0.21161 2.97688 -0.461174
-0.21161 2.97688 -0.461174
-0.21161 2.97688 -0.461174
-1.07296 2.16606 0.287293
-1.07296 2.16606 0.287293
0.142522 2.18297 1.04272
-1.01399 1.68329 1.07539
-1.03811 1.05857 0.215212
-1.03811 1.05857 0.215212
-0.52119 0.489897 0.414566
-0.52119 0.489897 0.414566
0.406822 -0.138888 -0.119567
0.406822 -0.138888 -0.119567
0.406822 -0.138888 -0.119567
-0.667912 -0.600769 0.693659
-0.204227 -1.327 0.0519721
-0.204227 -1.327 0.0519721
-0.204227 -1.327 0.0519721
-0.0697446 -0.758191 -0.704781
0.760808 -0.10648 0.17541
1.40266 -1.10272 1.3607
0.597981 -1.57825 1.31426
-0.560103 -2.04182 0.640222
0.63735 -1.2972 0.8514
-0.38159 -0.796302 1.36754
-0.38159 -0.796302 1.36754
-1.11584 -0.389112 1.25034
-1.11584 -0.389112 1.25034
-2.30235 0.119186 0.864514
-3.15275 -0.445903 0.887997
-3.34938 0.528554 0.222564
-2.64876 0.571236 0.17139
-1.66514 1.69839 1.21759
-0.964024 2.3572 0.588347
-0.964024 2.3572 0.588347
-0.964024 2.3572 0.588347
-0.28832 2.2226 0.844115
-0.00984844 2.10524 1.40152
0.570407 1.78034 1.56607
0.570407 1.78034 1.56607
0.570407 1.78034 1.56607
0.570407 1.78034 1.56607
1.03384 1.16904 1.58081
1.03384 1.16904 1.58081
0.167295 1.07628 1.16181
-0.740304 0.38825 0.788806
-0.161135 0.949324 -0.25742
-0.670928 1.12566 -0.0671373
-0.670928 1.12566 -0.0671373
0.583955 1.46173 -0.143559
1.32167 1.03146 -0.147521
0.762439 1.42553 0.0334055
-0.0858229 0.38589 0.950907
0.0203112 0.208015 1.70728
-0.494624 0.253961 2.76612
-0.329059 -0.784896 2.50599
-0.329059 -0.784896 2.50599
-0.329059 -0.784896 2.50599
0.421068 0.284264 1.99007
-0.843318 -0.628335 1.45603
-0.843318 -0.628335 1.45603
-0.843318 -0.628335 1.45603
-0.843318 -0.628335 1.45603
-1.04069 0.219141 0.352667
0.207804 -0.425296 -0.832226
0.207804 -0.425296 -0.832226
-0.404133 -0.87619 -1.78711
-1.12807 -0.695978 -0.961233
-1.78383 0.0837311 -0.436428
-1.78383 0.0837311 -0.436428
-0.791239 -0.505618 -1.29144
0.33895 -0.408337 -0.0229419
0.33895 -0.408337 -0.0229419
0.33895 -0.408337 -0.0229419
0.0865885 0.127859 0.0822995
0.0865885 0.127859 0.0822995
0.0865885 0.127859 0.0822995
0.0865885 0.127859 0.0822995
0.0865885 0.127859 0.0822995
0.0865885 0.127859 0.0822995
0.0865885 0.127859 0.0822995
0.0865885 0.127859 0.0822995
0.0865885 0.127859 0.0822995
0.0865885 0.127859 0.0822995
0.0865885 0.127859 0.0822995
-0.230329 0.292645 -0.102301
-0.230329 0.292645 -0.102301
-0.132595 -0.134065 -0.620037
-0.417698 -0.582823 0.00926365
-0.417698 -0.582823 0.00926365
-0.417698 -0.582823 0.00926365
-1.61004 -1.58466 0.518327
-2.52733 -0.38742 1.78495
-2.52733 -0.38742 1.78495
-2.6588 0.701831 1.71085
-3.59892 0.706662 2.00802
-2.51558 1.07983 1.95665
-2.51558 1.07983 1.95665
-2.37962 0.0775445 3.02185
-2.70897 -0.212808 2.21969
-2.83883 -0.891643 1.27907
-2.87226 -0.525242 1.9384
-2.87226 -0.525242 1.9384
-3.77567 0.274574 1.9752
-4.08095 -0.0851865 0.77933
-3.98214 0.149977 0.299653
-4.02585 -0.862567 1.24369
-5.21976 -0.575922 2.24021
-4.3213 -0.370368 3.37895
-3.39191 -0.244353 3.14222
-2.30183 0.654434 3.47627
-2.30183 0.654434 3.47627
-2.30183 0.654434 3.47627
-1.58439 0.284687 4.58364
-0.657687 -0.844801 3.41909
-0.390254 -1.57897 3.26975
-0.834623 -1.37119 2.99357
-0.642679 -1.63491 2.3943
0.211395 -0.866965 1.57505
0.872592 -0.135176 1.34615
0.872592 -0.135176 1.34615
0.872592 -0.135176 1.34615
0.872592 -0.135176 1.34615
0.0826927 -0.865504 1.84358
0.888473 -1.50429 1.2502
0.888473 -1.50429 1.2502
1.83112 -1.59669 0.0631787
1.83112 -1.59669 0.0631787
2.20359 -2.07588 -0.306036
2.10194 -1.21655 -0.495792
0.894787 -1.83976 0.362828
1.39684 -0.76183 -0.434098
1.39684 -0.76183 -0.434098
1.95601 -1.44943 0.183778
1.95601 -1.44943 0.183778
2.07386 -1.90221 -0.86011
2.07386 -1.90221 -0.86011
1.74317 -2.79999 -1.14387
0.764398 -3.41203 -0.753081
0.764398 -3.41203 -0.753081
0.764398 -3.41203 -0.753081
-0.181363 -3.02241 -0.023055
-0.902335 -3.36311 0.538699
-0.902335 -3.36311 0.538699
-0.0360249 -3.75114 0.56808
0.0614246 -3.91801 1.21056
0.100761 -4.43613 0.321735
0.483625 -4.42231 -0.519466
-0.253736 -3.63971 0.725975
0.976709 -2.67945 -0.0182615
0.976709 -2.67945 -0.0182615
0.437083 -3.78345 -0.444971
0.437083 -3.78345 -0.444971
-0.805518 -2.84352 -0.461913
-1.53474 -2.52919 -0.0993015
-1.53474 -2.52919 -0.0993015
-1.41843 -2.54271 1.16328
-1.25596 -1.81651 0.694788
-0.456085 -1.23646 -0.518909
-0.456085 -1.23646 -0.518909
-0.456085 -1.23646 -0.518909
-1.09836 -0.783041 0.346446
-1.09836 -0.783041 0.346446
-1.09836 -0.783041 0.346446
-1.09836 -0.783041 0.346446
-1.09836 -0.783041 0.346446
-1.37467 -0.350003 0.850166
-1.37467 -0.350003 0.850166
-1.37467 -0.350003 0.850166
-0.982344 0.6819 1.04509
-0.982344 0.6819 1.04509
-0.982344 0.6819 1.04509
-0.982344 0.6819 1.04509
0.0824356 0.604999 2.23381
-0.436285 0.753016 1.00863
-0.436285 0.753016 1.00863
0.62139 0.975656 0.657575
0.982719 -0.116302 0.436275
0.982719 -0.116302 0.436275
0.982719 -0.116302 0.436275
0.317349 0.966559 -0.399614
-0.430645 0.147944 -0.468614
-0.430645 0.147944 -0.468614
-0.430645 0.147944 -0.468614
-0.430645 0.147944 -0.468614
-0.430645 0.147944 -0.468614
-1.04571 0.190763 0.481542
-0.130182 0.514128 -0.447006
1.02477 0.101855 -0.212368
1.02477 0.101855 -0.212368
0.857138 0.0546055 -0.1492
0.857138 0.0546055 -0.1492
0.857138 0.0546055 -0.1492
-0.396325 0.548054 0.50148
0.337455 0.0905776 0.363858
0.337455 0.0905776 0.363858
-0.0793993 0.269087 -0.183368
-0.0793993 0.269087 -0.183368
-0.0793993 0.269087 -0.183368
-0.0793993 0.269087 -0.183368
-0.0793993 0.269087 -0.183368
-0.0793993 0.269087 -0.183368
-0.0793993 0.269087 -0.183368
-0.455623 -0.328 -0.302559
-0.455623 -0.328 -0.302559
-0.455623 -0.328 -0.302559
-0.455623 -0.328 -0.302559
-0.455623 -0.328 -0.302559
-0.455623 -0.328 -0.302559
-0.455623 -0.328 -0.302559
0.287726 -0.631093 0.153539
0.287726 -0.631093 0.153539
0.287726 -0.631093 0.153539
0.0772231 -0.344443 1.1913
0.0772231 -0.344443 1.1913
-0.430841 0.425233 0.330242
-0.430841 0.425233 0.330242
-0.430841 0.425233 0.330242
0.495428 -0.119851 0.235412
0.934613 0.31124 0.92488
0.934613 0.31124 0.92488
0.934613 0.31124 0.92488
0.255783 0.00543525 0.648876
0.255783 0.00543525 0.648876
-0.509237 -0.403504 1.24167
-0.509237 -0.403504 1.24167
0.634063 0.429353 1.08684
0.634063 0.429353 1.08684
-0.0444074 0.388397 1.60011
1.21202 -0.567962 0.669836
1.21202 -0.567962 0.669836
1.21202 -0.567962 0.669836
1.21202 -0.567962 0.669836
-0.0253708 0.330709 1.07433
0.257068 0.655153 1.43883
0.257068 0.655153 1.43883
0.257068 0.655153 1.43883
-0.734639 0.62326 2.03373
-0.734639 0.62326 2.03373
-0.734639 0.62326 2.03373
-0.440168 -0.514794 1.57031
-0.306431 -0.033414 2.00143
-0.306431 -0.033414 2.00143
-0.306431 -0.033414 2.00143
0.00605559 0.121972 1.6388
-0.794965 0.348563 1.14075
-0.794965 0.348563 1.14075
-1.68216 0.560826 0.831709
-1.65083 0.953836 1.33816
-1.07937 0.310787 0.391392
-0.913864 0.432191 -0.190883
-0.0517903 -0.334651 -1.44587
-0.0517903 -0.334651 -1.44587
-0.244228 -1.2624 -0.247688
0.715811 -0.20593 -0.121589
0.715811 -0.20593 -0.121589
0.715811 -0.20593 -0.121589
-0.118262 0.109599 0.64772
-0.118262 0.109599 0.64772
0.454946 -0.123518 -0.595056
0.454946 -0.123518 -0.595056
0.454946 -0.123518 -0.595056
0.454946 -0.123518 -0.595056
-0.140562 0.830124 -0.20317
-0.704052 1.79096 -0.0968466
-0.211353 2.52291 -0.755941
-0.211353 2.52291 -0.755941
-0.211353 2.52291 -0.755941
-0.211353 2.52291 -0.755941
-0.745501 2.5461 -1.27296
-0.745501 2.5461 -1.27296
-0.0686263 2.77216 -0.846678
-0.0686263 2.77216 -0.846678
-0.0686263 2.77216 -0.846678
-0.0686263 2.77216 -0.846678
1.01794 1.5475 -0.23479
2.00142 0.634777 0.185398
1.42488 0.731324 0.703223
0.666199 0.0738708 -0.3564
0.666199 0.0738708 -0.3564
0.258665 -0.831272 0.458768
0.258665 -0.831272 0.458768
-0.657024 0.00398096 0.17058
-0.657024 0.00398096 0.17058
-0.657024 0.00398096 0.17058
-0.657024 0.00398096 0.17058
-0.657024 0.00398096 0.17058
-0.657024 0.00398096 0.17058
-0.699307 -1.22793 -0.555912
0.21295 -0.089446 -0.862779
0.722659 -0.361791 -0.46262
1.00853 0.651825 0.752418
1.00853 0.651825 0.752418
1.00853 0.651825 0.752418
0.450675 0.357087 0.34684
-0.608142 0.0985775 -0.3941
-0.608142 0.0985775 -0.3941
-0.179681 -0.41865 0.70452
-0.179681 -0.41865 0.70452
-0.638529 -0.679259 1.26772
-0.638529 -0.679259 1.26772
-1.43277 -0.0215056 0.599404
-1.43277 -0.0215056 0.599404
-1.43277 -0.0215056 0.599404
-1.43277 -0.0215056 0.599404
-1.43277 -0.0215056 0.599404
-1.43277 -0.0215056 0.599404
-1.43277 -0.0215056 0.599404
-0.835557 0.264829 1.32343
-0.835557 0.264829 1.32343
-1.08494 -0.721775 0.164779
-1.08494 -0.721775 0.164779
-1.08494 -0.721775 0.164779
-1.08494 -0.721775 0.164779
-1.26585 -0.728905 0.00387006
-1.06357 0.435405 0.593573
-0.98212 0.456934 -0.532904
-0.254215 -0.580014 0.425596
-0.254215 -0.580014 0.425596
0.320255 0.370243 0.378217
-0.250582 0.286701 0.766123
-0.250582 0.286701 0.766123
0.841689 -0.796257 0.953819
0.841689 -0.796257 0.953819
1.08609 -0.822445 -0.163485
0.243006 0.26001 0.774457
0.243006 0.26001 0.774457
0.714312 0.271687 -0.0209656
0.714312 0.271687 -0.0209656
0.714312 0.271687 -0.0209656
-0.00829721 0.605447 0.439431
-0.692746 -0.106086 0.0534585
-1.26899 -0.399148 -0.865036
-0.959902 -0.240592 0.21225
-0.959902 -0.240592 0.21225
-0.959902 -0.240592 0.21225
-0.959902 -0.240592 0.21225
-0.604854 -0.738479 0.275015
-0.604854 -0.738479 0.275015
-0.604854 -0.738479 0.275015
-0.604854 -0.738479 0.275015
-0.604854 -0.738479 0.275015
-0.604854 -0.738479 0.275015
-0.604854 -0.738479 0.275015
-0.604854 -0.738479 0.275015
-0.501684 -0.110848 0.562033
-0.501684 -0.110848 0.562033
0.179768 -0.0216153 0.380549
0.179768 -0.0216153 0.380549
0.179768 -0.0216153 0.380549
0.179768 -0.0216153 0.380549
-0.77717 -0.0499886 0.63105
-0.77717 -0.0499886 0.63105
-0.953229 -0.419964 0.107061
0.294801 -1.25643 0.731479
0.294801 -1.25643 0.731479
0.294801 -1.25643 0.731479
0.0958187 -0.980328 1.05818
-0.0682346 0.10619 0.334649
-0.0682346 0.10619 0.334649
0.125016 0.120515 1.07649
0.125016 0.120515 1.07649
0.125016 0.120515 1.07649
-1.00057 0.513755 1.73866
0.010997 -0.543974 1.29437
0.010997 -0.543974 1.29437
0.295146 -1.11228 0.410675
1.497 -0.283818 0.194454
0.508108 -1.12869 -0.744656
-0.0408137 0.00548734 0.25784
-0.0408137 0.00548734 0.25784
-0.0408137 0.00548734 0.25784
-0.0408137 0.00548734 0.25784
-0.0408137 0.00548734 0.25784
-0.0408137 0.00548734 0.25784
-0.0408137 0.00548734 0.25784
0.221476 -0.238865 0.20205
0.221476 -0.238865 0.20205
0.719749 -0.709166 -0.0172421
0.719749 -0.709166 -0.0172421
-0.398256 0.366256 0.2817
0.167371 0.449473 -0.0429873
0.0326512 -0.659311 0.911531
1.05554 -0.0631046 0.66785
0.629068 0.866169 0.7463
0.462973 1.61856 1.06157
-0.356813 0.358757 0.73858
-0.0839431 -0.622363 -0.0140212
-0.0839431 -0.622363 -0.0140212
-0.0839431 -0.622363 -0.0140212
0.781695 -0.594144 -0.364635
0.781695 -0.594144 -0.364635
0.781695 -0.594144 -0.364635
0.781695 -0.594144 -0.364635
0.781695 -0.594144 -0.364635
1.3102 -0.822599 0.0179177
1.3102 -0.822599 0.0179177
0.955499 -1.23427 1.03175
0.955499 -1.23427 1.03175
0.277557 -1.48604 -0.173936
0.277557 -1.48604 -0.173936
-0.865536 -0.711931 0.37924
-0.865536 -0.711931 0.37924
-0.865536 -0.711931 0.37924
-0.0370955 -1.68629 0.812275
-0.0370955 -1.68629 0.812275
-0.0370955 -1.68629 0.812275
-0.0370955 -1.68629 0.812275
0.050323 -0.598526 1.20485
0.587235 -0.905121 0.741604
0.587235 -0.905121 0.741604
1.03969 0.246889 -0.0283274
0.744745 0.134024 -0.0123412
-0.0657745 -0.583426 0.85547
-0.0657745 -0.583426 0.85547
-1.05446 -0.83242 0.324831
-1.05446 -0.83242 0.324831
-0.725854 -0.36947 -0.664487
-0.725854 -0.36947 -0.664487
-0.725854 -0.36947 -0.664487
-0.725854 -0.36947 -0.664487
-0.725854 -0.36947 -0.664487
-0.725854 -0.36947 -0.664487
-0.0933502 -0.0326488 -0.24466
-0.0933502 -0.0326488 -0.24466
0.371964 -1.23378 -0.0117248
0.368742 -0.164639 -0.18442
0.368742 -0.164639 -0.18442
0.368742 -0.164639 -0.18442
0.368742 -0.164639 -0.18442
0.368742 -0.164639 -0.18442
0.368742 -0.164639 -0.18442
0.208422 0.586226 0.817395
1.23699 -0.504571 1.31506
0.453917 0.209246 1.2418
-0.128128 0.436472 0.420192
-0.128128 0.436472 0.420192
-0.128128 0.436472 0.420192
-0.128128 0.436472 0.420192
-0.128128 0.436472 0.420192
-1.19795 0.0199023 0.514495
-0.414335 0.258002 -0.723834
-0.414335 0.258002 -0.723834
-0.888543 -0.287327 -0.612149
-1.01357 0.591405 -0.460024
-0.586958 -0.596253 -0.0115658
-0.586958 -0.596253 -0.0115658
0.675604 -0.503028 0.00372271
0.648407 0.523453 -0.807597
0.648407 0.523453 -0.807597
-0.206541 0.653597 -0.495499
0.963138 0.994938 -1.65498
0.963138 0.994938 -1.65498
1.02547 1.91075 -2.34906
1.56676 1.41238 -1.29351
2.06487 1.30433 -0.994572
2.06487 1.30433 -0.994572
2.06487 1.30433 -0.994572
2.06487 1.30433 -0.994572
1.84914 0.352727 -0.419581
0.64295 -0.854376 0.262729
0.298582 -1.14056 -0.783994
-0.149609 -0.723335 -1.30626
-0.554204 0.102097 -0.297921
-0.554204 0.102097 -0.297921
-0.554204 0.102097 -0.297921
0.00714326 -0.750115 -1.3941
0.00714326 -0.750115 -1.3941
-1.24674 -1.25116 -1.77794
-1.24674 -1.25116 -1.77794
-1.74032 -0.617216 -2.13707
-0.940769 -1.65176 -1.64825
-0.940769 -1.65176 -1.64825
-0.940769 -1.65176 -1.64825
-0.491342 -1.02216 -1.13749
0.762586 -0.422802 -1.85203
1.6096 -0.182538 -2.1328
2.50988 -1.06627 -2.83832
2.77594 -0.703988 -2.98892
2.77594 -0.703988 -2.98892
2.77594 -0.703988 -2.98892
2.77594 -0.703988 -2.98892
1.64964 -1.69693 -3.20417
1.64964 -1.69693 -3.20417
2.58317 -0.444241 -3.12918
2.58317 -0.444241 -3.12918
2.84131 -0.28381 -2.90505
2.84131 -0.28381 -2.90505
2.34264 -0.12037 -2.49363
2.95975 1.03179 -1.80724
3.38895 0.623799 -1.69423
2.16652 1.19848 -2.12089
1.20048 1.61191 -1.22167
0.942762 1.69112 0.0173213
1.28843 0.712737 -0.586244
1.09262 1.06321 -0.434395
1.09262 1.06321 -0.434395
0.272325 -0.0258617 0.691912
-0.427682 0.473479 -0.382868
-1.12917 1.33061 -0.4277
-2.29266 2.27833 -1.61722
-2.49385 1.2995 -1.90295
-2.49385 1.2995 -1.90295
-2.50344 1.02951 -1.42514
-1.51765 0.21765 -2.44529
-0.369208 0.139519 -1.71917
-0.369208 0.139519 -1.71917
-0.369208 0.139519 -1.71917
0.180923 0.244808 -1.9377
0.180923 0.244808 -1.9377
0.561486 0.834466 -1.24885
0.561486 0.834466 -1.24885
0.561486 0.834466 -1.24885
-0.488727 1.76534 -0.894299
-0.488727 1.76534 -0.894299
0.271198 0.631463 -2.05109
0.271198 0.631463 -2.05109
1.4191 1.66037 -1.07737
1.4191 1.66037 -1.07737
1.73433 2.20463 0.0701976
1.73433 2.20463 0.0701976
0.866975 2.13571 -0.23658
0.866975 2.13571 -0.23658
0.0238455 2.90816 0.727454
0.0238455 2.90816 0.727454
0.0238455 2.90816 0.727454
0.0238455 2.90816 0.727454
0.099879 2.57439 1.54925
0.441989 3.46299 1.06988
0.170634 3.41583 1.25414
0.297337 2.37097 1.63564
0.297337 2.37097 1.63564
0.297337 2.37097 1.63564
0.297337 2.37097 1.63564
0.297337 2.37097 1.63564
0.472387 1.35177 1.43088
0.472387 1.35177 1.43088
0.472387 1.35177 1.43088
-0.0567188 0.910336 0.252604
-0.0567188 0.910336 0.252604
0.47403 1.68247 -0.578399
0.47403 1.68247 -0.578399
1.53264 0.936941 0.175644
1.53264 0.936941 0.175644
0.54229 1.21366 1.18202
0.54229 1.21366 1.18202
0.0962526 0.632556 0.169066
-0.137053 0.634532 -0.293283
-0.137053 0.634532 -0.293283
-0.137053 0.634532 -0.293283
0.461676 0.139448 0.884135
0.461676 0.139448 0.884135
0.461676 0.139448 0.884135
0.461676 0.139448 0.884135
0.117482 -1.05602 -0.0143228
-0.196972 0.00308569 1.18661
-0.196972 0.00308569 1.18661
-0.460356 0.114367 1.0098
-0.19319 -0.132409 1.447
0.49806 -0.851977 0.50895
0.49806 -0.851977 0.50895
1.56791 -0.788995 1.02004
0.687005 -1.64903 0.137507
-0.164322 -0.827025 -0.958345
-0.530392 -0.460608 -1.39432
-0.530392 -0.460608 -1.39432
-0.530392 -0.460608 -1.39432
-0.607914 -0.537479 -0.310515
-0.607914 -0.537479 -0.310515
-0.607914 -0.537479 -0.310515
-0.607914 -0.537479 -0.310515
-0.607914 -0.537479 -0.310515
-0.21143 0.00765552 0.0412785
-0.21143 0.00765552 0.0412785
-0.21143 0.00765552 0.0412785
-0.21143 0.00765552 0.0412785
-0.21143 0.00765552 0.0412785
-0.21143 0.00765552 0.0412785
-0.21143 0.00765552 0.0412785
-0.21143 0.00765552 0.0412785
-0.21143 0.00765552 0.0412785
-0.21143 0.00765552 0.0412785
-0.21143 0.00765552 0.0412785
-0.21143 0.00765552 0.0412785
-0.21143 0.00765552 0.0412785
-0.21143 0.00765552 0.0412785
-0.21143 0.00765552 0.0412785
0.841319 0.275347 1.14822
0.841319 0.275347 1.14822
0.385366 1.05165 1.76336
-0.445132 0.560898 2.33095
-1.41125 0.197512 1.52528
-1.23226 0.876861 1.31858
-1.31301 0.3937 2.2388
-0.270684 1.11168 2.16471
-0.0893638 2.01204 0.896402
-0.817964 2.06203 0.494708
-0.817964 2.06203 0.494708
-0.151815 2.21527 -0.64484
-0.151815 2.21527 -0.64484
-0.30163 1.20183 -0.960337
-0.30163 1.20183 -0.960337
-0.30163 1.20183 -0.960337
-0.30163 1.20183 -0.960337
-0.30163 1.20183 -0.960337
-0.30163 1.20183 -0.960337
-0.30163 1.20183 -0.960337
-0.30163 1.20183 -0.960337
-0.30163 1.20183 -0.960337
-0.30163 1.20183 -0.960337
-1.26966 1.58199 -0.0292523
-1.26966 1.58199 -0.0292523
-2.1941 0.549766 0.0726001
-2.1941 0.549766 0.0726001
-1.59697 0.0628381 0.15671
