22.7736 23.0525 26.3549
22.6386 23.4763 27.5646
22.6386 23.4763 27.5646
24.2673 20.6511 25.6077
22.9648 20.9216 22.7598
20.3962 22.4241 21.1854
20.3962 22.4241 21.1854
18.9677 20.8858 21.019
19.6569 21.3605 18.5644
22.2049 22.8594 18.5753
23.3023 22.0886 19.4718
24.3548 19.7181 17.2355
24.8107 21.7241 14.5968
24.8107 21.7241 14.5968
27.2819 24.3193 16.4452
25.1214 21.6849 17.7044
27.9857 21.0891 16.3636
28.2108 19.804 16.2546
26.5276 16.9594 13.9787
25.1059 14.8382 16.3521
23.5695 16.7953 17.8198
21.8067 14.7839 18.8519
21.2161 13.7624 21.722
20.8438 10.9817 23.7621
20.8438 10.9817 23.7621
20.8438 10.9817 23.7621
23.0971 9.74519 25.4254
23.0971 9.74519 25.4254
21.6837 11.8497 25.7074
21.6837 11.8497 25.7074
20.7493 13.384 22.99
20.7493 13.384 22.99
18.1331 10.8931 20.5528
19.8621 8.58558 19.6461
19.5172 11.1617 22.1014
17.027 9.80203 24.4754
18.9402 10.6642 22.6313
16.3447 8.49205 19.7577
16.3447 8.49205 19.7577
16.3447 8.49205 19.7577
16.3447 8.49205 19.7577
16.32 10.7782 18.9258
16.32 10.7782 18.9258
16.32 10.7782 18.9258
13.3704 11.7017 17.7244
14.1037 12.4747 15.4258
14.1037 12.4747 15.4258
14.1037 12.4747 15.4258
14.1037 12.4747 15.4258
14.8007 10.4079 15.6542
15.0376 9.67369 16.6153
13.1661 6.77427 16.1785
11.4477 4.01666 15.154
11.5223 3.83598 15.2738
8.88439 4.24145 17.656
7.66047 4.79724 16.0433
5.15694 2.54277 13.1925
2.9691 3.50191 12.2806
0.392738 0.684927 12.6065
1.87624 -2.24901 11.9598
1.87624 -2.24901 11.9598
1.87624 -2.24901 11.9598
2.50543 -0.502508 10.7136
1.42439 -0.546058 12.1132
1.42439 -0.546058 12.1132
1.79726 -2.36844 13.0999
-0.394286 -1.20648 13.0411
-0.779197 -0.251294 13.0836
-1.43835 -2.55997 10.223
-3.04723 -2.88139 9.42802
-3.04723 -2.88139 9.42802
-1.42698 -1.93752 7.15768
-0.832718 -2.59345 7.5578
-0.832718 -2.59345 7.5578
-3.72427 -3.54337 7.76218
-3.72427 -3.54337 7.76218
-3.72427 -3.54337 7.76218
-4.2909 -4.2024 5.81265
-2.07805 -5.32553 3.70765
0.179882 -3.9893 4.73531
2.26289 -1.52329 5.53254
2.26289 -1.52329 5.53254
2.26289 -1.52329 5.53254
2.26289 -1.52329 5.53254
2.26289 -1.52329 5.53254
-0.090242 -2.83205 3.48147
1.6437 -0.329082 0.939626
1.6437 -0.329082 0.939626
1.6437 -0.329082 0.939626
1.6437 -0.329082 0.939626
0.345055 0.133105 3.67353
0.405863 -0.50633 2.6893
0.161264 1.54583 3.81361
2.66472 1.93349 4.06268
2.66472 1.93349 4.06268
2.66472 1.93349 4.06268
0.326079 3.54148 3.75239
1.62202 3.04717 3.81202
1.62202 3.04717 3.81202
1.62202 3.04717 3.81202
0.0902853 4.72156 6.21328
0.0902853 4.72156 6.21328
2.08925 5.099 3.34504
3.18865 4.77414 4.36523
2.88836 2.25938 7.20998
2.88836 2.25938 7.20998
5.82397 2.14952 5.84897
5.82397 2.14952 5.84897
6.16526 0.00983032 3.38843
3.66563 2.28577 2.5794
2.30279 0.904097 3.55911
2.30279 0.904097 3.55911
2.26494 0.895978 1.64237
2.26494 0.895978 1.64237
3.06474 0.256158 1.71413
3.06474 0.256158 1.71413
3.06474 0.256158 1.71413
0.987376 -0.298925 4.06474
0.95734 2.00738 5.17666
0.852992 0.634722 5.93055
1.62136 0.660614 3.36872
1.62136 0.660614 3.36872
1.12217 0.989082 1.01984
1.12217 0.989082 1.01984
1.12217 0.989082 1.01984
0.00664612 0.252067 2.71542
0.00664612 0.252067 2.71542
-0.510388 0.179378 2.07917
-0.510388 0.179378 2.07917
1.15803 -0.770385 4.67109
2.12161 0.078972 5.29114
3.26395 1.78621 2.79025
3.26395 1.78621 2.79025
1.15775 -0.818721 0.529173
1.15775 -0.818721 0.529173
3.71338 -2.48165 -1.12781
0.766444 -2.53583 -3.9182
3.55115 -0.839695 -3.50226
0.981376 1.80669 -1.48596
-1.58073 1.95449 -3.05379
-1.58073 1.95449 -3.05379
-0.808366 -0.548735 -2.38197
-0.808366 -0.548735 -2.38197
-0.808366 -0.548735 -2.38197
-0.808366 -0.548735 -2.38197
-0.151304 -2.24637 -2.81822
-0.151304 -2.24637 -2.81822
0.282916 -2.10571 -3.45567
0.34939 -2.02062 -1.94689
-0.800797 -0.745523 -2.66599
-0.800797 -0.745523 -2.66599
-2.70876 -0.43668 -1.62917
-2.70876 -0.43668 -1.62917
-0.228379 0.985657 -4.30857
-0.228379 0.985657 -4.30857
-0.228379 0.985657 -4.30857
-0.228379 0.985657 -4.30857
1.38014 2.53082 -3.87342
2.61333 -0.405193 -4.27868
2.6944 -0.452661 -1.83558
2.6944 -0.452661 -1.83558
2.6944 -0.452661 -1.83558
2.6944 -0.452661 -1.83558
2.6944 -0.452661 -1.83558
2.6944 -0.452661 -1.83558
2.6944 -0.452661 -1.83558
1.58721 0.362628 -0.968664
1.58721 0.362628 -0.968664
1.58721 0.362628 -0.968664
2.80721 -0.412669 -2.93462
2.80721 -0.412669 -2.93462
4.49449 1.05993 -5.45516
3.29623 1.37275 -4.37443
3.29623 1.37275 -4.37443
2.87611 -1.4543 -4.64371
3.54642 -4.31763 -2.80077
3.54642 -4.31763 -2.80077
3.54642 -4.31763 -2.80077
3.54642 -4.31763 -2.80077
3.54642 -4.31763 -2.80077
2.28408 -6.61434 -5.11694
2.28408 -6.61434 -5.11694
-0.220248 -5.35843 -3.93497
-0.220248 -5.35843 -3.93497
-0.220248 -5.35843 -3.93497
0.258863 -4.33758 -4.98237
-2.41626 -4.67691 -2.11301
-2.41626 -4.67691 -2.11301
-1.09889 -3.19133 -0.731027
0.224339 -2.31006 0.638624
0.143335 0.287633 2.12296
0.143335 0.287633 2.12296
0.143335 0.287633 2.12296
0.143335 0.287633 2.12296
0.143335 0.287633 2.12296
0.143335 0.287633 2.12296
0.143335 0.287633 2.12296
0.143335 0.287633 2.12296
0.143335 0.287633 2.12296
0.143335 0.287633 2.12296
0.143335 0.287633 2.12296
0.143335 0.287633 2.12296
0.143335 0.287633 2.12296
0.143335 0.287633 2.12296
0.143335 0.287633 2.12296
0.143335 0.287633 2.12296
0.143335 0.287633 2.12296
0.143335 0.287633 2.12296
0.143335 0.287633 2.12296
0.143335 0.287633 2.12296
-0.862 0.197731 4.5332
-0.862 0.197731 4.5332
1.77627 1.4083 3.09062
1.77627 1.4083 3.09062
1.77627 1.4083 3.09062
1.77627 1.4083 3.09062
2.58554 1.00147 3.82656
2.58554 1.00147 3.82656
2.58554 1.00147 3.82656
2.58554 1.00147 3.82656
2.58554 1.00147 3.82656
0.402031 1.66944 2.87584
0.402031 1.66944 2.87584
0.402031 1.66944 2.87584
0.402031 1.66944 2.87584
0.402031 1.66944 2.87584
0.402031 1.66944 2.87584
0.402031 1.66944 2.87584
0.402031 1.66944 2.87584
0.402031 1.66944 2.87584
0.402031 1.66944 2.87584
0.402031 1.66944 2.87584
0.402031 1.66944 2.87584
0.402031 1.66944 2.87584
0.402031 1.66944 2.87584
2.47237 0.798353 3.32033
1.94001 0.943081 1.40657
1.94001 0.943081 1.40657
-0.808215 2.46887 3.01548
1.46985 0.190968 2.41918
1.46985 0.190968 2.41918
0.686185 2.89913 3.54829
2.39966 1.85547 2.54771
2.39966 1.85547 2.54771
2.97469 4.57002 1.92077
2.97469 4.57002 1.92077
2.97469 4.57002 1.92077
2.02982 3.24605 3.32304
-0.584393 1.45108 1.39157
-0.584393 1.45108 1.39157
-0.584393 1.45108 1.39157
0.166114 -1.3051 -1.39086
0.166114 -1.3051 -1.39086
0.166114 -1.3051 -1.39086
0.166114 -1.3051 -1.39086
-1.4524 -1.32113 -0.773492
-2.92916 0.379964 -2.56119
-2.92916 0.379964 -2.56119
-1.10575 -2.37974 -1.2774
-2.04912 -1.35478 1.13418
-2.04912 -1.35478 1.13418
-2.04912 -1.35478 1.13418
-0.0289161 0.813824 -1.12244
-0.0289161 0.813824 -1.12244
2.81748 2.39551 1.75319
2.81748 2.39551 1.75319
2.81748 2.39551 1.75319
2.81748 2.39551 1.75319
1.06121 0.139664 3.74552
1.06121 0.139664 3.74552
1.72512 -0.483571 3.08413
1.72512 -0.483571 3.08413
1.72512 -0.483571 3.08413
1.72512 -0.483571 3.08413
0.150621 1.52201 2.35365
0.150621 1.52201 2.35365
0.150621 1.52201 2.35365
0.150621 1.52201 2.35365
0.150621 1.52201 2.35365
0.150621 1.52201 2.35365
0.150621 1.52201 2.35365
0.150621 1.52201 2.35365
0.150621 1.52201 2.35365
0.150621 1.52201 2.35365
0.150621 1.52201 2.35365
0.150621 1.52201 2.35365
0.824203 0.641806 2.1088
1.13004 0.945651 4.65711
3.727 0.554637 2.36766
3.727 0.554637 2.36766
3.85854 1.19368 3.63564
3.85854 1.19368 3.63564
1.13013 1.51753 5.89473
1.13013 1.51753 5.89473
1.13013 1.51753 5.89473
1.13013 1.51753 5.89473
1.13013 1.51753 5.89473
1.13013 1.51753 5.89473
1.13013 1.51753 5.89473
3.47293 2.33085 7.60388
1.81992 1.70274 5.60051
1.81992 1.70274 5.60051
-0.0952257 2.80072 3.52722
0.671831 0.0729201 4.96144
0.671831 0.0729201 4.96144
0.519032 0.829108 4.48858
0.519032 0.829108 4.48858
0.519032 0.829108 4.48858
-2.30744 -0.66001 6.52188
0.190916 -1.43701 5.40237
0.190916 -1.43701 5.40237
-1.64891 -0.490358 7.69693
-1.64891 -0.490358 7.69693
-0.598531 0.345094 7.14578
1.39361 0.985021 7.62041
1.39361 0.985021 7.62041
4.02007 3.2181 5.14744
1.13911 1.41562 7.25248
1.13911 1.41562 7.25248
3.30778 1.04424 5.82729
3.30778 1.04424 5.82729
1.61413 0.75101 3.82863
-1.12542 -1.78405 1.22629
-1.12542 -1.78405 1.22629
-1.12542 -1.78405 1.22629
-3.22482 -1.29241 3.73434
-2.85109 0.0644707 3.604
-2.85109 0.0644707 3.604
-1.10146 0.971901 5.3008
-1.10146 0.971901 5.3008
-1.10146 0.971901 5.3008
-1.91935 3.53846 5.38175
0.706283 2.75308 5.03394
3.11149 1.20889 3.81033
3.11149 1.20889 3.81033
0.730469 0.747256 3.86754
0.730469 0.747256 3.86754
0.730469 0.747256 3.86754
0.032172 0.463224 4.76616
0.6676 -2.455 2.6345
-1.21276 -2.07492 5.05938
-1.21276 -2.07492 5.05938
-1.21276 -2.07492 5.05938
-1.21276 -2.07492 5.05938
-1.14806 0.784808 2.81186
-1.14806 0.784808 2.81186
-1.14806 0.784808 2.81186
-1.14806 0.784808 2.81186
-1.14806 0.784808 2.81186
-1.14806 0.784808 2.81186
0.106223 0.716951 3.5371
0.106223 0.716951 3.5371
0.106223 0.716951 3.5371
0.106223 0.716951 3.5371
0.106223 0.716951 3.5371
-2.74948 -1.88429 3.27185
-2.74948 -1.88429 3.27185
-2.74948 -1.88429 3.27185
-2.74948 -1.88429 3.27185
-1.02415 0.0225702 4.23908
-0.758359 -2.86054 3.0461
-0.758359 -2.86054 3.0461
-1.29271 -3.81466 4.69955
-1.29271 -3.81466 4.69955
-1.29271 -3.81466 4.69955
-1.43423 -2.34663 4.26885
0.84275 -1.3526 6.88596
0.84275 -1.3526 6.88596
-1.49208 -2.85255 6.78545
1.3254 -1.02755 9.50663
1.3254 -1.02755 9.50663
-0.233689 0.772803 8.02242
1.12447 3.63496 5.66239
1.59707 4.8476 3.31078
1.59707 4.8476 3.31078
1.59707 4.8476 3.31078
0.202422 5.22007 5.5033
0.202422 5.22007 5.5033
0.202422 5.22007 5.5033
2.07996 7.97013 3.19475
-0.232919 9.85735 3.41439
-0.232919 9.85735 3.41439
-0.100804 8.03399 3.5454
-0.100804 8.03399 3.5454
-0.149774 9.55921 5.36183
-0.149774 9.55921 5.36183
0.179581 9.30881 2.91068
0.179581 9.30881 2.91068
-1.82119 7.42541 4.64925
-1.82119 7.42541 4.64925
-1.82119 7.42541 4.64925
-4.50759 6.26472 4.72515
-4.5636 4.81359 2.72709
-2.29392 7.12053 5.54323
-1.0932 5.79961 6.0063
-1.0932 5.79961 6.0063
1.06242 4.33905 4.7656
3.945 2.47734 3.1122
3.945 2.47734 3.1122
1.44857 1.40446 5.00119
2.52563 -0.282455 3.51066
2.52563 -0.282455 3.51066
2.52563 -0.282455 3.51066
2.83801 1.0388 1.75285
2.83801 1.0388 1.75285
4.32894 -1.27531 4.50609
2.45979 -2.37987 4.39821
-0.230243 -3.45667 2.83253
2.55124 -1.72705 3.32306
0.184414 -0.563543 4.52197
0.184414 -0.563543 4.52197
-1.52113 0.382293 4.24974
-1.20984 -0.258595 5.69676
-3.96592 0.922096 4.80054
-5.94126 -0.390513 4.85509
-6.39799 1.87299 3.3094
-4.77056 1.97213 3.19053
-2.48578 4.59032 5.62068
-2.48578 4.59032 5.62068
-2.48578 4.59032 5.62068
-2.48578 4.59032 5.62068
-0.916227 4.27765 6.21479
-0.269383 4.00505 7.50955
1.07845 3.25035 7.89176
1.07845 3.25035 7.89176
3.80936 2.72873 7.46831
3.80936 2.72873 7.46831
4.88584 1.30879 7.50257
4.88584 1.30879 7.50257
2.873 1.09331 6.52928
0.764799 -0.504854 5.66286
2.11011 0.798427 3.23265
0.925949 1.20803 3.67465
0.925949 1.20803 3.67465
0.925949 1.20803 3.67465
0.925949 1.20803 3.67465
0.925949 1.20803 3.67465
-1.04442 -1.20689 5.80585
-0.79789 -1.62006 7.56277
-1.994 -1.51334 10.0223
-1.994 -1.51334 10.0223
-1.994 -1.51334 10.0223
-1.994 -1.51334 10.0223
-0.251577 0.970148 8.8239
-3.18854 -1.14967 7.58341
-3.18854 -1.14967 7.58341
-3.18854 -1.14967 7.58341
-3.18854 -1.14967 7.58341
-3.64699 0.818877 5.02048
-0.746953 -0.678043 2.26817
1.30761 -0.233458 1.46505
-0.113814 -1.28081 -0.752988
-1.79539 -0.862208 1.16539
-3.31862 0.948928 2.38442
-3.31862 0.948928 2.38442
-1.013 -0.420032 0.398377
1.61224 -0.194065 3.34488
1.61224 -0.194065 3.34488
1.61224 -0.194065 3.34488
1.02605 1.05143 3.58934
1.02605 1.05143 3.58934
1.02605 1.05143 3.58934
-0.172087 -1.67096 2.66404
-2.97022 0.46266 4.4546
-1.97473 -0.182119 4.57677
-1.97473 -0.182119 4.57677
-1.97473 -0.182119 4.57677
-1.38672 -1.71049 2.56635
-1.38672 -1.71049 2.56635
0.799264 -1.64443 2.66009
0.0631185 -1.26166 2.2313
0.0631185 -1.26166 2.2313
0.0631185 -1.26166 2.2313
0.0631185 -1.26166 2.2313
0.0631185 -1.26166 2.2313
0.0631185 -1.26166 2.2313
-2.7065 -3.58877 3.41377
-4.83721 -0.807771 6.35591
-4.83721 -0.807771 6.35591
-5.14259 1.72238 6.18381
-7.32633 1.7336 6.87408
-4.80991 2.60041 6.75476
-4.80991 2.60041 6.75476
-4.49409 0.272266 9.22904
-5.25913 -0.402175 7.36575
-5.56076 -1.979 5.18084
-5.63842 -1.12791 6.71236
-5.63842 -1.12791 6.71236
-7.7369 0.729931 6.79783
-8.446 -0.105732 4.02004
-8.21649 0.440515 2.90582
-8.31803 -1.91146 5.09868
-11.0913 -1.24563 7.41342
-9.00429 -0.768162 10.0585
-6.84549 -0.475449 9.50863
-4.31341 1.61228 10.2846
-4.31341 1.61228 10.2846
-6.78179 1.9564 8.45281
-5.11529 1.09753 11.025
-2.96272 -1.52608 8.31998
-2.34151 -3.23143 7.97309
-3.37371 -2.7488 7.33157
-2.92785 -3.36136 5.93956
-0.943981 -1.57756 4.03658
0.59187 0.122262 3.50488
0.59187 0.122262 3.50488
0.59187 0.122262 3.50488
0.59187 0.122262 3.50488
-1.24294 -1.57417 4.66034
0.62876 -3.05797 3.28201
2.96582 -5.03345 4.55795
2.96582 -5.03345 4.55795
2.96582 -5.03345 4.55795
3.83101 -6.14653 3.70033
3.59489 -4.15045 3.25956
0.790886 -5.59805 5.25399
1.95707 -3.0942 3.40286
1.95707 -3.0942 3.40286
1.95707 -3.0942 3.40286
1.95707 -3.0942 3.40286
1.95707 -3.0942 3.40286
1.95707 -3.0942 3.40286
1.95707 -3.0942 3.40286
1.95707 -3.0942 3.40286
1.95707 -3.0942 3.40286
1.95707 -3.0942 3.40286
-0.239773 -2.18918 5.09859
-0.239773 -2.18918 5.09859
-0.239773 -2.18918 5.09859
1.77252 -3.09051 5.16684
1.77252 -3.09051 5.16684
1.86389 -4.29401 3.10225
1.86389 -4.29401 3.10225
0.151126 -2.47614 5.9952
3.00925 -0.245621 4.26647
0.09847 -3.17331 2.90292
-1.15499 -5.73772 1.91174
-1.15499 -5.73772 1.91174
-4.04135 -3.55442 1.87239
-5.7352 -2.82429 2.71467
-3.85822 -4.51059 2.69065
-3.58807 -4.54199 5.62341
-3.21068 -2.85516 4.53519
-1.35269 -1.5078 1.71597
-0.00438515 -2.06003 3.34536
-0.00438515 -2.06003 3.34536
-1.49627 -1.00681 5.35544
-1.49627 -1.00681 5.35544
-1.49627 -1.00681 5.35544
-1.49627 -1.00681 5.35544
-1.49627 -1.00681 5.35544
-1.49627 -1.00681 5.35544
-2.34201 -3.6115 4.85168
-4.58862 -2.29027 3.20789
-3.6773 0.106669 3.66067
-3.6773 0.106669 3.66067
-3.6773 0.106669 3.66067
-3.6773 0.106669 3.66067
-1.204 -0.0719578 6.42188
-2.4089 0.27186 3.57598
-2.4089 0.27186 3.57598
0.0479045 0.789018 2.76054
0.0479045 0.789018 2.76054
0.0479045 0.789018 2.76054
0.0479045 0.789018 2.76054
0.0479045 0.789018 2.76054
0.0479045 0.789018 2.76054
0.0479045 0.789018 2.76054
0.0479045 0.789018 2.76054
0.0479045 0.789018 2.76054
0.0479045 0.789018 2.76054
-1.3808 0.888479 4.96759
0.745831 1.6396 2.81073
3.42859 0.681962 3.35575
3.42859 0.681962 3.35575
3.03921 0.572208 3.50248
3.03921 0.572208 3.50248
3.03921 0.572208 3.50248
0.127624 1.71841 5.0139
1.83207 0.655766 4.69423
1.83207 0.655766 4.69423
0.86379 1.07041 3.42312
0.86379 1.07041 3.42312
0.86379 1.07041 3.42312
-0.981796 -0.314537 1.14519
-0.981796 -0.314537 1.14519
-0.981796 -0.314537 1.14519
-0.981796 -0.314537 1.14519
-1.8557 -1.70147 0.868325
-1.8557 -1.70147 0.868325
-2.15643 -2.97264 3.72209
-2.15643 -2.97264 3.72209
-1.86705 -2.79948 1.70891
-1.86705 -2.79948 1.70891
-0.392552 -3.7118 4.53721
-0.392552 -3.7118 4.53721
-0.392552 -3.7118 4.53721
2.37893 -1.70156 4.29055
1.88996 -1.03572 6.7011
1.88996 -1.03572 6.7011
0.709812 0.752115 4.701
0.709812 0.752115 4.701
0.709812 0.752115 4.701
0.709812 0.752115 4.701
1.72997 1.75347 6.30252
1.72997 1.75347 6.30252
1.72997 1.75347 6.30252
0.153157 1.04313 5.66141
0.153157 1.04313 5.66141
-1.62386 0.0932366 7.03836
0.205655 -1.97243 8.64981
2.86135 -0.0378434 8.29017
1.81905 2.51995 6.15819
0.243072 2.42482 7.35044
3.16155 0.203356 5.18957
3.16155 0.203356 5.18957
3.16155 0.203356 5.18957
3.16155 0.203356 5.18957
3.16155 0.203356 5.18957
3.81761 0.956987 6.03622
3.81761 0.956987 6.03622
2.84016 1.23001 6.68163
0.536586 1.15593 8.0635
0.536586 1.15593 8.0635
0.536586 1.15593 8.0635
1.22059 -1.48758 6.98706
1.53124 -0.369413 7.98847
1.53124 -0.369413 7.98847
1.53124 -0.369413 7.98847
2.2571 -0.00847602 7.14613
0.396458 0.517856 5.98926
0.396458 0.517856 5.98926
-1.66434 1.01091 5.2714
-1.59158 1.92381 6.4478
-0.264157 0.430109 4.24862
0.120276 0.71211 2.89609
0.120276 0.71211 2.89609
0.120276 0.71211 2.89609
0.120276 0.71211 2.89609
0.120276 0.71211 2.89609
0.120276 0.71211 2.89609
0.120276 0.71211 2.89609
0.120276 0.71211 2.89609
1.00359 2.2534 4.60042
2.33506 1.71191 1.71365
2.33506 1.71191 1.71365
2.33506 1.71191 1.71365
2.33506 1.71191 1.71365
0.951791 3.92706 2.62394
-0.357103 6.15892 2.87091
-0.357103 6.15892 2.87091
-0.357103 6.15892 2.87091
-0.357103 6.15892 2.87091
-0.357103 6.15892 2.87091
-1.59784 6.21278 1.66996
-1.59784 6.21278 1.66996
-0.0255738 6.73788 2.66014
-0.0255738 6.73788 2.66014
-0.0255738 6.73788 2.66014
-0.0255738 6.73788 2.66014
2.49833 3.8932 4.08146
4.78279 1.7731 5.05748
3.44359 1.99736 6.26031
1.6813 0.470204 3.79898
1.6813 0.470204 3.79898
1.6813 0.470204 3.79898
1.6813 0.470204 3.79898
1.6813 0.470204 3.79898
1.6813 0.470204 3.79898
1.6813 0.470204 3.79898
1.6813 0.470204 3.79898
-1.20096 -0.374156 2.72449
-1.20096 -0.374156 2.72449
-1.20096 -0.374156 2.72449
-1.20096 -0.374156 2.72449
-0.0169852 -1.00677 3.65399
0.647048 1.34769 6.47633
1.61242 1.60042 6.61515
1.61242 1.60042 6.61515
0.316616 0.915795 5.67305
-2.14284 0.315322 3.95197
-2.14284 0.315322 3.95197
-2.14284 0.315322 3.95197
-0.0892325 2.26136 4.57128
-1.15506 1.65601 5.87951
-1.95063 -1.27126 5.20631
-3.79551 0.256596 3.65391
-3.79551 0.256596 3.65391
-3.79551 0.256596 3.65391
-3.79551 0.256596 3.65391
-3.79551 0.256596 3.65391
-3.79551 0.256596 3.65391
-3.79551 0.256596 3.65391
-2.4083 0.921705 5.33571
-2.4083 0.921705 5.33571
-2.98758 -1.37001 2.64435
-2.98758 -1.37001 2.64435
-2.98758 -1.37001 2.64435
-2.98758 -1.37001 2.64435
-3.4078 -1.38658 2.27058
-2.93794 1.31792 3.64037
-2.74874 1.36793 1.02375
-1.05793 -1.04073 3.25018
-1.05793 -1.04073 3.25018
0.276465 1.16656 3.14013
-1.0495 0.972509 4.04117
-1.0495 0.972509 4.04117
1.48767 -1.54302 4.47716
1.48767 -1.54302 4.47716
2.05538 -1.60385 1.88185
0.0970268 0.910511 4.06053
0.0970268 0.910511 4.06053
1.19179 0.937633 2.21289
1.19179 0.937633 2.21289
1.19179 0.937633 2.21289
-0.486708 1.7129 3.28232
-2.07657 0.060131 2.38577
-2.07657 0.060131 2.38577
-2.07657 0.060131 2.38577
-2.07657 0.060131 2.38577
-1.22656 -0.725665 5.20136
-1.18668 -0.291671 2.6614
-0.361959 -1.44818 2.80719
-0.361959 -1.44818 2.80719
-0.361959 -1.44818 2.80719
-0.361959 -1.44818 2.80719
-0.361959 -1.44818 2.80719
-0.361959 -1.44818 2.80719
-0.361959 -1.44818 2.80719
-0.361959 -1.44818 2.80719
-0.122311 0.00970249 3.47389
-0.122311 0.00970249 3.47389
1.46059 0.216976 3.05233
2.66961 -1.83685 4.69607
2.66961 -1.83685 4.69607
0.0764559 -1.76899 6.3574
-2.14635 -1.83489 6.93928
-3.59378 0.484354 8.20729
-4.00273 -0.375037 6.99016
-1.10377 -2.31802 8.44058
-1.10377 -2.31802 8.44058
-1.10377 -2.31802 8.44058
-1.56597 -1.67667 9.19946
-1.94704 0.847131 7.5188
0.445152 2.02046 7.84463
0.894041 2.05373 9.5678
0.894041 2.05373 9.5678
-0.500681 -0.859022 9.6417
-3.11522 0.0544098 11.1798
-0.765528 -2.40252 10.1478
-0.765528 -2.40252 10.1478
-0.105498 -3.72259 8.09512
2.68621 -1.79822 7.59287
0.389177 -3.76071 5.41148
-0.885876 -1.12621 7.74011
1.04625 -0.905349 5.21263
1.04625 -0.905349 5.21263
1.04625 -0.905349 5.21263
1.04625 -0.905349 5.21263
1.04625 -0.905349 5.21263
-1.12331 -2.71286 6.46112
-0.514057 -3.28045 6.33153
1.57608 -1.62644 6.94375
2.73349 -2.71887 6.43437
2.73349 -2.71887 6.43437
0.13655 -0.220846 7.12876
1.45041 -0.0275466 6.37456
1.45041 -0.0275466 6.37456
3.82641 1.35734 5.80854
2.83579 3.51589 5.99076
2.44998 5.26356 6.72307
0.545748 2.33726 5.97283
1.17958 0.0582782 4.22466
-0.639476 -1.61184 4.51946
-0.639476 -1.61184 4.51946
1.37126 -1.54629 3.70505
1.37126 -1.54629 3.70505
1.37126 -1.54629 3.70505
1.37126 -1.54629 3.70505
1.37126 -1.54629 3.70505
2.59889 -2.07696 4.59365
2.59889 -2.07696 4.59365
1.77498 -3.0332 6.94861
1.77498 -3.0332 6.94861
0.20023 -3.61803 4.14801
0.20023 -3.61803 4.14801
-2.45499 -1.81989 5.43294
-1.96042 -4.72893 2.65457
-1.96042 -4.72893 2.65457
-1.96042 -4.72893 2.65457
-1.96042 -4.72893 2.65457
-1.78432 -2.78103 5.24158
0.094898 -3.81009 2.63182
0.297957 -1.28338 3.54372
0.297957 -1.28338 3.54372
0.297957 -1.28338 3.54372
0.297957 -1.28338 3.54372
-0.38716 -1.54555 3.58085
-0.38716 -1.54555 3.58085
-0.38716 -1.54555 3.58085
-0.38716 -1.54555 3.58085
-0.38716 -1.54555 3.58085
0.376148 -0.47019 1.28283
0.376148 -0.47019 1.28283
0.376148 -0.47019 1.28283
0.376148 -0.47019 1.28283
0.376148 -0.47019 1.28283
0.376148 -0.47019 1.28283
0.376148 -0.47019 1.28283
-1.27724 -3.17916 3.10888
-0.196389 -5.96918 3.64996
-0.203874 -3.48575 3.24881
-0.203874 -3.48575 3.24881
-0.203874 -3.48575 3.24881
1.11222 -0.658863 4.70769
0.297122 1.27187 4.88493
-1.35352 2.84666 3.93722
-1.35352 2.84666 3.93722
1.03568 0.31292 5.0932
-0.783274 1.971 4.92303
-2.13527 2.49881 3.01458
-2.13527 2.49881 3.01458
-2.13527 2.49881 3.01458
-2.70166 2.10254 4.46038
-2.70166 2.10254 4.46038
-5.18669 1.13491 4.67943
-3.36647 1.68798 1.80299
-3.36647 1.68798 1.80299
-4.46797 0.421271 2.06242
-4.7584 2.46242 2.41578
-3.76744 -0.296313 3.45748
-3.76744 -0.296313 3.45748
-0.834718 -0.0797661 3.49299
-0.897894 2.30458 1.60843
-0.897894 2.30458 1.60843
-0.897894 2.30458 1.60843
1.81908 3.09746 -1.08486
3.50922 1.40353 -2.39321
3.65402 3.53082 -4.00545
3.65402 3.53082 -4.00545
4.81105 3.27983 -3.31107
4.81105 3.27983 -3.31107
4.81105 3.27983 -3.31107
2.20557 5.83628 -5.32152
1.70445 3.62587 -3.98591
-1.09733 0.821967 -2.40102
-1.89724 0.157197 -4.83238
-2.93831 1.12635 -6.04552
-3.87812 3.0437 -3.70331
-2.9262 1.06041 -1.05002
-2.9262 1.06041 -1.05002
-1.62228 -0.919135 -3.59626
-1.62228 -0.919135 -3.59626
-1.62228 -0.919135 -3.59626
-1.62228 -0.919135 -3.59626
-2.76877 0.55341 -4.43048
-0.911557 -1.84966 -3.29502
-0.911557 -1.84966 -3.29502
0.671555 -2.63931 -4.08832
1.7155 -1.17687 -2.90192
1.7155 -1.17687 -2.90192
3.68296 -0.618774 -3.5541
5.77418 -2.67155 -5.19292
6.39219 -1.83002 -5.54272
6.39219 -1.83002 -5.54272
6.39219 -1.83002 -5.54272
6.39219 -1.83002 -5.54272
3.77598 -4.13645 -6.04273
3.77598 -4.13645 -6.04273
5.94442 -1.22667 -5.86853
5.94442 -1.22667 -5.86853
6.54403 -0.854012 -5.34791
6.73609 -1.34968 -8.26025
5.57777 -0.970038 -7.30459
7.01121 1.70623 -5.71023
7.01121 1.70623 -5.71023
4.1717 3.04112 -6.70129
1.92774 4.00145 -4.61256
1.32911 4.18544 -1.73458
2.13204 1.91282 -3.13656
1.6772 2.7269 -2.78384
1.6772 2.7269 -2.78384
-0.228205 0.197176 -0.167614
-1.8542 1.35706 -2.66415
-3.48365 3.34803 -2.76829
-6.18624 5.54943 -5.53135
-6.65356 3.27577 -6.19505
-6.65356 3.27577 -6.19505
-6.67584 2.64862 -5.08518
-4.38603 0.762814 -7.45481
-1.71838 0.581327 -5.76815
-1.71838 0.581327 -5.76815
-2.49394 -2.2355 -5.29197
-1.21607 -1.99093 -5.79959
-1.21607 -1.99093 -5.79959
-0.332089 -0.621256 -4.1995
-0.332089 -0.621256 -4.1995
0.676996 1.93502 -1.4844
0.676996 1.93502 -1.4844
0.676996 1.93502 -1.4844
2.44218 -0.698783 -4.17143
2.11052 -1.98393 -6.56148
4.7769 0.40605 -4.29968
4.7769 0.40605 -4.29968
5.50915 1.67028 -1.63408
5.50915 1.67028 -1.63408
3.49441 1.51019 -2.34667
3.49441 1.51019 -2.34667
3.49441 1.51019 -2.34667
3.49441 1.51019 -2.34667
3.11673 3.99131 -4.17099
1.80127 4.75768 -2.61836
1.80127 4.75768 -2.61836
2.59593 6.82174 -3.73186
1.96562 6.71222 -3.30386
2.25993 4.28517 -2.4177
2.25993 4.28517 -2.4177
2.25993 4.28517 -2.4177
2.25993 4.28517 -2.4177
2.25993 4.28517 -2.4177
2.66654 1.91773 -2.89331
2.66654 1.91773 -2.89331
1.32395 1.58354 -1.55511
0.0949217 0.558165 -4.29205
0.8423 3.14489 -5.8198
0.8423 3.14489 -5.8198
-0.505671 4.93759 -4.3789
1.9533 3.20585 -2.62738
1.9533 3.20585 -2.62738
1.9533 3.20585 -2.62738
1.9533 3.20585 -2.62738
0.917223 1.85604 -4.98031
0.375293 1.86063 -6.05427
2.66631 -0.495357 -4.585
1.65818 1.31306 -5.61826
3.04893 0.163061 -2.88331
3.04893 0.163061 -2.88331
3.04893 0.163061 -2.88331
3.063 1.05816 -1.55719
2.26349 -1.7187 -3.64416
1.53306 0.741414 -0.854589
1.53306 0.741414 -0.854589
0.921266 0.999903 -1.26531
0.921266 0.999903 -1.26531
2.52693 -0.671534 -3.44425
2.52693 -0.671534 -3.44425
5.01201 -0.525238 -2.25708
2.96581 -2.52296 -4.30705
0.988322 -0.613576 -6.85253
0.138002 0.23755 -7.86523
-1.58117 -1.63526 -8.05932
-1.58117 -1.63526 -8.05932
-1.76124 -1.81382 -5.54183
-1.76124 -1.81382 -5.54183
-1.76124 -1.81382 -5.54183
-1.76124 -1.81382 -5.54183
-1.76124 -1.81382 -5.54183
-0.840274 -0.547561 -4.72467
-0.840274 -0.547561 -4.72467
-0.840274 -0.547561 -4.72467
1.7634 -2.71456 -2.22907
1.7634 -2.71456 -2.22907
1.7634 -2.71456 -2.22907
2.13914 -1.23098 -1.92771
2.13914 -1.23098 -1.92771
0.746677 -1.70989 -4.71463
0.746677 -1.70989 -4.71463
0.746677 -1.70989 -4.71463
0.746677 -1.70989 -4.71463
0.746677 -1.70989 -4.71463
0.746677 -1.70989 -4.71463
1.09687 -2.96723 -4.36388
3.54223 -2.34542 -1.79263
4.30854 -1.3216 -1.66116
4.30854 -1.3216 -1.66116
2.37943 -2.46152 -0.342757
0.135287 -3.30561 -2.21419
0.551065 -1.72759 -2.69432
0.36349 -2.8499 -0.556794
2.78464 -1.18216 -0.728892
3.20582 0.909249 -3.67497
1.5134 1.02535 -4.60804
1.07027 1.02017 -1.78194
1.07027 1.02017 -1.78194
1.07027 1.02017 -1.78194
0.722276 -1.33387 -2.51479
0.722276 -1.33387 -2.51479
0.722276 -1.33387 -2.51479
0.722276 -1.33387 -2.51479
0.443323 0.189662 -2.34443
0.443323 0.189662 -2.34443
0.443323 0.189662 -2.34443
0.443323 0.189662 -2.34443
0.443323 0.189662 -2.34443
0.443323 0.189662 -2.34443
0.443323 0.189662 -2.34443
0.443323 0.189662 -2.34443
-1.70401 -2.20803 -2.10785
-1.70401 -2.20803 -2.10785
-0.316977 -3.33908 -1.91247
