-1.70401 -2.20803 -2.10785
-2.1503 -5.04628 -1.52172
-3.18098 -6.5127 -1.8277
-2.84631 -7.75034 -4.97519
-2.74795 -9.58894 -7.26547
-2.74795 -9.58894 -7.26547
-2.12963 -7.2672 -7.67335
1.29173 -7.06175 -6.92391
5.22894 -3.62119 -5.96754
6.14534 -3.89291 -7.36457
6.14534 -3.89291 -7.36457
6.14534 -3.89291 -7.36457
6.14534 -3.89291 -7.36457
6.14534 -3.89291 -7.36457
6.14534 -3.89291 -7.36457
6.45728 -3.75625 -7.6331
6.45728 -3.75625 -7.6331
3.97758 -0.660411 -7.03535
3.97758 -0.660411 -7.03535
3.46119 -3.9168 -3.19785
3.36793 -5.72479 -5.33824
4.72753 -4.72312 -4.26947
5.03793 0.0135418 -4.63439
5.11247 -2.05044 -7.13347
5.11247 -2.05044 -7.13347
5.11247 -2.05044 -7.13347
5.45531 -0.230355 -5.1235
5.45531 -0.230355 -5.1235
5.45531 -0.230355 -5.1235
5.92012 -0.452022 -4.99158
6.37912 -2.67625 -6.81685
8.39565 -2.80845 -6.44585
8.94898 -3.11146 -6.96489
10.1169 -3.49101 -6.94543
10.1169 -3.49101 -6.94543
10.1169 -3.49101 -6.94543
8.46905 -4.0022 -8.66672
6.36502 -4.61381 -7.55275
4.24184 -5.67518 -8.03231
5.14443 -5.42241 -9.39226
5.14443 -5.42241 -9.39226
5.14443 -5.42241 -9.39226
1.91203 -5.56389 -9.63289
4.34428 -2.75557 -9.48933
2.876 -2.15849 -10.9003
2.876 -2.15849 -10.9003
4.07943 -0.318181 -12.8425
4.56389 2.57027 -11.8375
4.54874 -0.856467 -11.9912
4.54874 -0.856467 -11.9912
5.88787 0.536833 -11.3003
7.05297 0.0267517 -8.88198
5.29819 -0.584812 -7.67469
5.29819 -0.584812 -7.67469
5.29819 -0.584812 -7.67469
2.22162 -0.746611 -9.63166
2.22162 -0.746611 -9.63166
2.55483 2.01229 -9.19989
-0.534898 -1.31091 -9.3898
-1.48981 -2.97112 -8.65452
-1.48981 -2.97112 -8.65452
-0.901994 -2.46743 -10.6497
-1.46785 -1.90011 -10.5738
-2.21571 -4.49476 -9.26332
-4.42037 -3.88747 -7.80953
-4.42037 -3.88747 -7.80953
-6.27439 -3.02923 -8.23152
-4.72538 -7.24101 -9.73177
-4.72538 -7.24101 -9.73177
-4.72538 -7.24101 -9.73177
-4.72538 -7.24101 -9.73177
-4.36034 -7.74334 -9.30521
-4.36034 -7.74334 -9.30521
-3.08988 -6.24537 -8.78175
-3.08988 -6.24537 -8.78175
-3.08988 -6.24537 -8.78175
-2.10993 -7.1593 -5.87147
-1.31504 -6.90393 -4.69264
-1.70034 -5.72476 -2.30711
0.809071 -5.14908 -2.07947
0.809071 -5.14908 -2.07947
-1.16689 -4.3587 -2.35733
-0.885961 -1.13753 2.18279
-2.05317 -2.00595 2.45951
-2.05317 -2.00595 2.45951
-2.05317 -2.00595 2.45951
-2.69759 -3.12107 2.05626
-4.6662 -1.81467 5.03513
-3.84507 -4.3034 4.9594
-3.84507 -4.3034 4.9594
-5.55926 -1.33398 3.28213
-3.6725 -0.411472 4.03673
-3.6725 -0.411472 4.03673
-3.6725 -0.411472 4.03673
-0.086281 0.740078 3.31854
-0.086281 0.740078 3.31854
-0.086281 0.740078 3.31854
-0.086281 0.740078 3.31854
0.576587 -0.759094 3.22596
0.576587 -0.759094 3.22596
0.576587 -0.759094 3.22596
-0.182452 -0.300622 4.60479
-0.0608798 2.74737 4.44797
0.653964 1.46145 4.69907
0.653964 1.46145 4.69907
0.653964 1.46145 4.69907
0.717103 0.915344 2.04801
1.92582 0.270913 1.73599
0.132848 -1.6439 3.76563
0.833063 -0.973836 1.38407
0.396851 0.961924 -1.52282
0.396851 0.961924 -1.52282
0.916904 -0.0807725 -2.35429
0.28779 -0.745996 -3.58231
0.28779 -0.745996 -3.58231
0.28779 -0.745996 -3.58231
0.28779 -0.745996 -3.58231
-0.238444 -1.71894 -5.04216
-0.238444 -1.71894 -5.04216
0.26981 0.781161 -4.28524
0.26981 0.781161 -4.28524
3.58864 0.679212 -3.73428
3.58864 0.679212 -3.73428
1.69909 -1.74438 -5.15595
1.69909 -1.74438 -5.15595
0.873448 -0.7717 -3.74354
-2.21901 -1.52698 -5.18954
-1.70686 -1.91928 -0.833095
-1.70686 -1.91928 -0.833095
-1.70686 -1.91928 -0.833095
-1.70686 -1.91928 -0.833095
1.26159 -3.39631 2.30974
3.29855 -4.18945 -2.4225
0.00295542 -3.9447 -5.82547
0.00295542 -3.9447 -5.82547
1.04104 -3.13968 -3.14988
1.04104 -3.13968 -3.14988
1.04104 -3.13968 -3.14988
1.04104 -3.13968 -3.14988
2.44715 -5.04869 -6.91696
2.44715 -5.04869 -6.91696
0.880854 -5.16612 -0.855762
2.04102 -5.16736 1.20879
-0.857449 -7.10244 1.68953
0.404746 -5.54381 2.38153
0.404746 -5.54381 2.38153
2.21669 -5.20218 2.78082
2.99804 -3.41894 2.68294
2.20338 -0.0168595 3.20461
2.20338 -0.0168595 3.20461
2.20338 -0.0168595 3.20461
2.20338 -0.0168595 3.20461
2.94243 0.582042 3.18864
2.94243 0.582042 3.18864
0.944028 -1.46805 3.88027
0.944028 -1.46805 3.88027
1.49127 1.68484 4.61763
0.780618 1.97716 6.13068
-0.246238 2.64163 3.05471
-0.246238 2.64163 3.05471
-0.0538704 1.49749 1.91087
1.56923 0.0583288 1.81943
1.56923 0.0583288 1.81943
1.56923 0.0583288 1.81943
-0.70106 3.12947 -2.28269
-0.70106 3.12947 -2.28269
-2.69405 5.92233 -2.79914
-0.911394 5.78611 2.74124
2.09999 5.54787 5.97684
2.09999 5.54787 5.97684
4.03282 2.29277 3.01854
4.03282 2.29277 3.01854
0.00252617 -0.39906 2.55981
-1.15169 -0.421798 1.88426
-1.15169 -0.421798 1.88426
-1.15169 -0.421798 1.88426
-1.15169 -0.421798 1.88426
-1.15169 -0.421798 1.88426
-1.15169 -0.421798 1.88426
-3.40609 1.24696 -0.380324
-1.54803 -0.661073 2.9099
-1.54803 -0.661073 2.9099
-1.54803 -0.661073 2.9099
-1.37007 0.378414 4.00409
-0.909588 -0.0194965 5.27585
-0.909588 -0.0194965 5.27585
0.28884 -0.324734 7.39926
4.36378e-05 0.138751 8.04347
4.36378e-05 0.138751 8.04347
4.36378e-05 0.138751 8.04347
1.97171 0.442464 6.55891
-1.23384 1.69848 4.58437
-1.23384 1.69848 4.58437
-3.57256 0.504737 3.03024
-3.57256 0.504737 3.03024
-1.6133 1.65336 2.26146
-1.15857 -1.26994 4.51164
-1.15857 -1.26994 4.51164
-3.02916 0.960185 3.50624
-1.31203 0.332069 4.03298
-4.28883 -1.15864 5.8795
-3.38762 -3.69892 6.13296
-6.61631 -2.81263 5.82711
-7.24994 -1.52595 7.92061
-6.04717 -1.30869 4.99974
-4.78717 -3.11989 3.11641
-4.78717 -3.11989 3.11641
-4.46274 -3.09544 4.86822
-4.46274 -3.09544 4.86822
-3.7033 -0.461593 5.87275
-3.7033 -0.461593 5.87275
-0.364149 0.216982 5.2217
0.106504 1.62609 8.26763
-1.48947 4.00145 5.49114
-3.00994 3.56885 4.38302
-1.327 4.88325 3.53571
-1.04638 3.39498 6.947
-0.583224 -0.00910503 5.74421
-0.583224 -0.00910503 5.74421
-4.07968 -2.16381 6.87734
-2.82194 -0.370274 4.55459
-2.82194 -0.370274 4.55459
-2.82194 -0.370274 4.55459
-2.16251 2.8933 2.95309
-2.16251 2.8933 2.95309
-2.64615 1.55498 3.16583
0.939503 1.49679 3.9987
0.939503 1.49679 3.9987
0.939503 1.49679 3.9987
-1.02033 0.348204 1.60775
-1.02033 0.348204 1.60775
0.790723 0.421271 2.49063
0.328604 -0.785844 2.25717
0.328604 -0.785844 2.25717
0.328604 -0.785844 2.25717
0.328604 -0.785844 2.25717
0.177951 -0.212843 2.06173
-0.704803 0.0819941 2.29301
-0.704803 0.0819941 2.29301
-0.704803 0.0819941 2.29301
-0.704803 0.0819941 2.29301
-1.54813 -0.314536 2.06959
0.877124 0.165214 2.82463
-0.874774 2.58087 1.66518
-1.04255 1.91359 2.73258
0.92951 0.839543 3.5851
-0.0978715 0.284905 3.70372
-0.0978715 0.284905 3.70372
-0.0978715 0.284905 3.70372
-0.570028 -2.20135 5.96769
-0.570028 -2.20135 5.96769
-0.570028 -2.20135 5.96769
-0.698215 -6.49588 6.10435
0.535247 -7.73202 8.43022
-0.247329 -5.92402 6.3063
-3.021 -4.57132 5.82326
-2.02762 -3.90187 5.95954
-0.887302 -5.5246 5.85646
-0.887302 -5.5246 5.85646
-0.887302 -5.5246 5.85646
-0.887302 -5.5246 5.85646
0.313236 -5.99222 2.5375
0.313236 -5.99222 2.5375
1.42703 -4.44458 1.3346
1.42703 -4.44458 1.3346
1.42703 -4.44458 1.3346
2.96732 -1.91684 3.09742
2.96732 -1.91684 3.09742
2.96732 -1.91684 3.09742
2.96732 -1.91684 3.09742
1.44763 -2.74918 1.15163
-1.63091 -0.258427 4.91906
-1.63091 -0.258427 4.91906
-1.53787 -0.265467 2.31382
-1.53787 -0.265467 2.31382
-1.53787 -0.265467 2.31382
0.354966 -0.230186 0.945028
-1.97109 0.713624 -2.6013
-1.97109 0.713624 -2.6013
-1.97109 0.713624 -2.6013
-1.97109 0.713624 -2.6013
-1.97109 0.713624 -2.6013
-1.97109 0.713624 -2.6013
-1.97109 0.713624 -2.6013
-1.97109 0.713624 -2.6013
-1.35627 1.32968 -3.38843
0.55326 -0.129656 -5.24393
0.385695 0.951911 -3.74597
0.385695 0.951911 -3.74597
0.385695 0.951911 -3.74597
-1.17991 1.23774 -2.8556
-1.32672 2.04394 -3.09455
-1.32672 2.04394 -3.09455
-1.32672 2.04394 -3.09455
-1.32672 2.04394 -3.09455
0.348005 1.59354 -1.94855
0.348005 1.59354 -1.94855
0.348005 1.59354 -1.94855
-0.888682 2.69277 -2.39564
-0.888682 2.69277 -2.39564
-0.888682 2.69277 -2.39564
-0.593353 2.3677 -2.96397
1.32836 0.288316 -2.45663
1.36567 -1.90248 -1.52641
1.36567 -1.90248 -1.52641
4.0386 -0.867494 1.93761
5.34066 0.559459 3.63213
5.34066 0.559459 3.63213
4.40867 2.89674 4.41077
1.69801 5.10461 3.36105
0.0786021 4.63417 2.97108
0.0786021 4.63417 2.97108
0.0786021 4.63417 2.97108
-2.62271 5.26763 0.868682
-2.62271 5.26763 0.868682
-2.62271 5.26763 0.868682
-2.77797 4.07689 3.15974
-2.77797 4.07689 3.15974
-2.77797 4.07689 3.15974
-0.692003 3.88964 5.56096
-0.71643 3.8132 1.97283
-0.71643 3.8132 1.97283
-0.71643 3.8132 1.97283
-0.71643 3.8132 1.97283
0.134164 2.71222 3.11426
0.134164 2.71222 3.11426
1.2454 1.26081 3.52012
3.0086 2.43775 2.08542
3.0086 2.43775 2.08542
2.67867 1.10571 3.80326
2.67867 1.10571 3.80326
2.67867 1.10571 3.80326
1.1327 0.339666 5.3775
1.1327 0.339666 5.3775
0.20923 1.82835 6.05581
0.20923 1.82835 6.05581
0.20923 1.82835 6.05581
-2.70433 3.3669 7.72006
-4.98284 1.02205 6.6254
-4.98284 1.02205 6.6254
-4.98284 1.02205 6.6254
-2.21685 -2.47646 3.57424
1.91458 -2.75337 1.49403
1.91458 -2.75337 1.49403
1.91458 -2.75337 1.49403
0.636955 -2.37547 2.74377
0.178075 -1.06976 0.575312
0.178075 -1.06976 0.575312
-0.489523 0.340692 2.6022
-0.489523 0.340692 2.6022
-0.489523 0.340692 2.6022
-0.489523 0.340692 2.6022
-0.489523 0.340692 2.6022
-0.489523 0.340692 2.6022
-1.81 -0.656435 -2.27589
-3.64659 3.27712 -2.49226
-3.64659 3.27712 -2.49226
-3.64659 3.27712 -2.49226
-6.45946 1.85827 -3.6934
-5.4198 -0.758607 -5.2069
-5.4198 -0.758607 -5.2069
-2.82449 -2.5642 -6.53243
-0.782797 -2.50374 -5.55093
-1.09248 -1.54484 -4.29593
-1.09248 -1.54484 -4.29593
1.83907 -5.54782 -2.15895
1.83907 -5.54782 -2.15895
1.83907 -5.54782 -2.15895
-0.70918 -5.80737 -6.56997
-0.70918 -5.80737 -6.56997
-0.00518418 -4.75443 -9.00837
-3.75071 -4.889 -8.81003
-4.38021 -4.50174 -7.98446
-4.38021 -4.50174 -7.98446
-2.96866 -1.18968 -7.09164
-2.96866 -1.18968 -7.09164
-1.96286 -1.63851 -7.29021
1.9445 -1.65901 -5.70508
-0.515504 -3.12545 -5.83821
-0.515504 -3.12545 -5.83821
-0.515504 -3.12545 -5.83821
-0.515504 -3.12545 -5.83821
-1.17028 0.18427 -7.69349
-1.17028 0.18427 -7.69349
-1.73169 -0.260203 -5.53103
-1.73169 -0.260203 -5.53103
-1.73169 -0.260203 -5.53103
-1.73169 -0.260203 -5.53103
-2.87509 0.385821 -6.16292
1.01004 0.417882 -7.84942
1.01004 0.417882 -7.84942
0.673968 0.204412 -7.97461
0.742445 0.774442 -6.50892
0.817911 2.70726 -3.78909
0.817911 2.70726 -3.78909
0.817911 2.70726 -3.78909
0.817911 2.70726 -3.78909
0.817911 2.70726 -3.78909
-1.59779 1.30591 -3.1833
-1.18271 -1.42434 -5.22634
1.22099 -4.42844 -7.55231
1.62337 -3.83348 -4.62223
4.62222 -1.69446 -4.70269
3.40527 -2.05512 -3.67273
3.40527 -2.05512 -3.67273
1.13351 -0.0173667 -3.30691
1.13351 -0.0173667 -3.30691
1.9993 0.056508 -4.10034
1.9993 0.056508 -4.10034
2.247 -0.713029 -4.57186
2.247 -0.713029 -4.57186
3.58417 -2.13905 -2.78346
1.57287 -2.66524 -3.68206
3.72576 -2.11909 -5.19537
1.52903 -0.868699 -5.0912
1.52903 -0.868699 -5.0912
1.40786 -0.946861 -4.70203
1.40786 -0.946861 -4.70203
1.40786 -0.946861 -4.70203
1.60177 0.0250274 -3.32278
0.935896 -0.864628 -4.28979
0.896424 -1.73846 -5.40241
0.896424 -1.73846 -5.40241
0.896424 -1.73846 -5.40241
-0.637806 -3.64 -3.58612
-0.637806 -3.64 -3.58612
-0.637806 -3.64 -3.58612
-0.849845 -1.21789 -3.40101
-0.849845 -1.21789 -3.40101
-0.849845 -1.21789 -3.40101
0.749933 -0.763724 -2.42355
0.749933 -0.763724 -2.42355
0.749933 -0.763724 -2.42355
2.58475 -0.405784 -5.13116
2.58475 -0.405784 -5.13116
0.680841 0.574447 -7.74684
-0.475114 1.05532 -7.15207
-0.475114 1.05532 -7.15207
1.27543 2.951 -5.58103
-1.26093 2.10927 -9.29827
-0.683035 3.93011 -8.11803
-2.42158 4.19649 -7.39901
-1.33042 4.90386 -5.04707
-2.79307 5.46533 -3.5338
-0.108367 3.35853 -2.75195
1.23708 3.81958 -3.58124
1.23708 3.81958 -3.58124
1.23708 3.81958 -3.58124
1.23708 3.81958 -3.58124
3.38705 3.13282 -4.11633
3.38705 3.13282 -4.11633
2.93661 2.09424 -4.42263
4.05718 5.5209 -6.01925
1.03478 3.07237 -6.64441
1.03478 3.07237 -6.64441
2.56891 0.000233385 -8.72694
2.81075 -2.42483 -5.16138
2.81075 -2.42483 -5.16138
2.47831 -3.52425 -5.73477
2.47831 -3.52425 -5.73477
5.16808 -3.74689 -5.15877
1.39526 -3.67327 -5.17637
3.20596 -2.38539 -3.16953
3.20596 -2.38539 -3.16953
-0.122346 1.40489 -4.57176
-0.122346 1.40489 -4.57176
-0.122346 1.40489 -4.57176
2.53127 2.36737 -4.81269
2.77016 1.83342 -6.08378
2.77016 1.83342 -6.08378
2.77016 1.83342 -6.08378
4.57523 3.86475 -7.74781
1.71784 4.06194 -8.91851
0.68585 2.57158 -9.4536
2.96626 5.32007 -8.1116
2.96626 5.32007 -8.1116
4.77163 6.49709 -7.40555
6.4472 4.78284 -3.77301
6.4472 4.78284 -3.77301
6.99355 4.63111 -2.38567
4.18006 7.20319 -6.09884
4.18006 7.20319 -6.09884
3.09378 8.58414 -4.04086
3.1432 6.93963 -2.44818
3.1432 6.93963 -2.44818
3.1432 6.93963 -2.44818
3.1432 6.93963 -2.44818
3.1432 6.93963 -2.44818
2.9901 7.00447 -2.4524
3.28937 6.70955 -2.88905
3.24889 4.55435 -4.60328
2.29972 5.27154 -4.00034
2.29972 5.27154 -4.00034
1.68875 2.74618 -3.20735
1.68875 2.74618 -3.20735
1.68875 2.74618 -3.20735
0.462005 1.25794 0.589343
0.67096 0.673938 -1.5813
0.31962 -1.33967 -1.51875
-0.960237 -1.46851 -0.925004
-0.960237 -1.46851 -0.925004
0.32986 0.225912 -3.36317
0.32986 0.225912 -3.36317
-2.17653 -0.838014 -3.50293
-1.11286 1.79979 -3.94666
-0.822612 -1.78078 -3.32029
-0.343811 -0.296159 -1.99124
-0.343811 -0.296159 -1.99124
-0.343811 -0.296159 -1.99124
-0.908197 3.32917 -3.92952
-2.26535 0.429105 -5.88056
-2.26535 0.429105 -5.88056
-3.13338 0.842268 -3.30638
-1.64244 -1.58291 -2.29741
-0.898831 1.61349 -2.685
-0.898831 1.61349 -2.685
-0.724687 0.210733 -3.27347
0.364537 -0.909811 -0.874013
0.364537 -0.909811 -0.874013
0.364537 -0.909811 -0.874013
2.14027 -1.21867 -1.91688
0.486965 -0.410679 -3.70142
0.486965 -0.410679 -3.70142
0.486965 -0.410679 -3.70142
0.965646 -0.0748854 -2.73811
-0.947594 2.32177 -4.61231
-0.947594 2.32177 -4.61231
-1.24457 1.10099 -2.97584
1.21249 1.77853 -1.98771
1.21249 1.77853 -1.98771
-2.16142 1.61147 -0.632354
-0.102954 1.13967 -2.30356
-0.325447 1.98758 -4.23928
-0.325447 1.98758 -4.23928
-0.325447 1.98758 -4.23928
-0.325447 1.98758 -4.23928
-1.61844 -0.654806 -2.47016
-1.61844 -0.654806 -2.47016
-1.61844 -0.654806 -2.47016
-2.52045 -0.385723 -1.57006
-2.52045 -0.385723 -1.57006
-2.52045 -0.385723 -1.57006
-2.38039 -1.47874 -2.36569
-3.55495 -0.114521 -3.10604
-3.55495 -0.114521 -3.10604
1.21177 2.22131 0.415458
1.21177 2.22131 0.415458
-0.717707 -0.320394 0.25985
-2.56797 -0.589638 3.28441
-2.56797 -0.589638 3.28441
-2.56797 -0.589638 3.28441
-1.35553 -0.809206 5.22386
-1.35553 -0.809206 5.22386
-1.35553 -0.809206 5.22386
-2.0671 -1.28683 5.21848
-3.51415 0.654302 7.58906
-3.51415 0.654302 7.58906
-3.13156 0.385728 8.40574
-4.11843 0.654743 7.35312
-3.06308 1.04777 4.10624
-1.56162 1.06532 2.80757
-1.56162 1.06532 2.80757
-2.14781 1.2401 3.43472
-2.14781 1.2401 3.43472
1.21619 0.868482 3.9343
1.21619 0.868482 3.9343
1.21619 0.868482 3.9343
1.21619 0.868482 3.9343
1.21619 0.868482 3.9343
1.21619 0.868482 3.9343
1.21619 0.868482 3.9343
-0.371563 0.995176 3.69669
-0.371563 0.995176 3.69669
-1.30681 -0.900678 1.42948
-1.30681 -0.900678 1.42948
-1.30681 -0.900678 1.42948
-0.370941 -2.25408 2.0837
-0.370941 -2.25408 2.0837
-0.370941 -2.25408 2.0837
0.549864 -1.11734 2.49504
0.549864 -1.11734 2.49504
-0.800749 -1.75589 1.24962
-1.74441 0.110465 -1.24152
-3.04553 1.60897 -2.88788
-0.613984 2.0654 -2.69032
-0.613984 2.0654 -2.69032
-0.0264186 2.54047 -2.18376
-0.0264186 2.54047 -2.18376
0.619165 1.3603 -5.55682
0.619165 1.3603 -5.55682
0.619165 1.3603 -5.55682
-1.09723 2.22362 -4.29089
-3.67799 0.83536 -3.35848
-3.67799 0.83536 -3.35848
-2.35951 0.54166 -2.17427
-2.35951 0.54166 -2.17427
-0.552295 -1.9881 -0.95907
-0.552295 -1.9881 -0.95907
-0.552295 -1.9881 -0.95907
2.23207 -2.86748 -4.86652
2.23207 -2.86748 -4.86652
2.23207 -2.86748 -4.86652
2.33331 -4.26308 -4.87126
2.33331 -4.26308 -4.87126
1.32564 -3.35919 -5.54775
1.32564 -3.35919 -5.54775
1.32564 -3.35919 -5.54775
0.413748 -3.85167 -2.64102
0.0673092 -2.91525 -5.13729
1.64504 -2.09378 -3.202
2.84765 0.568587 -4.05656
0.977069 1.27613 -5.82096
0.977069 1.27613 -5.82096
0.977069 1.27613 -5.82096
0.977069 1.27613 -5.82096
0.725329 -0.693323 -8.21788
0.53663 -0.912143 -6.77813
2.04588 -2.92615 -4.57827
2.04588 -2.92615 -4.57827
2.04588 -2.92615 -4.57827
-0.829075 -3.94941 -6.51253
-2.25897 -1.42514 -4.99561
-1.13994 -0.322461 -2.54356
-1.13994 -0.322461 -2.54356
-1.13994 -0.322461 -2.54356
-1.13994 -0.322461 -2.54356
-1.13994 -0.322461 -2.54356
-0.77149 -0.28638 -1.97456
-0.77149 -0.28638 -1.97456
-1.74365 0.30593 -1.6602
-1.74365 0.30593 -1.6602
-1.74365 0.30593 -1.6602
-1.74365 0.30593 -1.6602
-1.74365 0.30593 -1.6602
1.61018 -0.225828 2.80309
1.61018 -0.225828 2.80309
1.01163 -1.03794 3.56942
1.01163 -1.03794 3.56942
0.529699 -0.626259 2.01328
0.529699 -0.626259 2.01328
0.100863 -1.82204 1.65886
0.100863 -1.82204 1.65886
0.100863 -1.82204 1.65886
0.289226 -1.99901 3.4467
0.289226 -1.99901 3.4467
0.782942 -4.19796 5.48162
0.782942 -4.19796 5.48162
2.72618 -3.56488 1.21752
5.04385 -2.47432 4.82087
5.04385 -2.47432 4.82087
5.04385 -2.47432 4.82087
3.38742 -3.5743 7.53771
3.38742 -3.5743 7.53771
3.38742 -3.5743 7.53771
4.92292 -5.3765 8.81883
3.84551 -3.30078 10.599
3.91863 -1.43159 10.4899
4.53741 -3.77287 10.9279
2.82772 -4.56403 9.69788
2.82772 -4.56403 9.69788
2.82772 -4.56403 9.69788
2.69001 -4.88754 9.52259
7.29199 -2.99661 8.78437
9.95637 0.113944 7.30883
9.95637 0.113944 7.30883
5.71397 -0.733948 10.4724
5.71397 -0.733948 10.4724
7.02289 0.279357 11.057
7.02289 0.279357 11.057
5.00592 1.49963 10.0057
4.48416 -0.799411 9.12562
4.95709 -0.733949 10.2945
4.95709 -0.733949 10.2945
4.38448 -2.25504 9.21947
4.49831 -1.51238 9.4555
3.57873 -0.109793 8.28911
3.79472 -3.53451 6.52257
3.93304 -2.50543 4.25646
3.69956 -4.7429 4.89619
3.69956 -4.7429 4.89619
3.69956 -4.7429 4.89619
4.91276 -6.0685 7.12718
4.91276 -6.0685 7.12718
1.33363 -6.84241 8.13826
1.33363 -6.84241 8.13826
0.864961 -9.07198 11.8358
0.864961 -9.07198 11.8358
1.13321 -9.10548 12.2361
1.13321 -9.10548 12.2361
0.234508 -10.0258 11.2109
0.234508 -10.0258 11.2109
1.56678 -10.5656 10.2006
-1.37821 -8.53811 9.80597
-1.96161 -6.46812 9.9796
-3.65116 -7.59621 9.16982
-3.65116 -7.59621 9.16982
-2.87485 -10.012 8.17938
-2.87485 -10.012 8.17938
-0.655631 -7.53005 11.5144
-0.655631 -7.53005 11.5144
-0.655631 -7.53005 11.5144
0.0536047 -5.33212 10.6034
0.0536047 -5.33212 10.6034
-0.488435 -3.89893 10.574
-0.488435 -3.89893 10.574
0.976076 -3.53626 10.7923
0.976076 -3.53626 10.7923
0.976076 -3.53626 10.7923
2.12704 -6.43475 10.918
2.6673 -6.84278 7.17439
6.13229 -5.17729 5.58044
6.13229 -5.17729 5.58044
2.95979 -3.51206 5.08766
2.95979 -3.51206 5.08766
3.50618 -1.54447 6.27401
3.50618 -1.54447 6.27401
3.50618 -1.54447 6.27401
3.50618 -1.54447 6.27401
3.50618 -1.54447 6.27401
3.50618 -1.54447 6.27401
3.50618 -1.54447 6.27401
1.31097 -2.63144 7.61436
1.1365 -3.73533 9.54236
-0.968011 -3.62346 8.783
2.98644 -1.77467 6.92057
2.98644 -1.77467 6.92057
2.60993 -0.782427 7.52246
1.34783 -1.50174 7.40396
1.34783 -1.50174 7.40396
-0.641899 -0.572258 6.68785
-0.251037 -1.25057 6.36091
1.48251 -1.5312 6.10911
2.5778 -0.818146 5.0719
2.5778 -0.818146 5.0719
2.5778 -0.818146 5.0719
3.77615 -0.366991 3.12205
4.03912 0.168229 3.75012
4.03912 0.168229 3.75012
3.65324 -3.54268 2.90014
2.00745 -1.63383 1.12015
-0.664433 -1.66506 2.12932
0.601437 -2.95786 3.11512
0.601437 -2.95786 3.11512
0.601437 -2.95786 3.11512
0.637633 -1.74538 3.13034
0.637633 -1.74538 3.13034
0.637633 -1.74538 3.13034
0.637633 -1.74538 3.13034
0.637633 -1.74538 3.13034
0.637633 -1.74538 3.13034
0.637633 -1.74538 3.13034
0.637633 -1.74538 3.13034
0.637633 -1.74538 3.13034
-0.155325 0.391785 -0.713136
0.375268 -2.67993 -2.63339
-0.356961 -2.60158 -1.74625
-0.356961 -2.60158 -1.74625
0.121232 -1.6 -2.53979
0.121232 -1.6 -2.53979
-0.815691 -0.441543 -3.91478
0.187422 -1.02022 -5.50682
0.368627 -2.16657 -3.24041
0.368627 -2.16657 -3.24041
1.15098 1.95786 -4.3421
2.63617 3.82536 -5.2966
0.529735 6.06998 -5.41296
1.69264 4.79957 -3.89916
3.10744 1.17207 -1.23853
3.10744 1.17207 -1.23853
3.50885 2.40128 -2.28525
3.50885 2.40128 -2.28525
3.50885 2.40128 -2.28525
3.50885 2.40128 -2.28525
3.50885 2.40128 -2.28525
3.50885 2.40128 -2.28525
3.50885 2.40128 -2.28525
3.50885 2.40128 -2.28525
3.50885 2.40128 -2.28525
3.50885 2.40128 -2.28525
2.99855 0.1046 -3.57986
2.51942 0.000426586 -3.61446
2.51942 0.000426586 -3.61446
1.05006 -0.89286 -3.36029
1.05006 -0.89286 -3.36029
1.2104 -2.66849 -3.44899
-1.50896 0.580249 -2.50016
-2.60426 -0.929492 -1.45262
1.21252 -0.899019 -1.54337
1.21252 -0.899019 -1.54337
1.21252 -0.899019 -1.54337
1.21252 -0.899019 -1.54337
1.21252 -0.899019 -1.54337
1.21252 -0.899019 -1.54337
1.21252 -0.899019 -1.54337
1.60132 1.31669 -0.674228
1.60132 1.31669 -0.674228
2.49166 1.36093 -0.55893
6.09932 0.812336 1.33978
6.55228 3.21098 1.53907
6.55228 3.21098 1.53907
6.55228 3.21098 1.53907
6.9742 5.10465 2.17189
3.33066 4.27159 3.77111
3.33066 4.27159 3.77111
3.37256 0.992135 2.13935
3.37256 0.992135 2.13935
1.01051 1.32843 3.34769
1.01051 1.32843 3.34769
1.01051 1.32843 3.34769
1.38409 1.52183 2.44318
2.35804 2.37812 5.21594
2.35804 2.37812 5.21594
2.35804 2.37812 5.21594
2.02717 3.08185 7.78599
2.02717 3.08185 7.78599
0.779283 4.86364 9.25246
0.779283 4.86364 9.25246
1.10778 4.7311 7.93975
0.360905 3.97541 4.91025
-1.98271 4.4707 4.8458
-1.98271 4.4707 4.8458
-3.41671 3.54517 4.47663
-5.79346 2.86581 4.11809
-4.53527 -0.309222 2.02007
-4.92362 -1.61837 4.29694
-5.98282 -0.62358 6.18345
-6.27023 -2.83557 5.53425
-6.27023 -2.83557 5.53425
-6.27023 -2.83557 5.53425
-6.65123 -2.39723 6.24962
-5.47605 -4.05188 5.18541
-5.47605 -4.05188 5.18541
-5.47605 -4.05188 5.18541
-5.0203 -4.55134 4.93538
-5.0203 -4.55134 4.93538
-5.0203 -4.55134 4.93538
-4.27826 -2.65504 3.82364
-4.27826 -2.65504 3.82364
-2.32544 -3.00294 4.99262
-2.32544 -3.00294 4.99262
-1.82436 -3.41246 3.79956
-0.946789 -0.586151 4.22794
-3.26099 -0.65589 2.42875
-3.26099 -0.65589 2.42875
-3.50536 0.587153 3.14052
-3.13974 3.6071 5.05497
-3.13974 3.6071 5.05497
-1.9784 1.48671 7.70697
-3.26823 1.75052 6.43497
-5.7282 -1.08196 1.74552
-5.7282 -1.08196 1.74552
-5.18297 -0.575292 5.2596
-5.18297 -0.575292 5.2596
-4.72739 -1.28785 4.41947
-4.72739 -1.28785 4.41947
-1.44037 -0.604451 2.83022
-1.10328 -0.626544 -1.01104
-1.68981 -1.38025 -2.24079
-1.68981 -1.38025 -2.24079
-1.68981 -1.38025 -2.24079
-0.684697 -0.769851 -1.1223
-0.684697 -0.769851 -1.1223
-0.300625 2.15477 -0.598524
1.15332 1.44507 -0.959552
-0.0191945 0.895557 -1.80701
-2.77173 0.375766 -2.83814
-0.673877 0.966249 -3.97534
-2.00194 0.69584 -5.71727
-2.00194 0.69584 -5.71727
-1.9427 -2.17358 -6.72983
-3.36717 -1.46467 -5.63656
-0.12706 0.988132 -7.05052
0.316642 -2.14383 -5.43874
-0.866488 0.278638 -3.83996
-1.16134 1.01728 -6.10002
-1.16134 1.01728 -6.10002
-1.16134 1.01728 -6.10002
-1.07735 -4.31131 -4.08705
0.210577 -2.20903 -6.83145
0.210577 -2.20903 -6.83145
0.210577 -2.20903 -6.83145
0.210577 -2.20903 -6.83145
0.210577 -2.20903 -6.83145
0.588975 -1.00509 -4.79866
0.588975 -1.00509 -4.79866
0.588975 -1.00509 -4.79866
1.03314 -0.533508 -4.45344
0.775009 1.1926 -4.53677
0.775009 1.1926 -4.53677
1.70302 1.14211 -2.3255
-0.860934 -1.85239 -2.95664
-0.860934 -1.85239 -2.95664
-0.860934 -1.85239 -2.95664
1.78153 0.230117 -0.773116
2.24118 -1.27762 -3.34479
2.31178 -1.46931 -3.4735
3.42333 0.49334 -4.24772
1.58632 -0.521969 -2.03855
1.58632 -0.521969 -2.03855
1.25504 0.579462 1.41286
1.25504 0.579462 1.41286
1.25504 0.579462 1.41286
1.25504 0.579462 1.41286
1.25504 0.579462 1.41286
1.25504 0.579462 1.41286
1.46683 2.99638 3.40141
1.46683 2.99638 3.40141
4.10704 0.659426 3.0062
4.10704 0.659426 3.0062
2.42253 0.700932 2.65217
-0.583724 2.15743 1.78539
-1.21146 1.61588 1.30563
-3.00792 1.25577 3.91957
-3.00792 1.25577 3.91957
-3.9407 4.25791 4.38266
-0.741675 5.80544 3.45405
-0.865753 4.72183 3.39739
-0.865753 4.72183 3.39739
-0.865753 4.72183 3.39739
-2.33278 2.55382 4.28905
-3.64833 0.84961 1.1005
-3.64833 0.84961 1.1005
-3.64833 0.84961 1.1005
-3.64833 0.84961 1.1005
-1.72619 -2.55456 1.31516
-2.05381 -1.66433 3.64764
-2.05381 -1.66433 3.64764
-2.25521 -4.00699 5.44275
-0.498961 -0.336756 6.61631
1.40288 -1.36482 0.779693
2.62057 0.369064 1.36457
2.62057 0.369064 1.36457
3.65442 0.370122 3.41147
1.25413 0.528839 2.16666
1.63308 0.606164 4.17842
-0.235258 0.859775 1.87682
-0.235258 0.859775 1.87682
-0.235258 0.859775 1.87682
-0.235258 0.859775 1.87682
-0.235258 0.859775 1.87682
-0.235258 0.859775 1.87682
-0.235258 0.859775 1.87682
-0.235258 0.859775 1.87682
-4.69202 1.73823 2.81837
-4.69202 1.73823 2.81837
-4.69202 1.73823 2.81837
-0.702274 -0.213261 6.79519
2.83366 0.307761 5.41386
2.83366 0.307761 5.41386
3.97307 -1.54617 5.71553
2.2742 -1.37626 4.49807
0.742243 -1.90853 2.38961
1.28748 -2.12025 3.208
1.28748 -2.12025 3.208
1.28748 -2.12025 3.208
1.28748 -2.12025 3.208
1.28748 -2.12025 3.208
1.28748 -2.12025 3.208
0.123918 -2.13843 1.83226
0.123918 -2.13843 1.83226
0.123918 -2.13843 1.83226
-0.802804 -1.23164 1.40998
-0.930853 -0.688878 -2.91322
-0.930853 -0.688878 -2.91322
-0.930853 -0.688878 -2.91322
-0.930853 -0.688878 -2.91322
-0.930853 -0.688878 -2.91322
0.415361 -2.65892 -2.73998
0.705084 -2.62788 -4.57798
0.705084 -2.62788 -4.57798
1.4704 -0.28269 -3.39989
1.4704 -0.28269 -3.39989
1.4704 -0.28269 -3.39989
1.4704 -0.28269 -3.39989
1.4704 -0.28269 -3.39989
1.0623 -3.0295 -4.4218
2.77801 -2.57642 -3.01928
2.77801 -2.57642 -3.01928
2.77801 -2.57642 -3.01928
2.77801 -2.57642 -3.01928
2.77801 -2.57642 -3.01928
1.57909 -4.63853 -2.97606
1.57909 -4.63853 -2.97606
1.57909 -4.63853 -2.97606
1.57909 -4.63853 -2.97606
-0.965651 -2.58037 -3.56203
-0.965651 -2.58037 -3.56203
-2.75097 -0.864563 -6.77209
-2.75097 -0.864563 -6.77209
-2.75097 -0.864563 -6.77209
-2.75097 -0.864563 -6.77209
-2.22734 2.42807 -6.79793
-2.22734 2.42807 -6.79793
-1.32929 1.81876 -3.58843
-4.30186 -1.47888 -3.68635
-3.18563 -4.24189 -3.60651
-3.18563 -4.24189 -3.60651
-3.18563 -4.24189 -3.60651
-0.760813 -4.02184 -3.57936
-0.760813 -4.02184 -3.57936
