1 3.496
2 5.69248
3 7.47492
4 9.63959
5 12.3404
6 12.3404
7 10.7809
8 9.97384
9 8.7216
10 10.3517
11 10.3517
12 10.3517
13 10.3517
14 10.3517
15 10.3517
16 10.6804
17 10.6804
18 8.10885
19 8.10885
20 6.1276
21 8.52132
22 7.93006
23 6.84532
24 9.01266
25 9.01266
26 9.01266
27 7.48757
28 7.48757
29 7.48757
30 7.75681
31 9.7121
32 10.9509
33 11.759
34 12.7585
35 12.7585
36 12.7585
37 12.7614
38 10.9016
39 10.7107
40 12.0034
41 12.0034
42 12.0034
43 11.2874
44 10.7941
45 11.4781
46 11.4781
47 13.4786
48 12.9446
49 12.8536
50 12.8536
51 12.7535
52 11.3417
53 9.34418
54 9.34418
55 9.34418
56 9.91271
57 9.91271
58 9.75779
59 9.49594
60 9.27081
61 9.27081
62 10.9689
63 10.8429
64 10.5319
65 9.77962
66 9.77962
67 10.7844
68 13.018
69 13.018
70 13.018
71 13.018
72 12.867
73 12.867
74 11.2103
75 11.2103
76 11.2103
77 9.49639
78 8.45071
79 6.40209
80 5.61175
81 5.61175
82 5.09086
83 2.616
84 3.78001
85 3.78001
86 3.78001
87 4.60936
88 7.10063
89 7.60917
90 7.60917
91 6.59221
92 5.47282
93 5.47282
94 5.47282
95 3.40115
96 3.40115
97 3.40115
98 3.40115
99 3.36386
100 3.36386
101 3.36386
102 4.6182
103 5.2284
104 4.96435
105 4.96435
106 4.96435
107 2.35509
108 2.60688
109 4.11096
110 1.88627
111 1.84439
112 1.84439
113 2.52783
114 3.67046
115 3.67046
116 3.67046
117 3.67046
118 5.33244
119 5.33244
120 4.36421
121 4.36421
122 5.22346
123 5.22346
124 5.70207
125 5.70207
126 3.92078
127 5.84697
128 2.70019
129 2.70019
130 2.70019
131 2.70019
132 4.29668
133 5.85666
134 7.03539
135 7.03539
136 4.56762
137 4.56762
138 4.56762
139 4.56762
140 8.9063
141 8.9063
142 5.31009
143 5.68582
144 7.35081
145 6.04726
146 6.04726
147 6.30153
148 5.27973
149 3.88905
150 3.88905
151 3.88905
152 3.88905
153 4.37769
154 4.37769
155 4.25475
156 4.25475
157 5.13664
158 6.48874
159 4.046
160 4.046
161 2.42834
162 2.40337
163 2.40337
164 2.40337
165 3.93646
166 3.93646
167 7.08287
168 6.46716
169 8.42089
170 8.42089
171 5.53462
172 5.53462
173 2.59073
174 2.24828
175 2.24828
176 2.24828
177 2.24828
178 2.24828
179 2.24828
180 3.64705
181 3.36168
182 3.36168
183 3.36168
184 4.24889
185 5.35372
186 5.35372
187 7.41201
188 8.04466
189 8.04466
190 8.04466
191 6.86314
192 5.04218
193 5.04218
194 4.71172
195 4.71172
196 3.23273
197 4.82804
198 4.82804
199 4.73196
200 4.25401
201 7.36919
202 7.92283
203 9.25428
204 10.8456
205 7.95477
206 6.50867
207 6.50867
208 7.29365
209 7.29365
210 6.95821
211 6.95821
212 5.23888
213 8.42669
214 6.95577
215 6.40369
216 6.17319
217 7.80266
218 5.77375
219 5.77375
220 8.28394
221 5.37073
222 5.37073
223 5.37073
224 4.66566
225 4.66566
226 4.40937
227 4.3718
228 4.3718
229 4.3718
230 1.93576
231 1.93576
232 2.64688
233 2.41254
234 2.41254
235 2.41254
236 2.41254
237 2.08032
238 2.40029
239 2.40029
240 2.40029
241 2.40029
242 2.60362
243 2.96229
244 3.19358
245 3.4951
246 3.7976
247 3.71595
248 3.71595
249 3.71595
250 6.38626
251 6.38626
252 6.38626
253 8.94131
254 11.4516
255 8.6559
256 7.99586
257 7.40621
258 8.09979
259 8.09979
260 8.09979
261 8.09979
262 6.51489
263 6.51489
264 4.85509
265 4.85509
266 4.85509
267 4.69822
268 4.69822
269 4.69822
270 4.69822
271 3.31359
272 5.18882
273 5.18882
274 2.79093
275 2.79093
276 2.79093
277 1.03541
278 3.34084
279 3.34084
280 3.34084
281 3.34084
282 3.34084
283 3.34084
284 3.34084
285 3.34084
286 3.88445
287 5.27463
288 3.88422
289 3.88422
290 3.88422
291 3.32846
292 3.9388
293 3.9388
294 3.9388
295 3.9388
296 2.54113
297 2.54113
298 2.54113
299 3.71212
300 3.71212
301 3.71212
302 3.83969
303 2.80762
304 2.79543
305 2.79543
306 4.56259
307 6.4829
308 6.4829
309 6.87622
310 6.34326
311 5.50536
312 5.50536
313 5.50536
314 5.9482
315 5.9482
316 5.9482
317 5.85851
318 5.85851
319 5.85851
320 6.82147
321 4.35268
322 4.35268
323 4.35268
324 4.35268
325 4.13192
326 4.13192
327 3.94105
328 4.3981
329 4.3981
330 4.7815
331 4.7815
332 4.7815
333 5.50599
334 5.50599
335 6.32926
336 6.32926
337 6.32926
338 8.84583
339 8.3528
340 8.3528
341 8.3528
342 4.88083
343 3.67134
344 3.67134
345 3.67134
346 3.68468
347 1.22763
348 1.22763
349 2.66967
350 2.66967
351 2.66967
352 2.66967
353 2.66967
354 2.66967
355 2.98106
356 5.49986
357 5.49986
358 5.49986
359 7.66935
360 7.5539
361 7.5539
362 7.56476
363 6.13956
364 4.69415
365 4.69415
366 6.2307
367 6.2307
368 6.2307
369 8.79733
370 8.79733
371 10.186
372 10.7511
373 10.1589
374 10.1589
375 7.77944
376 7.77944
377 7.72559
378 6.25151
379 6.64221
380 6.64221
381 6.64221
382 6.64221
383 7.78417
384 7.78417
385 5.80161
386 5.80161
387 5.80161
388 5.80161
389 6.8115
390 7.92516
391 7.92516
392 8.00565
393 6.59674
394 4.72815
395 4.72815
396 4.72815
397 4.72815
398 4.72815
399 3.79365
400 5.54456
401 8.83965
402 6.2206
403 6.80819
404 5.41372
405 5.41372
406 3.49583
407 3.49583
408 4.56214
409 4.56214
410 5.14387
411 5.14387
412 5.01691
413 4.80988
414 6.73526
415 5.38636
416 5.38636
417 4.99877
418 4.99877
419 4.99877
420 3.68879
421 4.47502
422 5.7456
423 5.7456
424 5.7456
425 5.14943
426 5.14943
427 5.14943
428 3.71111
429 3.71111
430 3.71111
431 2.64939
432 2.64939
433 2.64939
434 5.75972
435 5.75972
436 7.79788
437 7.2451
438 7.2451
439 6.44073
440 9.61752
441 9.04515
442 8.8442
443 7.16176
444 7.08229
445 4.34335
446 5.38004
447 5.38004
448 5.38004
449 5.38004
450 6.18311
451 6.18311
452 5.70694
453 9.11989
454 7.39313
455 7.39313
456 9.09719
457 6.35767
458 6.35767
459 7.17286
460 7.17286
461 8.20739
462 6.49881
463 5.10041
464 5.10041
465 4.78432
466 4.78432
467 4.78432
468 5.93075
469 6.93164
470 6.93164
471 6.93164
472 9.79273
473 9.94938
474 9.8211
475 10.144
476 10.144
477 10.9464
478 8.87004
479 8.87004
480 8.72057
481 10.3225
482 10.3225
483 9.97936
484 8.00199
485 8.00199
486 8.00199
487 8.00199
488 8.00199
489 8.0011
490 8.01153
491 7.24483
492 7.00576
493 7.00576
494 4.54758
495 4.54758
496 4.54758
497 1.46396
498 1.84523
499 2.05024
500 1.98349
501 1.98349
502 3.38685
503 3.38685
504 4.20833
505 4.47815
506 3.85645
507 2.04229
508 2.04229
509 2.04229
510 5.22966
511 6.3164
512 6.3164
513 4.63245
514 3.23748
515 3.25891
516 3.25891
517 3.35934
518 1.31322
519 1.31322
520 1.31322
521 3.12095
522 3.75583
523 3.75583
524 3.75583
525 2.90436
526 5.24995
527 5.24995
528 3.40834
529 2.92989
530 2.92989
531 2.7692
532 2.57213
533 4.69339
534 4.69339
535 4.69339
536 4.69339
537 3.02487
538 3.02487
539 3.02487
540 2.99442
541 2.99442
542 2.99442
543 3.66735
544 4.7221
545 4.7221
546 2.56421
547 2.56421
548 0.827815
549 4.21064
550 4.21064
551 4.21064
552 5.45719
553 5.45719
554 5.45719
555 5.75859
556 8.38875
557 8.38875
558 8.97841
559 8.45331
560 5.22891
561 3.38468
562 3.38468
563 4.23654
564 4.23654
565 4.20857
566 4.20857
567 4.20857
568 4.20857
569 4.20857
570 4.20857
571 4.20857
572 3.84629
573 3.84629
574 2.13598
575 2.13598
576 2.13598
577 3.09197
578 3.09197
579 3.09197
580 2.78856
581 2.78856
582 2.2991
583 2.14395
584 4.49487
585 3.44683
586 3.44683
587 3.35015
588 3.35015
589 5.7543
590 5.7543
591 5.7543
592 4.95582
593 5.05023
594 5.05023
595 3.25394
596 3.25394
597 2.27539
598 2.27539
599 2.27539
600 6.07351
601 6.07351
602 6.07351
603 6.88094
604 6.88094
605 6.61959
606 6.61959
607 6.61959
608 4.68845
609 5.9072
610 4.16448
611 4.9888
612 6.03878
613 6.03878
614 6.03878
615 6.03878
616 8.27891
617 6.86025
618 5.80591
619 5.80591
620 5.80591
621 7.66148
622 5.66481
623 2.80591
624 2.80591
625 2.80591
626 2.80591
627 2.80591
628 2.13918
629 2.13918
630 2.42697
631 2.42697
632 2.42697
633 2.42697
634 2.42697
635 3.24052
636 3.24052
637 3.85246
638 3.85246
639 2.17395
640 2.17395
641 2.46614
642 2.46614
643 2.46614
644 3.99493
645 3.99493
646 6.94867
647 6.94867
648 4.65003
649 7.40293
650 7.40293
651 7.40293
652 9.00373
653 9.00373
654 9.00373
655 11.4418
656 11.7483
657 11.2891
658 12.4194
659 11.0849
660 11.0849
661 11.0849
662 11.0365
663 11.8033
664 12.3516
665 12.3516
666 11.9524
667 11.9524
668 13.1018
669 13.1018
670 11.2881
671 10.1992
672 11.4494
673 11.4494
674 10.455
675 10.5796
676 9.02933
677 8.33286
678 6.31375
679 7.75593
680 7.75593
681 7.75593
682 10.5716
683 10.5716
684 10.7158
685 10.7158
686 14.9377
687 14.9377
688 15.2943
689 15.2943
690 15.0418
691 15.0418
692 14.7695
693 13.075
694 12.0531
695 12.4547
696 12.4547
697 13.2441
698 13.2441
699 13.7736
700 13.7736
701 13.7736
702 11.8687
703 11.8687
704 11.2805
705 11.2805
706 11.3987
707 11.3987
708 11.3987
709 12.8504
710 10.2669
711 9.77501
712 9.77501
713 6.85413
714 6.85413
715 7.35132
716 7.35132
717 7.35132
718 7.35132
719 7.35132
720 7.35132
721 7.35132
722 8.16221
723 10.3102
724 9.55027
725 7.74355
726 7.74355
727 8.00071
728 7.67402
729 7.67402
730 6.74292
731 6.48753
732 6.47021
733 5.74792
734 5.74792
735 5.74792
736 4.91337
737 5.51418
738 5.51418
739 5.85726
740 2.82028
741 2.7835
742 4.33759
743 4.33759
744 4.33759
745 3.64032
746 3.64032
747 3.64032
748 3.64032
749 3.64032
750 3.64032
751 3.64032
752 3.64032
753 3.64032
754 0.828363
755 3.77592
756 3.15357
757 3.15357
758 3.00421
759 3.00421
760 4.02316
761 5.60366
762 3.91537
763 3.91537
764 4.90019
765 7.04534
766 8.15018
767 6.41127
768 3.54455
769 3.54455
770 4.82707
771 4.82707
772 4.82707
773 4.82707
774 4.82707
775 4.82707
776 4.82707
777 4.82707
778 4.82707
779 4.82707
780 4.67093
781 4.40588
782 4.40588
783 3.63199
784 3.63199
785 4.52564
786 2.97732
787 3.1235
788 2.1588
789 2.1588
790 2.1588
791 2.1588
792 2.1588
793 2.1588
794 2.1588
795 2.18002
796 2.18002
797 2.8936
798 6.29735
799 7.45731
800 7.45731
801 7.45731
802 8.91145
803 6.60007
804 6.60007
805 4.11525
806 4.11525
807 3.7407
808 3.7407
809 3.7407
810 3.19387
811 6.19853
812 6.19853
813 6.19853
814 8.61562
815 8.61562
816 10.4819
817 10.4819
818 9.30861
819 6.32808
820 6.88477
821 6.88477
822 6.6545
823 7.66393
824 4.97443
825 6.73237
826 8.62659
827 8.83087
828 8.83087
829 8.83087
830 9.43628
831 8.56115
832 8.56115
833 8.56115
834 8.38309
835 8.38309
836 8.38309
837 6.32242
838 6.32242
839 6.27309
840 6.27309
841 5.42308
842 4.37213
843 4.11863
844 4.11863
845 4.74291
846 6.95858
847 6.95858
848 8.09455
849 7.4266
850 6.0852
851 6.0852
852 7.40659
853 7.40659
854 6.59837
855 6.59837
856 3.23267
857 1.62234
858 3.12757
859 3.12757
860 3.12757
861 1.5235
862 1.5235
863 2.25646
864 2.08306
865 2.01685
866 3.98482
867 4.14622
868 6.09747
869 6.09747
870 7.33411
871 6.7271
872 7.12056
873 5.85459
874 3.94635
875 6.29236
876 6.29236
877 6.29236
878 6.03755
879 7.18282
880 7.18282
881 7.18282
882 7.18282
883 7.18282
884 4.93804
885 4.93804
886 4.93804
887 4.60273
888 4.75449
889 4.75449
890 3.10042
891 3.59364
892 3.59364
893 3.59364
894 1.95563
895 4.22407
896 4.42362
897 5.47774
898 2.63525
899 2.63525
900 1.97663
901 1.97663
902 1.97663
903 1.97663
904 1.97663
905 1.97663
906 4.76439
907 4.76439
908 5.13223
909 5.13223
910 3.65978
911 2.86057
912 2.40486
913 5.0978
914 5.0978
915 7.27094
916 6.79586
917 5.88111
918 5.88111
919 5.88111
920 5.50998
921 3.90426
922 3.90426
923 3.90426
924 3.90426
925 3.35189
926 4.50482
927 4.50482
928 7.12498
929 6.64364
930 2.10683
931 2.97752
932 2.97752
933 5.01297
934 2.5587
935 4.52699
936 2.07774
937 2.07774
938 2.07774
939 2.07774
940 2.07774
941 2.07774
942 2.07774
943 2.07774
944 5.7428
945 5.7428
946 5.7428
947 6.83471
948 6.11835
949 6.11835
950 7.13044
951 5.22482
952 3.14701
953 4.05516
954 4.05516
955 4.05516
956 4.05516
957 4.05516
958 4.05516
959 2.81876
960 2.81876
961 2.81876
962 2.03703
963 3.13495
964 3.13495
965 3.13495
966 3.13495
967 3.13495
968 3.84055
969 5.32549
970 5.32549
971 3.71501
972 3.71501
973 3.71501
974 3.71501
975 3.71501
976 5.46431
977 4.84472
978 4.84472
979 4.84472
980 4.84472
981 4.84472
982 5.73293
983 5.73293
984 5.73293
985 5.73293
986 4.5032
987 4.5032
988 7.36047
989 7.36047
990 7.36047
991 7.36047
992 7.55436
993 7.55436
994 4.23695
995 5.8551
996 6.41473
997 6.41473
998 6.41473
999 5.43745
1000 5.43745
