1 42.6179
2 43.003
3 43.003
4 42.2181
5 41.2306
6 40.5734
7 40.9198
8 40.1388
9 39.8285
10 40.8532
11 41.1417
12 40.2932
13 40.3312
14 40.3312
15 42.0636
16 41.0977
17 41.4136
18 41.1338
19 39.4703
20 39.1092
21 39.1092
22 38.4068
23 38.7314
24 38.5625
25 38.5625
26 38.5625
27 39.3594
28 39.3594
29 39.4862
30 39.4862
31 38.8501
32 38.8501
33 36.98
34 36.7189
35 37.8097
36 37.5135
37 37.691
38 35.7812
39 35.7812
40 35.7812
41 36.0344
42 36.2825
43 36.2825
44 36.2825
45 35.4035
46 35.1687
47 35.1687
48 35.1687
49 35.1687
50 34.9448
51 35.0975
52 33.8728
53 32.5778
54 32.5944
55 32.6652
56 32.0135
57 30.1145
58 29.5258
59 28.4146
60 27.9905
61 28.1874
62 28.1874
63 28.1874
64 28.3589
65 28.6316
66 28.7284
67 28.4196
68 28.5187
69 27.0312
70 26.3659
71 26.3659
72 26.153
73 26.2982
74 26.2982
75 25.5552
76 25.5552
77 25.5552
78 24.6772
79 24.3122
80 24.3122
81 24.3122
82 24.4779
83 22.6917
84 22.6917
85 22.6917
86 21.2785
87 21.223
88 21.223
89 20.8555
90 20.8555
91 20.8555
92 20.4577
93 20.4577
94 21.2431
95 21.2431
96 21.2655
97 20.9126
98 21.1512
99 20.8594
100 20.8594
101 21.5496
102 21.3985
103 21.0829
104 21.5563
105 21.8046
106 21.8046
107 22.0842
108 21.5761
109 20.6306
110 20.1066
111 19.7501
112 18.9951
113 18.4762
114 18.5839
115 18.7575
116 18.7575
117 17.5253
118 17.3652
119 17.9859
120 17.9542
121 17.5198
122 17.5198
123 16.8322
124 16.0759
125 16.5582
126 16.4427
127 15.9024
128 15.5722
129 15.5722
130 15.5722
131 15.5722
132 15.645
133 15.6937
134 14.0379
135 14.9678
136 15.247
137 13.787
138 15.1797
139 15.1693
140 14.1573
141 13.7697
142 13.4682
143 12.6091
144 12.6091
145 13.4154
146 13.3158
147 13.2682
148 13.3503
149 13.3503
150 12.98
151 12.6556
152 12.1814
153 11.2976
154 11.2976
155 11.2976
156 9.88619
157 9.61764
158 9.61764
159 9.5325
160 9.91571
161 9.23005
162 9.23005
163 9.23005
164 9.23005
165 9.23005
166 9.34904
167 9.25148
168 9.25148
169 10.7028
170 10.688
171 10.688
172 11.3127
173 11.0406
174 11.0406
175 10.3188
176 10.3931
177 10.8233
178 9.78153
179 10.3186
180 10.4843
181 9.77355
182 9.77355
183 8.78058
184 8.78058
185 8.78058
186 8.93327
187 8.0667
188 8.0667
189 8.85352
190 8.85352
191 9.26665
192 7.84347
193 7.24611
194 7.64029
195 7.64029
196 7.08253
197 5.4061
198 5.13173
199 5.13173
200 5.13173
201 5.13173
202 4.6914
203 4.6914
204 4.6914
205 4.6914
206 4.42551
207 4.42551
208 4.58114
209 4.64161
210 4.64161
211 5.02421
212 5.02421
213 5.02421
214 5.14308
215 5.45977
216 5.45977
217 5.90284
218 5.90284
219 5.90284
220 6.17066
221 6.17066
222 5.25568
223 4.15885
224 4.31245
225 3.10736
226 3.10736
227 3.02874
228 3.02874
229 3.02874
230 3.02874
231 3.02874
232 3.02874
233 3.02874
234 2.6348
235 3.36779
236 3.72494
237 3.65986
238 3.65986
239 3.38577
240 3.23628
241 3.23628
242 3.8744
243 3.8744
244 3.8744
245 4.99879
246 5.12063
247 4.86889
248 4.15963
249 3.5364
250 3.5364
251 3.5364
252 3.15149
253 2.46179
254 2.46179
255 2.05197
256 1.65848
257 1.65848
258 1.65848
259 1.31044
260 0.490073
261 0.490073
262 0.490073
263 0.490073
264 0.490073
265 2.30263
266 3.14495
267 3.37015
268 3.41182
269 2.00863
270 1.08366
271 1.04831
272 1.04831
273 1.04831
274 1.04831
275 1.04831
276 1.04831
277 1.04831
278 0.905802
279 0.606453
280 0.606453
281 0.606453
282 0.606453
283 0.606453
284 0.606453
285 0.606453
286 0.606453
287 0.760289
288 0.99736
289 1.27175
290 1.66936
291 1.45343
292 1.45343
293 0.92
294 0.92
295 0.92
296 0.92
297 0.92
298 0.92
299 0.92
300 1.7692
301 0.969124
302 0.969124
303 0.969124
304 0.877072
305 0.877072
306 0.653549
307 0.653549
308 0.653549
309 1.69996
310 1.27945
311 1.27945
312 2.02219
313 2.02219
314 1.66128
315 2.02016
316 2.02016
317 2.02016
318 2.02016
319 2.02016
320 2.1099
321 2.1099
322 1.05289
323 1.42478
324 1.42478
325 1.33697
326 0.288031
327 0.869917
328 0.88868
329 0.88868
330 0.802687
331 0.802687
332 0.802687
333 1.58199
334 1.58199
335 1.58199
336 0.715249
337 0.715249
338 0.715249
339 0.94742
340 0.94742
341 2.02325
342 2.02325
343 2.32791
344 2.32791
345 1.51934
346 1.56147
347 1.56147
348 1.56147
349 1.56147
350 2.06271
351 1.84585
352 1.22807
353 1.22807
354 1.22807
355 1.22807
356 1.22807
357 1.22807
358 1.38275
359 1.38275
360 1.41631
361 0.894896
362 0.894896
363 1.74109
364 1.74109
365 1.74109
366 1.35177
367 1.35177
368 1.35177
369 1.35177
370 1.35177
371 1.74211
372 1.22148
373 1.22148
374 1.05386
375 1.05386
376 1.05386
377 1.05386
378 1.05386
379 1.05386
380 2.51709
381 3.17654
382 3.37529
383 2.6392
384 2.6392
385 3.01982
386 3.01982
387 3.01982
388 3.01982
389 2.43426
390 2.43426
391 2.42342
392 2.24011
393 1.49818
394 1.49818
395 0.826743
396 0.826743
397 0.446195
398 0.446195
399 0.446195
400 1.13499
401 1.34363
402 1.34363
403 1.34363
404 1.03751
405 0.787994
406 2.24387
407 2.13909
408 2.21192
409 1.67745
410 1.62785
411 1.62785
412 1.72043
413 1.72043
414 2.4622
415 3.30564
416 3.39813
417 2.71507
418 2.67203
419 2.61379
420 2.61379
421 2.61379
422 2.39491
423 2.52911
424 2.43875
425 2.43875
426 2.43875
427 2.43875
428 2.22136
429 2.22136
430 1.59253
431 1.14935
432 0.996717
433 1.31216
434 1.31216
435 1.58059
436 1.683
437 1.61696
438 1.02981
439 1.72002
440 2.82145
441 2.64657
442 2.64657
443 2.64657
444 2.0539
445 1.79611
446 1.79611
447 1.79611
448 1.79611
449 1.12046
450 0.957423
451 0.957423
452 2.03096
453 1.63734
454 1.83835
455 1.83835
456 1.59672
457 0.53118
458 0.53118
459 0.53118
460 0.174982
461 0.174982
462 0.174982
463 0.174982
464 0.174982
465 0.174982
466 0.174982
467 0.174982
468 0.174982
469 0.174982
470 0.174982
471 0.386209
472 0.386209
473 0.648075
474 0.717105
475 0.717105
476 0.717105
477 2.31777
478 3.11826
479 3.11826
480 3.23864
481 4.18135
482 3.36492
483 3.36492
484 3.8471
485 3.50868
486 3.23882
487 3.50473
488 3.50473
489 4.26995
490 4.15557
491 3.99621
492 4.30096
493 5.7093
494 5.498
495 4.63015
496 4.22033
497 4.22033
498 4.22033
499 4.8581
500 3.58279
501 3.65195
502 3.3968
503 2.96961
504 1.81028
505 1.60991
506 1.60991
507 1.60991
508 1.60991
509 2.03832
510 2.14832
511 2.14832
512 2.43031
513 2.43031
514 3.04282
515 2.4787
516 2.07774
517 1.64924
518 1.64924
519 2.44144
520 2.44144
521 2.94263
522 2.94263
523 3.491
524 3.57678
525 3.57678
526 3.57678
527 3.02793
528 3.52348
529 3.52348
530 3.79408
531 4.10122
532 4.44892
533 4.47891
534 3.72007
535 2.85197
536 2.85197
537 3.83451
538 3.83451
539 2.99129
540 2.96008
541 2.96008
542 3.13537
543 2.31514
544 1.41637
545 1.41637
546 1.41637
547 1.39268
548 1.39268
549 1.39268
550 1.39268
551 1.39268
552 1.65379
553 1.65379
554 1.65379
555 1.58814
556 1.58814
557 1.58814
558 1.58814
559 2.31576
560 1.33218
561 1.33218
562 1.33058
563 1.08148
564 1.08148
565 1.08148
566 1.093
567 0.653408
568 0.653408
569 0.653408
570 0.653408
571 0.653408
572 1.16696
573 0.693606
574 1.05149
575 1.05149
576 0.871738
577 0.871738
578 0.871738
579 0.841973
580 0.504453
581 0.504453
582 0.335165
583 0.335165
584 0.335165
585 0.335165
586 0.335165
587 0.335165
588 0.335165
589 0.637745
590 0.637745
591 0.637745
592 0.637745
593 0.637745
594 0.637745
595 0.637745
596 0.710379
597 0.710379
598 0.710379
599 1.2425
600 1.2425
601 0.68957
602 0.68957
603 0.68957
604 0.561455
605 1.35121
606 1.35121
607 1.35121
608 0.697492
609 0.697492
610 1.40138
611 1.40138
612 1.32951
613 1.32951
614 1.64717
615 1.49675
616 1.49675
617 1.49675
618 1.49675
619 1.12437
620 1.60173
621 1.60173
622 1.60173
623 2.25038
624 2.25038
625 2.25038
626 1.71016
627 2.02503
628 2.02503
629 2.02503
630 1.64334
631 1.43345
632 1.43345
633 1.95855
634 2.32932
635 1.18946
636 1.02877
637 1.485
638 1.485
639 1.30945
640 0.754703
641 0.754703
642 0.754703
643 0.667487
644 0.667487
645 0.75916
646 0.75916
647 0.75916
648 0.75916
649 0.866107
650 1.92681
651 2.64219
652 2.64219
653 2.64219
654 2.64219
655 2.94259
656 2.94259
657 2.89938
658 2.89938
659 2.89938
660 2.89938
661 1.8671
662 2.10784
663 1.74918
664 0.759143
665 0.759143
666 0.984068
667 0.984068
668 0.678818
669 0.678818
670 0.678818
671 0.678818
672 0.678818
673 0.678818
674 1.51851
675 0.89316
676 0.931207
677 1.41709
678 1.41709
679 1.41709
680 0.671503
681 0.731348
682 0.731348
683 0.838989
684 0.838989
685 1.57361
686 1.57361
687 1.55324
688 1.55324
689 1.55324
690 1.55324
691 1.55324
692 1.55324
693 1.55324
694 1.58738
695 1.58738
696 1.31347
697 1.31347
698 1.31347
699 1.31347
700 1.46072
701 1.29348
702 1.2072
703 0.763002
704 0.763002
705 0.618621
706 0.855531
707 0.855531
708 1.50075
709 1.50075
710 1.37213
711 0.852314
712 0.852314
713 0.764522
714 0.764522
715 0.764522
716 0.748154
717 0.702858
718 1.58681
719 1.0121
720 1.0121
721 1.0121
722 1.0121
723 0.993394
724 0.993394
725 0.993394
726 0.993394
727 0.993394
728 0.993394
729 0.993394
730 0.993394
731 0.761482
732 0.761482
733 0.421428
734 0.421428
735 0.421428
736 0.421428
737 1.00235
738 1.00235
739 1.04713
740 1.48344
741 1.48344
742 1.48344
743 1.44568
744 0.357662
745 0.357662
746 1.09041
747 1.09041
748 1.09041
749 2.07075
750 1.40408
751 1.40408
752 1.22185
753 1.53602
754 1.44451
755 0.261108
756 0.261108
757 0.261108
758 0.261108
759 0.261108
760 0.261108
761 0.261108
762 0.383317
763 0.383317
764 1.01057
765 1.01057
766 0.610005
767 0.481547
768 1.12545
769 1.25067
770 1.30497
771 1.99022
772 0.895278
773 0.628155
774 0.628155
775 0.628155
776 1.04738
777 1.04738
778 1.04738
779 1.04738
780 1.04738
781 1.54713
782 1.54713
783 1.87107
784 1.87107
785 1.52171
786 1.52171
787 1.18314
788 1.18314
789 1.18314
790 1.8721
791 1.8721
792 1.8721
793 1.8721
794 1.34627
795 1.30922
796 1.30922
797 1.06898
798 0.756809
799 1.03756
800 1.03756
801 1.38215
802 1.38215
803 1.05115
804 1.05115
805 1.05115
806 1.05115
807 1.05115
808 1.05115
809 0.263892
810 0.263892
811 1.28868
812 0.443946
813 0.443946
814 0.443946
815 0.443946
816 0.443946
817 0.443946
818 1.02725
819 1.8746
820 1.33861
821 0.619263
822 0.619263
823 0.619263
824 0.619263
825 0.619263
826 1.30392
827 0.873026
828 0.873026
829 1.1166
830 1.26044
831 0.836763
832 0.836763
833 0.842314
834 1.16045
835 1.16045
836 0.845793
837 2.15789
838 2.15789
839 3.19698
840 2.47441
841 2.63707
842 2.63707
843 2.63707
844 2.63707
845 1.92867
846 1.10108
847 1.41587
848 1.50064
849 0.637434
850 0.637434
851 0.637434
852 1.58311
853 1.58311
854 2.50616
855 2.50616
856 2.82431
857 2.51596
858 2.51596
859 2.51596
860 1.60628
861 2.04702
862 2.67823
863 3.93605
864 4.13945
865 4.13945
866 4.13945
867 4.13945
868 3.98341
869 3.98341
870 4.08189
871 4.08189
872 4.07344
873 4.07344
874 3.42354
875 3.61812
876 3.83986
877 3.26012
878 2.352
879 1.93623
880 1.58484
881 1.58522
882 1.58522
883 0.744024
884 0.744098
885 1.79679
886 3.61421
887 3.39546
888 3.39546
889 3.0591
890 2.88619
891 1.76389
892 1.76389
893 1.76389
894 1.96147
895 1.96147
896 1.6035
897 1.6035
898 1.6035
899 2.03839
900 2.03839
901 2.16316
902 2.16316
903 2.43544
904 2.43544
905 2.80593
906 2.80593
907 2.31708
908 2.31708
909 2.99786
910 2.99786
911 2.99786
912 2.99786
913 3.00627
914 3.65134
915 3.64279
916 2.89572
917 2.89572
918 2.89572
919 2.89572
920 2.89572
921 2.02431
922 2.02431
923 2.02431
924 0.946434
925 0.946434
926 1.84118
927 1.84118
928 1.80491
929 1.80491
930 1.77883
931 1.77883
932 0.661797
933 0.712341
934 0.712341
935 0.712341
936 1.00712
937 1.00712
938 1.00712
939 1.00712
940 1.06263
941 1.20285
942 1.20285
943 1.11566
944 1.46584
945 1.11039
946 1.11039
947 2.0301
948 1.7917
949 1.27648
950 1.56128
951 1.56128
952 1.56128
953 0.868828
954 0.868828
955 0.868828
956 0.868828
957 0.868828
958 0.215558
959 0.215558
960 0.215558
961 0.215558
962 0.215558
963 0.215558
964 0.215558
965 0.215558
966 0.215558
967 0.215558
968 0.215558
969 0.215558
970 0.215558
971 0.215558
972 0.215558
973 1.44984
974 1.44984
975 2.089
976 2.43846
977 2.08737
978 2.00649
979 2.62512
980 2.44849
981 2.20451
982 2.27283
983 2.27283
984 2.3122
985 2.3122
986 1.56768
987 1.56768
988 1.56768
989 1.56768
990 1.56768
991 1.56768
992 1.56768
993 1.56768
994 1.56768
995 1.56768
996 2.02869
997 2.02869
998 2.26309
999 2.26309
1000 1.60587
