1 2.12786
2 2.53382
3 3.2075
4 3.2075
5 3.89947
6 3.89947
7 3.26848
8 2.2443
9 1.19079
10 1.19079
11 1.19079
12 1.41179
13 1.41179
14 1.41179
15 1.41179
16 1.57415
17 1.57415
18 1.49221
19 1.49221
20 0.685841
21 0.861493
22 0.645059
23 0.645059
24 1.53845
25 1.53845
26 1.53845
27 0.78876
28 0.78876
29 0.78876
30 0.992674
31 1.89761
32 2.40979
33 2.69931
34 3.14702
35 3.14702
36 3.14702
37 3.05144
38 2.64834
39 2.94104
40 3.13704
41 3.13704
42 3.13704
43 3.3114
44 2.30737
45 2.66256
46 2.6084
47 2.93812
48 2.42298
49 2.81389
50 2.81389
51 2.65835
52 2.52562
53 1.93236
54 1.93236
55 1.93236
56 1.81694
57 1.81694
58 1.14717
59 1.14717
60 1.1672
61 1.1672
62 1.73062
63 1.62234
64 1.62234
65 1.37826
66 1.37826
67 2.0574
68 2.56127
69 3.87404
70 3.87404
71 3.87404
72 3.84037
73 3.84037
74 3.18515
75 3.18515
76 3.18515
77 2.67165
78 2.38983
79 1.77706
80 1.88224
81 1.88224
82 1.2554
83 1.2554
84 1.60268
85 1.60268
86 1.60268
87 2.0728
88 2.33844
89 2.33844
90 2.33844
91 2.06389
92 1.5032
93 1.5032
94 1.5032
95 0.86299
96 0.86299
97 0.86299
98 0.86299
99 0.788947
100 0.788947
101 0.788947
102 1.17043
103 1.74438
104 1.54391
105 1.54391
106 1.54391
107 0.844228
108 1.11712
109 0.972874
110 0.658338
111 0.658338
112 0.658338
113 1.11988
114 1.11988
115 1.11988
116 1.11988
117 1.11988
118 1.56903
119 1.56903
120 1.12694
121 1.12694
122 1.12694
123 1.12694
124 1.63336
125 1.63336
126 0.979761
127 2.1973
128 1.694
129 1.694
130 1.5607
131 1.5607
132 1.5607
133 1.45386
134 1.45386
135 1.45386
136 0.570412
137 0.570412
138 0.570412
139 0.570412
140 0.570412
141 0.570412
142 0.570412
143 0.570412
144 0.570412
145 0.612553
146 0.953278
147 0.953278
148 1.24101
149 1.24101
150 1.24101
151 1.24101
152 1.24101
153 1.59506
154 1.98893
155 0.959482
156 0.959482
157 0.959482
158 0.639094
159 0.639094
160 0.639094
161 0.639094
162 0.639094
163 0.639094
164 0.639094
165 0.639094
166 0.639094
167 1.26294
168 1.26294
169 2.00758
170 2.00758
171 1.78721
172 1.78721
173 1.25358
174 1.33222
175 1.33222
176 1.33222
177 1.54813
178 1.73653
179 1.73653
180 3.01474
181 1.48019
182 1.48019
183 1.48019
184 1.48019
185 1.18121
186 1.18585
187 2.02447
188 2.1111
189 2.1111
190 2.1111
191 2.03399
192 0.507069
193 0.507069
194 1.05558
195 1.05558
196 0.557935
197 1.47647
198 1.47647
199 0.752033
200 0.80268
201 1.96876
202 2.69662
203 2.99146
204 3.23545
205 2.34419
206 2.49806
207 2.49806
208 2.48051
209 2.48051
210 1.65604
211 1.65604
212 1.18021
213 2.05011
214 1.0669
215 0.839834
216 0.839834
217 1.77215
218 1.90416
219 1.90416
220 3.29411
221 2.08845
222 2.08845
223 2.09089
224 2.50899
225 2.50899
226 2.10336
227 2.10336
228 2.10336
229 2.10336
230 1.37164
231 1.37164
232 1.39023
233 0.95558
234 0.95558
235 0.95558
236 0.95558
237 1.09484
238 1.34027
239 1.34027
240 1.34027
241 0.972067
242 0.898184
243 0.898184
244 0.898184
245 0.455444
246 0.609259
247 0.396454
248 0.396454
249 0.396454
250 0.396454
251 0.396454
252 0.396454
253 0.396454
254 0.396454
255 0.8051
256 0.8051
257 0.962011
258 0.975107
259 1.35937
260 1.35937
261 1.35937
262 1.35937
263 1.34104
264 1.34104
265 1.34104
266 1.34104
267 1.34104
268 1.34104
269 1.34104
270 1.34104
271 1.48128
272 0.865047
273 0.865047
274 0.822544
275 0.822544
276 0.822544
277 1.07172
278 1.07172
279 1.07172
280 1.33158
281 1.33158
282 1.28752
283 1.02842
284 1.02842
285 1.00521
286 0.922733
287 0.922733
288 0.637408
289 0.637408
290 0.637408
291 0.637408
292 0.85817
293 0.85817
294 0.85817
295 0.85817
296 0.417042
297 0.417042
298 0.417042
299 0.912902
300 0.912902
301 0.912902
302 0.752212
303 0.456148
304 0.456148
305 0.456148
306 2.0823
307 3.02962
308 2.38386
309 2.38386
310 2.38386
311 1.84527
312 1.84527
313 1.84527
314 1.92137
315 1.92137
316 1.57135
317 1.10712
318 1.10712
319 1.10712
320 1.45427
321 0.737731
322 0.954984
323 0.954984
324 0.954984
325 0.578975
326 0.580675
327 0.580675
328 1.52003
329 1.75761
330 1.38368
331 1.38368
332 0.490647
333 1.12183
334 1.12183
335 1.46053
336 1.46053
337 1.46053
338 2.80948
339 3.15464
340 3.15464
341 3.15464
342 2.27184
343 1.73229
344 1.2812
345 1.2812
346 0.813907
347 0.890011
348 0.890011
349 0.389924
350 0.389924
351 0.274503
352 0.274503
353 0.274503
354 0.274503
355 0.274503
356 0.274503
357 0.274503
358 0.274503
359 0.274503
360 0.274503
361 0.274503
362 0.274503
363 0.274503
364 0.41683
365 0.41683
366 0.41683
367 0.41683
368 0.85815
369 1.44039
370 1.44039
371 1.44039
372 2.56375
373 2.65933
374 2.65933
375 2.1789
376 2.1789
377 1.75784
378 0.738102
379 1.00416
380 0.762379
381 0.762379
382 0.762379
383 1.78697
384 1.78697
385 1.35356
386 1.18296
387 1.18296
388 1.18296
389 1.60298
390 1.76412
391 1.76412
392 1.80344
393 1.2035
394 0.764726
395 0.764726
396 0.764726
397 0.764726
398 0.764726
399 0.72186
400 1.27248
401 1.27248
402 0.955152
403 0.98664
404 0.969169
405 0.969169
406 0.969169
407 0.969169
408 0.914496
409 0.837658
410 0.560101
411 0.560101
412 0.560101
413 0.661263
414 1.11095
415 1.43118
416 1.43118
417 1.33635
418 1.18459
419 1.18459
420 1.06605
421 1.30582
422 1.53447
423 1.53447
424 1.53447
425 2.18275
426 2.39378
427 2.8297
428 2.77891
429 2.20376
430 1.64015
431 1.89879
432 1.89879
433 1.89879
434 3.08427
435 3.08427
436 3.60259
437 3.34198
438 3.34198
439 3.34198
440 4.43759
441 4.29479
442 4.13888
443 3.53662
444 3.39022
445 2.47608
446 2.47608
447 2.47608
448 1.80359
449 1.80359
450 2.22855
451 2.22855
452 1.89932
453 3.26039
454 2.09925
455 2.09925
456 2.73416
457 2.03323
458 2.03323
459 2.29298
460 2.29298
461 2.29298
462 1.78832
463 1.11837
464 1.11837
465 1.11837
466 1.11837
467 1.3792
468 1.9682
469 2.40477
470 2.40477
471 2.40477
472 3.30905
473 3.01868
474 3.08445
475 3.07853
476 3.07853
477 3.49614
478 3.27757
479 3.57118
480 3.69975
481 3.49969
482 3.46258
483 3.4939
484 3.0979
485 3.0979
486 3.0979
487 3.0979
488 3.0979
489 3.07343
490 3.03926
491 2.47122
492 2.31015
493 2.42821
494 1.75338
495 1.75338
496 1.75338
497 1.75338
498 1.07983
499 0.548586
500 0.721166
501 0.721166
502 0.824409
503 0.824409
504 0.830153
505 1.46517
506 0.330679
507 0.562491
508 0.180658
509 0.180658
510 1.82357
511 1.80441
512 1.80441
513 1.35379
514 0.599552
515 0.99918
516 0.99918
517 0.665643
518 0.549126
519 0.549126
520 0.549126
521 0.549126
522 0.501984
523 0.668645
524 0.668645
525 0.940121
526 0.755135
527 0.755135
528 0.92825
529 1.23798
530 1.82822
531 2.53581
532 1.65073
533 0.990556
534 0.512818
535 0.512818
536 0.512818
537 1.34216
538 1.50078
539 1.55065
540 1.92846
541 1.02918
542 1.02918
543 0.585287
544 0.585287
545 0.585287
546 2.67023
547 2.67023
548 1.66276
549 1.66276
550 1.66276
551 1.66276
552 1.66276
553 1.66276
554 1.69843
555 1.50917
556 1.50917
557 1.38623
558 1.60837
559 1.40518
560 0.803058
561 1.10225
562 1.10225
563 0.951051
564 0.656534
565 1.51233
566 1.51233
567 1.04611
568 1.04611
569 1.00333
570 1.00333
571 1.00333
572 0.54197
573 0.54197
574 0.706637
575 1.23468
576 1.23468
577 1.20254
578 1.20254
579 1.20254
580 0.792571
581 0.792571
582 1.36433
583 1.36433
584 1.98797
585 1.72132
586 1.42531
587 1.4246
588 1.1428
589 1.1428
590 1.1428
591 1.2521
592 1.29504
593 1.50347
594 2.57108
595 2.54778
596 2.54778
597 2.44711
598 2.66431
599 2.66431
600 1.00124
601 1.00124
602 1.00124
603 1.36049
604 1.2479
605 0.882889
606 0.882889
607 0.882889
608 0.882889
609 0.882889
610 1.08864
611 1.15086
612 0.887093
613 0.887093
614 0.887093
615 0.887093
616 1.09495
617 0.52832
618 1.01207
619 0.79196
620 0.79196
621 1.57316
622 1.52884
623 1.27521
624 1.27521
625 1.30686
626 1.30686
627 1.94609
628 1.89955
629 1.47436
630 1.75867
631 1.75867
632 1.75867
633 1.53914
634 1.53914
635 2.3978
636 2.03168
637 2.32909
638 2.32909
639 1.71944
640 1.71944
641 1.67849
642 1.67849
643 1.58708
644 1.58708
645 1.76346
646 2.78883
647 2.78752
648 1.99746
649 2.31887
650 2.31887
651 2.31887
652 2.31887
653 2.31887
654 2.31887
655 3.39654
656 3.19708
657 2.91417
658 3.5078
659 3.05142
660 3.05142
661 3.05142
662 3.07138
663 3.51116
664 3.97438
665 3.97438
666 3.26136
667 3.26136
668 3.76357
669 3.76357
670 2.95397
671 2.54021
672 3.01882
673 3.01882
674 2.70489
675 2.70724
676 2.02
677 2.19891
678 1.75996
679 2.39104
680 2.39104
681 2.39104
682 3.29461
683 3.29461
684 3.26111
685 3.26111
686 4.82387
687 4.82387
688 4.9408
689 4.9408
690 4.98347
691 4.98347
692 4.97404
693 4.24337
694 3.67968
695 4.0804
696 4.0804
697 4.62347
698 4.62347
699 4.29525
700 4.29525
701 4.29525
702 3.39262
703 3.39262
704 3.05341
705 3.05341
706 3.02755
707 3.02755
708 3.02755
709 3.8374
710 3.19694
711 3.17783
712 3.17783
713 1.82919
714 1.82919
715 1.60465
716 1.60465
717 1.60465
718 1.60465
719 1.60465
720 1.60465
721 1.88295
722 1.761
723 2.54821
724 2.20414
725 1.8871
726 2.2933
727 2.52976
728 2.45922
729 2.67966
730 2.22362
731 2.21406
732 2.26251
733 1.96723
734 1.96723
735 1.96723
736 1.79343
737 1.90577
738 1.90577
739 2.56012
740 1.51491
741 1.33275
742 1.33275
743 1.33275
744 1.33275
745 0.868203
746 1.22545
747 0.837821
748 0.837821
749 0.837821
750 0.837821
751 0.837821
752 0.837821
753 0.837821
754 0.837821
755 0.824662
756 0.793531
757 0.793531
758 0.382995
759 0.382995
760 0.382995
761 0.382995
762 0.382995
763 0.382995
764 1.48683
765 2.49254
766 3.11871
767 2.57916
768 1.79453
769 1.79453
770 2.10379
771 2.10379
772 2.34358
773 2.37297
774 2.20363
775 1.80476
776 1.80476
777 1.80476
778 1.80476
779 1.80476
780 1.29906
781 1.13159
782 1.31518
783 0.873519
784 0.873519
785 1.37941
786 0.788911
787 1.40953
788 1.37699
789 1.33702
790 1.33702
791 1.4255
792 1.4255
793 1.783
794 1.783
795 2.05758
796 2.05758
797 2.35358
798 2.35358
799 2.83201
800 1.98521
801 1.98521
802 2.42546
803 1.85939
804 1.85939
805 1.36854
806 1.36854
807 1.67715
808 0.785432
809 0.785432
810 0.416271
811 1.36576
812 1.41689
813 1.41689
814 2.28575
815 2.28575
816 3.27563
817 3.55772
818 3.19382
819 2.31993
820 2.6055
821 2.6055
822 2.48146
823 2.90526
824 1.89801
825 1.98398
826 2.67298
827 2.70181
828 2.70181
829 2.70181
830 2.92428
831 2.51749
832 2.51749
833 2.50203
834 2.48834
835 2.48834
836 2.8533
837 2.04671
838 2.23711
839 1.90395
840 1.90395
841 1.72888
842 0.875819
843 1.51789
844 1.51789
845 1.60902
846 2.23718
847 2.23718
848 2.31467
849 2.22672
850 2.54892
851 2.54892
852 2.49984
853 2.49984
854 2.25789
855 2.25789
856 0.803682
857 1.63111
858 2.23174
859 2.92598
860 2.5691
861 2.29001
862 2.45876
863 3.20215
864 2.64565
865 2.64565
866 3.19507
867 2.9231
868 3.40587
869 3.19752
870 3.17752
871 3.17752
872 3.2266
873 2.33937
874 2.15886
875 2.15886
876 2.15886
877 2.15886
878 1.86824
879 2.02579
880 2.02579
881 2.02579
882 2.02579
883 2.02579
884 1.16464
885 1.16464
886 1.16464
887 1.00343
888 1.40554
889 1.70626
890 1.11054
891 1.22302
892 0.969603
893 0.970553
894 0.861609
895 0.861609
896 0.85767
897 1.66129
898 1.03272
899 1.03272
900 1.03272
901 0.873286
902 0.873286
903 0.873286
904 0.95211
905 0.95211
906 1.5428
907 1.5428
908 1.64782
909 1.64782
910 1.0547
911 1.29027
912 1.3052
913 1.53172
914 2.07299
915 2.64715
916 1.93904
917 1.63422
918 1.63422
919 1.63422
920 1.86675
921 2.35488
922 2.31408
923 2.31408
924 2.23727
925 2.23727
926 1.66947
927 0.887038
928 1.19802
929 1.19802
930 1.19802
931 1.19802
932 1.19802
933 2.03674
934 1.63968
935 2.36522
936 1.86276
937 1.86276
938 1.86276
939 1.77947
940 1.66459
941 1.66459
942 1.66459
943 1.66459
944 3.0673
945 3.0673
946 3.11397
947 2.96129
948 2.17167
949 2.17167
950 2.17167
951 1.93588
952 2.23193
953 2.21631
954 2.37318
955 2.37318
956 2.37318
957 2.37318
958 2.37318
959 2.37296
960 2.37296
961 3.24137
962 2.88791
963 2.88791
964 2.88791
965 2.88791
966 2.88791
967 2.88791
968 3.70819
969 3.70819
970 3.70819
971 2.85399
972 2.85399
973 2.85399
974 2.59901
975 2.59901
976 3.41816
977 3.41816
978 3.41816
979 3.41816
980 3.41816
981 3.9029
982 4.62217
983 4.62217
984 4.62217
985 4.65049
986 3.55554
987 3.55554
988 3.12899
989 1.99919
990 1.99919
991 1.99919
992 1.67928
993 1.67928
994 0.348126
995 0.348126
996 1.08259
997 1.0351
998 1.0351
999 0.856359
1000 0.856359
