1 41.7689
2 42.7019
3 42.7019
4 40.8794
5 38.5111
6 36.9819
7 36.9819
8 35.1822
9 34.4572
10 36.887
11 37.5507
12 35.7634
13 36.0634
14 36.0634
15 40.0771
16 37.6133
17 38.6745
18 38.1085
19 34.4491
20 33.4345
21 33.9875
22 32.3958
23 33.3373
24 33.4619
25 33.4619
26 33.4619
27 35.7057
28 35.7057
29 35.6577
30 35.6577
31 33.7373
32 33.7373
33 29.4938
34 29.2265
35 31.5274
36 31.3854
37 31.3788
38 27.0117
39 27.0117
40 27.0117
41 27.0117
42 27.2158
43 27.2158
44 27.2158
45 25.0968
46 24.3411
47 24.3411
48 24.3411
49 24.3411
50 23.9257
51 24.4086
52 21.9313
53 19.4121
54 19.5133
55 20.2153
56 18.4142
57 14.391
58 13.1108
59 12.6312
60 12.3132
61 12.3132
62 12.3132
63 11.0141
64 12.2088
65 12.2088
66 13.4331
67 13.1028
68 13.1091
69 10.6363
70 10.3187
71 10.3187
72 7.55133
73 8.03367
74 8.03367
75 9.31005
76 9.31005
77 9.31005
78 8.35817
79 6.81368
80 6.19436
81 6.16847
82 6.16847
83 6.16847
84 6.16847
85 6.16847
86 4.4888
87 1.92171
88 1.92171
89 1.92171
90 1.92171
91 3.6921
92 2.76648
93 4.11816
94 5.2292
95 5.2292
96 5.2292
97 5.16999
98 5.14273
99 5.14273
100 5.14273
101 7.80424
102 7.80424
103 6.44624
104 7.21215
105 8.08896
106 8.08896
107 8.52933
108 8.52933
109 7.03506
110 5.03139
111 4.33445
112 4.33445
113 2.9377
114 2.9377
115 3.52087
116 3.52087
117 3.52087
118 4.19361
119 5.63418
120 6.02511
121 3.79651
122 3.79651
123 1.81042
124 1.81042
125 1.81042
126 2.7271
127 2.7271
128 2.1484
129 2.1484
130 4.87377
131 5.7012
132 4.65074
133 4.65074
134 1.51351
135 1.51351
136 4.60649
137 4.72971
138 5.05782
139 2.53679
140 3.9553
141 3.9553
142 2.57456
143 2.57456
144 2.57456
145 2.57456
146 3.60714
147 3.60714
148 4.05656
149 2.82761
150 2.88177
151 2.88177
152 3.19097
153 3.19097
154 4.42577
155 4.42577
156 4.42577
157 4.42577
158 4.82837
159 5.02999
160 3.29152
161 3.29152
162 3.29152
163 3.29152
164 3.29152
165 3.29152
166 3.29152
167 1.89448
168 1.89448
169 1.89448
170 4.082
171 4.082
172 7.14722
173 5.6467
174 5.6467
175 5.65252
176 6.25006
177 6.25006
178 6.25006
179 6.25006
180 6.25006
181 8.66888
182 8.66888
183 6.65171
184 6.65171
185 6.65171
186 6.61102
187 5.67244
188 5.67244
189 3.45348
190 2.40718
191 2.14714
192 2.14714
193 2.14714
194 2.14714
195 2.14714
196 2.14714
197 2.14714
198 2.14714
199 2.14714
200 2.14714
201 2.14714
202 2.14714
203 2.14714
204 2.14714
205 2.14714
206 2.14714
207 2.14714
208 2.14714
209 2.14714
210 2.14714
211 4.61866
212 4.61866
213 3.8328
214 3.8328
215 3.8328
216 3.8328
217 4.72552
218 4.72552
219 4.72552
220 4.72552
221 4.72552
222 3.3495
223 3.3495
224 3.3495
225 3.3495
226 3.3495
227 3.3495
228 3.3495
229 3.3495
230 3.3495
231 3.3495
232 3.3495
233 3.3495
234 3.3495
235 3.3495
236 4.21599
237 2.57517
238 2.57517
239 3.98016
240 2.83714
241 2.83714
242 4.63316
243 3.96131
244 3.96131
245 5.78128
246 5.78128
247 5.78128
248 5.06948
249 2.0937
250 2.0937
251 2.0937
252 1.91452
253 1.91452
254 1.91452
255 1.91452
256 2.11025
257 3.90948
258 3.90948
259 2.91849
260 2.70568
261 2.70568
262 2.70568
263 1.38673
264 1.38673
265 4.09272
266 4.09272
267 4.09272
268 4.09272
269 3.89545
270 3.89545
271 3.56676
272 3.56676
273 3.56676
274 3.56676
275 2.80693
276 2.80693
277 2.80693
278 2.80693
279 2.80693
280 2.80693
281 2.80693
282 2.80693
283 2.80693
284 2.80693
285 2.80693
286 2.80693
287 2.35336
288 4.88466
289 4.45016
290 4.45016
291 5.43425
292 5.43425
293 6.19096
294 6.19096
295 6.19096
296 6.19096
297 6.19096
298 6.19096
299 6.19096
300 8.67831
301 6.13002
302 6.13002
303 4.50493
304 5.00725
305 5.00725
306 4.59393
307 4.59393
308 4.59393
309 6.94944
310 5.59348
311 5.59348
312 7.88683
313 7.88683
314 7.1791
315 7.80916
316 7.80916
317 7.28102
318 7.47663
319 7.47663
320 6.78153
321 6.78153
322 4.2223
323 2.43991
324 2.43991
325 2.43991
326 5.1005
327 4.59583
328 4.59583
329 5.50057
330 5.50057
331 5.50057
332 6.7207
333 5.7809
334 5.06571
335 5.06571
336 4.00622
337 4.00622
338 4.00622
339 4.78872
340 3.66242
341 5.60119
342 5.60119
343 5.60119
344 5.60119
345 3.13696
346 3.13696
347 3.13696
348 3.13696
349 3.13696
350 3.13696
351 3.6106
352 3.6106
353 3.6106
354 3.6106
355 3.6106
356 4.67068
357 4.67068
358 4.67068
359 4.67068
360 4.36109
361 4.24694
362 4.24694
363 6.18938
364 6.18938
365 6.18938
366 5.07806
367 7.06797
368 7.06797
369 7.51037
370 9.65342
371 9.65342
372 8.06295
373 6.82203
374 6.08367
375 6.08367
376 6.08367
377 7.58791
378 7.58791
379 7.58791
380 8.83491
381 10.4345
382 10.4345
383 8.78209
384 8.78209
385 10.9613
386 10.9613
387 9.75491
388 9.75491
389 8.94812
390 8.94812
391 8.94812
392 9.04942
393 7.17176
394 9.31082
395 8.42058
396 8.42058
397 6.53199
398 5.60232
399 5.60232
400 5.39285
401 4.33397
402 4.33397
403 4.33397
404 3.49369
405 3.49369
406 6.37738
407 5.57302
408 4.4749
409 4.53148
410 4.56068
411 4.56068
412 4.52993
413 5.82955
414 6.29476
415 7.68264
416 7.44275
417 6.06853
418 7.67086
419 7.67086
420 7.67086
421 7.67086
422 7.60009
423 8.51506
424 8.60278
425 8.60278
426 8.81663
427 8.81663
428 9.04836
429 9.04836
430 7.21672
431 5.73653
432 3.9421
433 3.97741
434 3.97741
435 3.97741
436 3.97741
437 3.97741
438 6.02124
439 7.7754
440 10.3302
441 10.3302
442 10.3302
443 10.3302
444 8.88064
445 8.30642
446 8.30642
447 8.30642
448 8.30642
449 6.2591
450 2.48239
451 1.97755
452 1.49011
453 2.30759
454 4.19514
455 4.19514
456 1.16675
457 3.71823
458 3.71823
459 3.71823
460 3.87836
461 3.87836
462 3.87836
463 3.14941
464 5.37398
465 4.98794
466 4.98794
467 4.98794
468 3.38155
469 3.38155
470 3.22786
471 2.56407
472 2.56407
473 2.56407
474 2.56407
475 2.56407
476 2.56407
477 5.64431
478 8.028
479 8.028
480 8.22511
481 10.1948
482 8.69046
483 8.69046
484 10.2687
485 9.05949
486 7.85364
487 8.83854
488 8.83854
489 10.3249
490 9.35451
491 8.72631
492 9.94182
493 13.3988
494 13.5219
495 11.7261
496 11.2684
497 11.2684
498 11.0123
499 12.2034
500 8.96263
501 8.916
502 8.52583
503 7.42627
504 4.43552
505 3.5566
506 3.5566
507 3.5566
508 3.5566
509 5.07363
510 4.52969
511 7.4099
512 7.4099
513 7.4099
514 8.1332
515 6.38546
516 7.71803
517 4.99837
518 4.99837
519 4.99837
520 4.99837
521 4.99837
522 4.99837
523 4.99837
524 4.99837
525 4.99837
526 4.99837
527 5.55389
528 5.55389
529 5.55389
530 6.27609
531 6.27609
532 5.61574
533 5.61574
534 6.48819
535 5.22672
536 4.30192
537 6.15712
538 6.15712
539 5.69844
540 6.9454
541 6.51697
542 8.07011
543 6.24726
544 2.65477
545 3.92876
546 3.92876
547 5.65095
548 5.65095
549 5.65095
550 5.65095
551 5.65095
552 5.65095
553 6.48589
554 6.04908
555 5.18984
556 5.18984
557 5.18984
558 5.18984
559 6.53417
560 4.32022
561 4.32022
562 2.87148
563 2.87148
564 2.87148
565 2.87148
566 2.87148
567 2.87148
568 2.87148
569 2.87148
570 2.87148
571 2.87148
572 5.23192
573 3.33838
574 4.84576
575 4.84576
576 4.67243
577 4.67243
578 4.67243
579 5.30174
580 5.08157
581 5.08157
582 3.68913
583 3.68913
584 3.68913
585 1.54088
586 1.54088
587 1.54088
588 1.54088
589 2.6632
590 2.6632
591 5.22883
592 5.22883
593 3.77404
594 3.77404
595 5.87518
596 5.87518
597 5.87518
598 5.19263
599 7.03914
600 7.03914
601 4.81341
602 4.81341
603 4.81341
604 4.81341
605 6.76677
606 6.76677
607 6.76677
608 5.75875
609 5.75875
610 7.22386
611 8.87423
612 8.77016
613 6.898
614 7.74389
615 6.08016
616 6.08016
617 6.08016
618 6.08016
619 6.08016
620 7.20596
621 7.20596
622 7.36367
623 8.16359
624 8.16359
625 8.16359
626 7.24718
627 8.14228
628 8.14228
629 8.14228
630 7.49411
631 6.02466
632 6.02466
633 5.61958
634 6.91435
635 4.2785
636 2.98478
637 2.98478
638 2.98478
639 2.98478
640 2.98478
641 2.98478
642 2.98478
643 2.98478
644 5.22004
645 3.36448
646 3.36448
647 3.36448
648 3.36448
649 4.81796
650 6.80455
651 6.80455
652 6.80455
653 6.80455
654 6.80455
655 6.62876
656 6.62876
657 7.24403
658 7.24403
659 7.24403
660 7.24403
661 6.16903
662 7.18311
663 7.41884
664 4.18092
665 4.18092
666 4.18092
667 4.18092
668 4.18092
669 4.18092
670 4.18092
671 4.18092
672 3.00086
673 3.00086
674 3.00086
675 3.00086
676 3.79019
677 6.64664
678 6.99439
679 6.99439
680 5.75521
681 4.50658
682 4.50658
683 4.50658
684 5.10082
685 6.21653
686 5.70322
687 5.27473
688 5.27473
689 5.27473
690 5.27473
691 5.27473
692 5.27473
693 5.27473
694 5.92614
695 5.92614
696 4.21843
697 4.21843
698 4.21843
699 4.21843
700 4.32333
701 4.86011
702 3.23649
703 3.57296
704 3.57296
705 3.36121
706 4.28699
707 4.28699
708 4.96377
709 4.96377
710 3.21532
711 4.16249
712 4.16249
713 2.68262
714 2.68262
715 2.68262
716 3.73424
717 3.16349
718 3.16349
719 3.16349
720 3.16349
721 5.39306
722 2.92854
723 3.1794
724 3.1794
725 3.1794
726 3.1794
727 3.1794
728 3.1794
729 3.1794
730 3.1794
731 3.47605
732 3.47605
733 3.39074
734 5.70561
735 5.70561
736 6.59937
737 7.49181
738 8.97271
739 8.0638
740 8.8224
741 8.8224
742 8.8224
743 9.48122
744 7.81287
745 8.11286
746 9.8265
747 9.8265
748 9.69283
749 11.6058
750 10.4564
751 10.4564
752 8.91065
753 8.25233
754 6.6014
755 7.87162
756 5.39312
757 5.39312
758 5.39312
759 5.39312
760 5.39312
761 7.09701
762 7.14939
763 7.30376
764 7.50102
765 7.50102
766 7.13349
767 6.53755
768 6.53755
769 7.08681
770 7.50283
771 8.88297
772 6.43703
773 4.38663
774 4.84071
775 4.84071
776 4.24249
777 4.24249
778 4.24249
779 4.24249
780 4.24249
781 5.67183
782 5.67183
783 7.78679
784 7.78679
785 5.50783
786 5.50783
787 6.23345
788 5.76652
789 5.76652
790 5.76652
791 5.76652
792 6.19614
793 4.63166
794 3.78071
795 3.78071
796 3.78071
797 3.78071
798 3.91933
799 3.91933
800 3.91933
801 3.91933
802 3.91933
803 1.41712
804 1.41712
805 1.41712
806 1.41712
807 1.41712
808 1.41712
809 1.41712
810 4.6264
811 6.99942
812 4.76936
813 4.76936
814 4.76936
815 4.88195
816 5.05653
817 5.04353
818 5.04353
819 5.20684
820 5.36047
821 4.45995
822 4.45995
823 4.45995
824 5.62268
825 5.62268
826 7.0772
827 4.1753
828 4.1753
829 4.93901
830 5.87723
831 5.12207
832 5.12207
833 3.59223
834 2.95031
835 2.95031
836 2.95031
837 3.75236
838 4.47348
839 6.4701
840 6.4701
841 6.69826
842 6.69826
843 6.69826
844 8.20032
845 5.65151
846 2.76489
847 5.19385
848 6.81547
849 6.16591
850 3.28476
851 3.28476
852 4.05089
853 4.05089
854 4.05089
855 4.05089
856 5.25371
857 3.88708
858 3.88708
859 4.91236
860 3.57059
861 3.57059
862 5.15546
863 8.21248
864 8.65626
865 8.65626
866 8.65626
867 8.65626
868 8.2391
869 8.2391
870 8.44277
871 8.44277
872 8.49434
873 10.7438
874 9.24173
875 9.2019
876 9.2019
877 8.45924
878 6.40339
879 4.72157
880 4.24764
881 4.24249
882 4.24249
883 0.345037
884 3.51815
885 5.56853
886 9.98307
887 9.66329
888 9.66329
889 8.80006
890 8.68294
891 6.04668
892 6.04668
893 6.26276
894 6.25123
895 6.25123
896 4.25818
897 4.25818
898 2.53102
899 2.53102
900 2.53102
901 4.88399
902 7.1724
903 6.43979
904 6.43979
905 5.98421
906 5.98421
907 4.47197
908 4.47197
909 4.47197
910 4.47197
911 6.56062
912 5.72154
913 5.72154
914 8.19767
915 7.73518
916 5.41436
917 5.41436
918 5.41436
919 5.41436
920 5.41436
921 4.37714
922 4.37714
923 2.58433
924 4.32923
925 6.66857
926 6.66857
927 6.61893
928 4.58214
929 4.58214
930 4.58214
931 4.58214
932 5.39348
933 6.34484
934 5.32698
935 6.0032
936 4.19952
937 4.19952
938 4.19952
939 3.59534
940 4.62139
941 1.90534
942 1.90534
943 1.85729
944 1.85729
945 4.32425
946 4.32425
947 5.52182
948 5.80621
949 6.95057
950 7.87002
951 8.37418
952 8.37418
953 6.09129
954 6.09129
955 6.09129
956 6.09129
957 6.09129
958 4.82995
959 4.82995
960 4.82995
961 3.93028
962 3.93028
963 3.93028
964 3.13166
965 3.13166
966 5.0704
967 5.0704
968 5.0704
969 5.0704
970 5.0704
971 5.0704
972 5.38989
973 4.61107
974 4.80308
975 4.80308
976 3.44068
977 3.98095
978 3.24771
979 2.92644
980 3.11175
981 4.96079
982 4.9574
983 2.3155
984 2.3155
985 2.3155
986 2.93684
987 2.93684
988 2.93684
989 2.93684
990 2.39351
991 2.39351
992 2.39351
993 2.39351
994 2.39351
995 2.39351
996 2.39351
997 2.39351
998 3.496
999 3.496
1000 3.86102
