1   1.223014622   0
2   1.219613364   0.003401258133
3   1.217242323   0.003078639093
4   1.218704641   0.002622476288
5   1.221128045   0.003162169638
6   1.221218596   0.00258348808
7   1.22116357   0.00218413919
8   1.223177569   0.002762976542
9   1.222342198   0.002575933157
10   1.223342519   0.002511769945
11   1.223057577   0.002289779795
12   1.222771871   0.002109708743
13   1.222919437   0.001946252128
14   1.223700166   0.001963748187
15   1.223148576   0.00190955063
16   1.222711584   0.001838898629
17   1.222677025   0.001727690158
18   1.223084784   0.001679143785
19   1.222503186   0.001691445469
20   1.222779894   0.001628329232
21   1.222696394   0.00155109919
22   1.222439476   0.001501065129
23   1.222070563   0.001481000856
24   1.222020363   0.001418838695
25   1.221778238   0.001382273406
26   1.221958802   0.00134026413
27   1.222355583   0.001349326827
28   1.222470323   0.001305296681
29   1.222514717   0.001260264581
30   1.222446678   0.001219430842
31   1.222432889   0.001179519177
32   1.222121401   0.001183780403
33   1.222019071   0.001151901894
34   1.222065808   0.001118485881
35   1.221869004   0.001103746381
36   1.221883187   0.001072742428
37   1.222014247   0.001051546034
38   1.221704177   0.001069436911
39   1.22181673   0.001047717736
40   1.221857064   0.001021985137
41   1.221961093   0.001002161036
42   1.221638687   0.001029780171
43   1.22184153   0.001025801827
44   1.221640588   0.001022162736
45   1.221807654   0.001013060455
46   1.221636656   0.001005440361
47   1.221631793   0.0009838274825
48   1.221638037   0.0009631332442
49   1.221676065   0.0009440389411
50   1.221748803   0.0009278211119
51   1.221660433   0.0009137299829
52   1.221562659   0.0009013049312
53   1.221557858   0.000884148679
54   1.221363356   0.0008891553639
55   1.221455539   0.0008776935384
56   1.221400093   0.0008636595524
57   1.221284224   0.0008562483691
58   1.221178485   0.000847974463
59   1.221320431   0.0008454788382
60   1.221147011   0.0008491648615
61   1.221420411   0.0008787412392
62   1.221399562   0.0008647032012
63   1.221263389   0.0008616947093
64   1.221114738   0.000861052291
65   1.22119693   0.0008516770942
66   1.221097857   0.0008445050765
67   1.220883283   0.0008590352853
68   1.221016193   0.0008566810628
69   1.220900347   0.0008520858179
70   1.220916548   0.0008399812021
71   1.221056186   0.000839757213
72   1.220967905   0.0008327047284
73   1.220965675   0.0008212216218
74   1.220993755   0.0008105345406
75   1.220938051   0.0008015922052
76   1.2209157   0.0007912903485
77   1.220995949   0.0007850586103
78   1.221007333   0.0007750120104
79   1.220878993   0.000775827727
80   1.22089291   0.000766194897
81   1.220860409   0.0007573742708
82   1.220803804   0.0007502194437
83   1.220805855   0.0007411283764
84   1.220834482   0.0007328116437
85   1.220804959   0.0007247406135
86   1.220793458   0.0007163561409
87   1.220824062   0.0007087353447
88   1.220860245   0.0007015689235
89   1.220876848   0.0006938400067
90   1.22086695   0.0006861587586
91   1.220848253   0.0006788341831
92   1.220865097   0.0006716262644
93   1.220802977   0.0006672631237
94   1.220906507   0.0006681956572
95   1.220815043   0.0006674215832
96   1.220788625   0.0006609608214
97   1.220747518   0.0006554016954
98   1.220767718   0.0006489938829
99   1.220588123   0.0006670369902
100   1.220623181   0.0006612629083
