1   0.8153430813   0
2   0.8130755759   0.002267505422
3   0.8114948822   0.002052426062
4   0.8124697606   0.001748317526
5   0.8140853633   0.002108113092
6   0.8141457305   0.001722325387
7   0.8141090468   0.001456092794
8   0.8154517127   0.001841984362
9   0.8148947984   0.001717288771
10   0.8155616794   0.001674513296
11   0.8153717179   0.001526519864
12   0.8151812471   0.001406472496
13   0.8152796245   0.001297501419
14   0.8158001105   0.001309165458
15   0.8154323842   0.001273033753
16   0.8151410558   0.00122593242
17   0.8151180166   0.001151793438
18   0.8153898561   0.00111942919
19   0.8150021243   0.001127630312
20   0.815186596   0.001085552821
21   0.8151309294   0.001034066126
22   0.8149596508   0.001000710086
23   0.8147137085   0.0009873339038
24   0.8146802421   0.0009458924634
25   0.8145188251   0.0009215156039
26   0.8146392014   0.0008935094201
27   0.8149037218   0.0008995512179
28   0.8149802152   0.0008701977871
29   0.815009811   0.000840176387
30   0.8149644521   0.0008129538949
31   0.8149552593   0.000786346118
32   0.8147476008   0.000789186935
33   0.8146793809   0.000767934596
34   0.8147105389   0.0007456572537
35   0.8145793363   0.0007358309207
36   0.8145887911   0.0007151616183
37   0.8146761648   0.0007010306895
38   0.8144694513   0.0007129579407
39   0.8145444867   0.0006984784909
40   0.8145713757   0.0006813234246
41   0.8146407285   0.0006681073575
42   0.8144257913   0.000686520114
43   0.81456102   0.0006838678849
44   0.8144270586   0.0006814418237
45   0.8145384361   0.0006753736365
46   0.8144244377   0.0006702935738
47   0.8144211951   0.0006558849883
48   0.8144253577   0.0006420888295
49   0.8144507098   0.000629359294
50   0.8144992021   0.0006185474079
51   0.8144402884   0.0006091533219
52   0.8143751058   0.0006008699541
53   0.8143719053   0.0005894324527
54   0.8142422375   0.0005927702426
55   0.8143036927   0.0005851290256
56   0.8142667289   0.0005757730349
57   0.8141894828   0.0005708322461
58   0.8141189898   0.0005653163086
59   0.8142136206   0.0005636525588
60   0.8140980076   0.0005661099077
61   0.8142802739   0.0005858274928
62   0.8142663743   0.0005764688008
63   0.8141755925   0.0005744631395
64   0.8140764922   0.0005740348607
65   0.8141312867   0.0005677847294
66   0.8140652383   0.0005630033843
67   0.8139221889   0.0005726901902
68   0.8140107954   0.0005711207085
69   0.8139335646   0.0005680572119
70   0.8139443653   0.000559987468
71   0.8140374576   0.000559838142
72   0.8139786032   0.0005551364856
73   0.8139771169   0.0005474810812
74   0.8139958365   0.0005403563604
75   0.8139587006   0.0005343948035
76   0.8139437999   0.000527526899
77   0.8139972997   0.0005233724069
78   0.814004889   0.0005166746736
79   0.8139193288   0.0005172184846
80   0.8139286066   0.000510796598
81   0.813906939   0.0005049161805
82   0.8138692028   0.0005001462958
83   0.8138705701   0.0004940855843
84   0.8138896549   0.0004885410958
85   0.8138699725   0.000483160409
86   0.8138623056   0.0004775707606
87   0.8138827081   0.0004724902298
88   0.8139068301   0.0004677126156
89   0.8139178986   0.0004625600045
90   0.8139112998   0.0004574391724
91   0.8138988354   0.000452556122
92   0.8139100649   0.0004477508429
93   0.8138686514   0.0004448420825
94   0.8139376717   0.0004454637714
95   0.8138766951   0.0004449477221
96   0.8138590835   0.0004406405476
97   0.8138316788   0.0004369344636
98   0.8138451453   0.0004326625886
99   0.8137254156   0.0004446913268
100   0.8137487875   0.0004408419389
