1   -6.643261488   0
2   -6.639846952   0.003414536584
3   -6.637672618   0.002934975223
4   -6.639175009   0.002562072748
5   -6.641529993   0.003079688737
6   -6.641534196   0.002514558835
7   -6.641372359   0.002131343284
8   -6.643379108   0.002726538324
9   -6.642560934   0.002539964005
10   -6.643632224   0.002511731649
11   -6.643306131   0.002295229627
12   -6.643034236   0.002112816325
13   -6.643298433   0.001961383461
14   -6.644166329   0.002012633495
15   -6.643640884   0.001945942838
16   -6.6431457   0.001886415778
17   -6.643062021   0.001773953758
18   -6.64343703   0.001714026409
19   -6.642884366   0.001712913651
20   -6.643083698   0.001637192494
21   -6.642972184   0.001561268234
22   -6.642749516   0.001505172213
23   -6.642396981   0.001480817489
24   -6.642326401   0.001419530531
25   -6.642064241   0.001386574761
26   -6.64229089   0.001351320883
27   -6.642714258   0.001367495445
28   -6.642820798   0.00132205145
29   -6.642862039   0.001276315599
30   -6.642801147   0.001234540595
31   -6.642784486   0.00119416902
32   -6.642424674   0.001210940638
33   -6.642291266   0.001181229676
34   -6.642318906   0.001146294389
35   -6.642134798   0.001128184913
36   -6.642138357   0.001096404434
37   -6.642289149   0.001076969155
38   -6.641968833   0.00109609302
39   -6.642055384   0.00107112083
40   -6.642066135   0.001044054795
41   -6.642183214   0.001024980409
42   -6.641881927   0.001044667895
43   -6.642076888   0.001038547664
44   -6.641872687   0.001035013428
45   -6.642069872   0.001030787629
46   -6.641871493   0.00102746313
47   -6.641882631   0.001005426263
48   -6.641888829   0.0009842765332
49   -6.641933794   0.0009650281373
50   -6.642002309   0.0009480097584
51   -6.641945209   0.0009309881332
52   -6.641846405   0.0009182402504
53   -6.64183339   0.0009008423801
54   -6.641629134   0.0009072932488
55   -6.641733671   0.0008967581399
56   -6.641680382   0.000882209955
57   -6.641552478   0.0008759823857
58   -6.641442623   0.0008677287719
59   -6.641561251   0.0008611050988
60   -6.641384548   0.0008648751675
61   -6.641646667   0.0008900508945
62   -6.64161865   0.0008760256788
63   -6.641477297   0.0008735212079
64   -6.641322717   0.0008735498249
65   -6.641405675   0.0008639975465
66   -6.641288504   0.0008588363281
67   -6.641052925   0.0008781113362
68   -6.641179404   0.0008742983488
69   -6.641043384   0.0008722055439
70   -6.641069372   0.0008600478978
71   -6.641211264   0.0008596392576
72   -6.641128575   0.0008516395922
73   -6.641132121   0.000839899761
74   -6.641167894   0.000829244012
75   -6.641114839   0.0008198312562
76   -6.64107616   0.0008098962368
77   -6.641165849   0.0008043251028
78   -6.641174227   0.0007939904806
79   -6.64104424   0.0007945799301
80   -6.641048184   0.0007845947253
81   -6.641008757   0.0007758502325
82   -6.640948369   0.000768705914
83   -6.640932132   0.0007595615022
84   -6.640962041   0.0007510604032
85   -6.640923964   0.0007431479076
86   -6.640913416   0.0007345315678
87   -6.640937172   0.0007264281486
88   -6.640980491   0.0007194311722
89   -6.641017229   0.0007122498495
90   -6.64102496   0.0007043339317
91   -6.640998473   0.0006970543855
92   -6.641018609   0.000689730044
93   -6.640967418   0.0006841909871
94   -6.641061258   0.0006833470768
95   -6.640961681   0.0006834090576
96   -6.640941964   0.0006765401068
97   -6.640901195   0.0006707692675
98   -6.640917838   0.0006640979692
99   -6.640732095   0.0006830935923
100   -6.640763655   0.0006769642067
