1   -5.420246866   0
2   -5.420233588   1.327833101e-05
3   -5.420430295   0.0001968563299
4   -5.420470368   0.0001448518
5   -5.420401948   0.0001314171042
6   -5.4203156   0.0001377304584
7   -5.420208788   0.0001579824736
8   -5.420201539   0.0001370087669
9   -5.420218737   0.0001220480952
10   -5.420289705   0.0001302041572
11   -5.420248554   0.0001247564372
12   -5.420262365   0.0001147209134
13   -5.420378996   0.0001572865396
14   -5.420466163   0.0001697144493
15   -5.420492308   0.0001601440891
16   -5.420434116   0.0001607067443
17   -5.420384996   0.0001587481569
18   -5.420352246   0.0001532105447
19   -5.420381179   0.0001477826788
20   -5.420303804   0.0001601332866
21   -5.42027579   0.0001548718681
22   -5.42031004   0.0001515844852
23   -5.420326418   0.000145767077
24   -5.420306038   0.0001410415845
25   -5.420286003   0.0001367578129
26   -5.420332088   0.0001392403372
27   -5.420358675   0.0001365964695
28   -5.420350475   0.0001318828256
29   -5.420347322   0.0001272929647
30   -5.420354469   0.0001231842029
31   -5.420351597   0.0001191788779
32   -5.420303273   0.0001251045968
33   -5.420272195   0.0001251736881
34   -5.420253097   0.0001229287547
35   -5.420265794   0.0001200381688
36   -5.42025517   0.0001171388836
37   -5.420274902   0.0001156251132
38   -5.420264656   0.0001130067011
39   -5.420238654   0.000113100334
40   -5.420209071   0.0001141369916
41   -5.420222122   0.0001120807177
42   -5.42024324   0.0001113996748
43   -5.420235358   0.000109063327
44   -5.420232099   0.0001066056086
45   -5.420262217   0.0001084746194
46   -5.420234837   0.0001095666556
47   -5.420250839   0.0001083977494
48   -5.420250792   0.0001061154455
49   -5.420257729   0.0001041585291
50   -5.420253506   0.0001021414332
51   -5.420284777   0.0001048884471
52   -5.420283746   0.0001028567491
53   -5.420275532   0.0001012312129
54   -5.420265778   9.981655204e-05
55   -5.420278132   9.876064501e-05
56   -5.420280288   9.700499296e-05
57   -5.420268254   9.604489156e-05
58   -5.420264138   9.44641373e-05
59   -5.42024082   9.573253603e-05
60   -5.420237537   9.418071177e-05
61   -5.420226256   9.330825452e-05
62   -5.420219089   9.207034641e-05
63   -5.420213908   9.074514696e-05
64   -5.420207978   8.951261028e-05
65   -5.420208745   8.812807163e-05
66   -5.420190647   8.864964696e-05
67   -5.420169642   8.980751324e-05
68   -5.420163211   8.871036073e-05
69   -5.420143037   8.971286375e-05
70   -5.420152824   8.896195682e-05
71   -5.420155078   8.772897129e-05
72   -5.42016067   8.668250706e-05
73   -5.420166445   8.568167802e-05
74   -5.420174139   8.486539111e-05
75   -5.420176788   8.376808555e-05
76   -5.42016046   8.425582575e-05
77   -5.420169899   8.368846801e-05
78   -5.420166893   8.266325027e-05
79   -5.420165247   8.162676917e-05
80   -5.420155274   8.121468924e-05
81   -5.420148349   8.050415408e-05
82   -5.420144565   7.960631751e-05
83   -5.420126276   8.073991544e-05
84   -5.420127559   7.978323702e-05
85   -5.420119006   7.930160257e-05
86   -5.420119957   7.837984418e-05
87   -5.42011311   7.77756859e-05
88   -5.420120246   7.721718858e-05
89   -5.420140381   7.895524725e-05
90   -5.42015801   8.003868386e-05
91   -5.42015022   7.953662649e-05
92   -5.420153511   7.873616072e-05
93   -5.420164441   7.864808058e-05
94   -5.42015475   7.840807996e-05
95   -5.420146638   7.800128422e-05
96   -5.420153339   7.74748199e-05
97   -5.420153677   7.667269329e-05
98   -5.42015012   7.596961366e-05
99   -5.420143972   7.544923898e-05
100   -5.420140474   7.477280695e-05
