1   1.038544933   0
2   1.033544164   0.005000769101
3   1.048915278   0.01563991877
4   1.05407148   0.01220204651
5   1.050493172   0.0101063469
6   1.049312665   0.008335812067
7   1.056002791   0.009715476371
8   1.055074849   0.008464864904
9   1.054448976   0.007491499024
10   1.055602306   0.006799133543
11   1.054174071   0.006313710674
12   1.053430462   0.005811374446
13   1.051444203   0.005702770862
14   1.053139207   0.005545150487
15   1.053628955   0.00518543357
16   1.053676258   0.004850759594
17   1.052845863   0.004631544528
18   1.053323672   0.004392725684
19   1.051356059   0.004597431296
20   1.050837913   0.004392176264
21   1.052139655   0.00437589807
22   1.052175673   0.004172410571
23   1.051424474   0.004057028888
24   1.05089451   0.003920296093
25   1.050965403   0.003760884157
26   1.050930916   0.003613505194
27   1.052439313   0.003790179893
28   1.051978726   0.003681236092
29   1.05213563   0.003555493198
30   1.05197196   0.003438829912
31   1.051402646   0.003374423005
32   1.051376165   0.003267378336
33   1.051752884   0.003189147655
34   1.050650771   0.003284363339
35   1.050865309   0.003196352105
36   1.050935436   0.003107087373
37   1.050963505   0.003022075848
38   1.051250751   0.002955464644
39   1.050763261   0.002919671231
40   1.051490373   0.002937166641
41   1.051188817   0.002880461351
42   1.050551394   0.002882406565
43   1.050001974   0.002867699184
44   1.050362811   0.002824906582
45   1.050265237   0.00276314076
46   1.050939471   0.002785243992
47   1.051381549   0.002760961245
48   1.050610933   0.002810540002
49   1.050185179   0.002785316433
50   1.050024561   0.002733764132
51   1.049939914   0.002680961436
52   1.050165559   0.002638565042
53   1.05003652   0.002591516655
54   1.049405823   0.002620114337
55   1.049165081   0.002583276826
56   1.049430824   0.002550608818
57   1.049162024   0.002519839613
58   1.049426465   0.002490094254
59   1.049812531   0.0024777867
60   1.04984867   0.0024364083
61   1.04943247   0.00243201192
62   1.049094793   0.002416177032
63   1.048730962   0.002405193136
64   1.048662049   0.002368316516
65   1.048510951   0.002336487009
66   1.048351614   0.002306324011
67   1.048080106   0.002287808404
68   1.048158697   0.002255282859
69   1.048221499   0.002223244434
70   1.048311929   0.002193118808
71   1.048383044   0.002163178435
72   1.048009009   0.002165470127
73   1.047997487   0.002135631226
74   1.047622162   0.002139748084
75   1.047325316   0.002131793939
76   1.047346384   0.002103662506
77   1.047488965   0.00208105262
78   1.047259622   0.002066962084
79   1.046985439   0.002058967798
80   1.046737419   0.002048140325
81   1.046899549   0.002029183972
82   1.046522143   0.002039508179
83   1.046339775   0.002023022613
84   1.046303583   0.001999121568
85   1.046561852   0.001992273903
86   1.046628844   0.001970110965
87   1.046146912   0.002006083056
88   1.046102945   0.001983642955
89   1.045911339   0.001970565638
90   1.046000056   0.001950566062
91   1.046511163   0.001995574713
92   1.046435357   0.001975219728
93   1.046262687   0.001961480227
94   1.046057425   0.001951327089
95   1.045825063   0.001944609965
96   1.045645038   0.001932649915
97   1.045640386   0.001912627571
98   1.045759203   0.001896735523
99   1.045755175   0.001877483146
100   1.045707401   0.001859227394
