1   -3.506407841   0
2   -3.507793464   0.001385622325
3   -3.509014587   0.001459837258
4   -3.509474322   0.001130008481
5   -3.509618135   0.0008870364037
6   -3.509045381   0.0009233652929
7   -3.509013048   0.0007810555952
8   -3.509085371   0.0006802693817
9   -3.508875489   0.0006355942326
10   -3.508880771   0.0005685173049
11   -3.508667882   0.0005565679824
12   -3.508534562   0.00052527513
13   -3.508535593   0.0004831839434
14   -3.508711621   0.0004807286294
15   -3.508781719   0.0004529904883
16   -3.508721941   0.0004279296101
17   -3.508644656   0.00040933209
18   -3.508792907   0.0004134178605
19   -3.508811206   0.0003914820433
20   -3.508731567   0.0003798352377
21   -3.508822485   0.0003725594617
22   -3.508874392   0.0003589939409
23   -3.50883163   0.0003456856616
24   -3.508816143   0.0003313309545
25   -3.508701841   0.0003377318984
26   -3.50872792   0.0003255286722
27   -3.508795603   0.0003204688682
28   -3.50871304   0.000319658036
29   -3.508674296   0.0003108622646
30   -3.508736009   0.000306596699
31   -3.508730581   0.0002965912782
32   -3.508710212   0.0002878947855
33   -3.508665695   0.0002825630458
34   -3.508651512   0.0002744931164
35   -3.508714479   0.0002738718572
36   -3.508658344   0.0002720109212
37   -3.508670491   0.0002648358778
38   -3.508701476   0.0002596278365
39   -3.508676903   0.0002540741514
40   -3.508682024   0.000247693793
41   -3.508698359   0.0002421286032
42   -3.508695304   0.0002363130771
43   -3.508653666   0.0002344784908
44   -3.508720609   0.0002386681252
45   -3.508695858   0.000234613406
46   -3.508692332   0.0002294835299
47   -3.508705856   0.0002249547172
48   -3.508678395   0.000221923833
49   -3.508660305   0.0002180991074
50   -3.508611832   0.0002191212826
51   -3.508595722   0.000215385183
52   -3.508547176   0.0002167099786
53   -3.508545905   0.0002125855892
54   -3.508498241   0.0002139877084
55   -3.508476547   0.000211178252
56   -3.508536284   0.0002158056123
57   -3.508550304   0.0002124488585
58   -3.50856195   0.0002090784083
59   -3.508542224   0.0002064487109
60   -3.508579442   0.000206362716
61   -3.508585303   0.0002030361396
62   -3.508611176   0.000201403241
63   -3.50861623   0.0001982450079
64   -3.508630099   0.0001956151677
65   -3.508579751   0.0001990549045
66   -3.50862225   0.0002005701121
67   -3.508643203   0.0001986618878
68   -3.508660342   0.0001964675535
69   -3.508662959   0.0001936169472
70   -3.508633207   0.0001931362714
71   -3.508673066   0.0001945240493
72   -3.508697653   0.0001933727706
73   -3.508680249   0.0001914979626
74   -3.508644805   0.0001921889328
75   -3.508621249   0.0001910667445
76   -3.508621668   0.0001885364114
77   -3.508624203   0.000186089046
78   -3.508609695   0.0001842598428
79   -3.508566957   0.0001868654933
80   -3.50857034   0.0001845459025
81   -3.508563798   0.000182370685
82   -3.508529858   0.0001833024162
83   -3.508535764   0.0001811767748
84   -3.508553791   0.0001799123469
85   -3.508561161   0.000177935821
86   -3.508577239   0.0001765880474
87   -3.508570882   0.0001746621972
88   -3.508578078   0.0001728158468
89   -3.508594035   0.0001716066189
90   -3.508594891   0.0001696913259
91   -3.508600275   0.0001679025696
92   -3.508590849   0.0001663348377
93   -3.50858248   0.0001647492649
94   -3.508560135   0.0001645117749
95   -3.508564346   0.0001628253265
96   -3.508561721   0.0001611416818
97   -3.508538326   0.0001611787592
98   -3.508515224   0.0001611896938
99   -3.508503194   0.0001600060917
100   -3.508475026   0.0001608830421
