1   1.5578174   0
2   1.550316246   0.007501153652
3   1.573372918   0.02345987816
4   1.581107219   0.01830306976
5   1.575739758   0.01515952035
6   1.573968997   0.0125037181
7   1.584004187   0.01457321456
8   1.582612273   0.01269729736
9   1.581673464   0.01123724854
10   1.583403459   0.01019870031
11   1.581261106   0.00947056601
12   1.580145693   0.008717061669
13   1.577166304   0.008554156294
14   1.579708811   0.008317725731
15   1.580443433   0.007778150354
16   1.580514386   0.007276139391
17   1.579268794   0.006947316791
18   1.579985507   0.006589088527
19   1.577034089   0.006896146943
20   1.57625687   0.006588264396
21   1.578209482   0.006563847105
22   1.578263509   0.006258615857
23   1.57713671   0.006085543332
24   1.576341765   0.00588044414
25   1.576448105   0.005641326236
26   1.576396375   0.005420257791
27   1.578658969   0.00568526984
28   1.577968089   0.005521854138
29   1.578203445   0.005333239796
30   1.577957939   0.005158244868
31   1.577103969   0.005061634508
32   1.577064247   0.004901067505
33   1.577629326   0.004783721482
34   1.575976156   0.004926545008
35   1.576297963   0.004794528158
36   1.576403154   0.00466063106
37   1.576445258   0.004533113773
38   1.576876126   0.004433196966
39   1.576144892   0.004379506846
40   1.57723556   0.004405749961
41   1.576783225   0.004320692027
42   1.575827091   0.004323609848
43   1.575002961   0.004301548776
44   1.575544216   0.004237359873
45   1.575397855   0.00414471114
46   1.576409206   0.004177865987
47   1.577072323   0.004141441867
48   1.575916399   0.004215810003
49   1.575277768   0.00417797465
50   1.575036841   0.004100646198
51   1.574909871   0.004021442153
52   1.575248339   0.003957847562
53   1.575054781   0.003887274982
54   1.574108734   0.003930171506
55   1.573747622   0.003874915239
56   1.574146236   0.003825913228
57   1.573743036   0.00377975942
58   1.574139698   0.003735141381
59   1.574718796   0.00371668005
60   1.574773005   0.00365461245
61   1.574148705   0.00364801788
62   1.573642189   0.003624265549
63   1.573096443   0.003607789705
64   1.572993074   0.003552474775
65   1.572766427   0.003504730513
66   1.572527421   0.003459486016
67   1.572120158   0.003431712606
68   1.572238046   0.003382924288
69   1.572332248   0.003334866652
70   1.572467893   0.003289678212
71   1.572574566   0.003244767653
72   1.572013514   0.003248205191
73   1.571996231   0.003203446839
74   1.571433243   0.003209622127
75   1.570987974   0.003197690908
76   1.571019575   0.00315549376
77   1.571233447   0.00312157893
78   1.570889434   0.003100443126
79   1.570478159   0.003088451697
80   1.570106128   0.003072210488
81   1.570349323   0.003043775958
82   1.569783215   0.003059262268
83   1.569509663   0.003034533919
84   1.569455374   0.002998682353
85   1.569842778   0.002988410854
86   1.569943266   0.002955166447
87   1.569220368   0.003009124584
88   1.569154418   0.002975464433
89   1.568867009   0.002955848457
90   1.569000085   0.002925849093
91   1.569766745   0.002993362069
92   1.569653035   0.002962829592
93   1.569394031   0.00294222034
94   1.569086138   0.002926990634
95   1.568737595   0.002916914947
96   1.568467556   0.002898974872
97   1.568460579   0.002868941356
98   1.568638804   0.002845103285
99   1.568632763   0.002816224719
100   1.568561101   0.002788841091
