1   -5.064225241   0
2   -5.05810971   0.006115531327
3   -5.082387505   0.0245332
4   -5.090581542   0.01918544228
5   -5.085357893   0.01575230844
6   -5.083014377   0.01307346726
7   -5.093017235   0.01490435154
8   -5.091697644   0.0129748253
9   -5.090548952   0.01150023226
10   -5.09228423   0.01043146503
11   -5.089928988   0.009725122007
12   -5.088680255   0.008965173262
13   -5.085701897   0.008768105068
14   -5.088420432   0.0085607994
15   -5.089225152   0.008010194909
16   -5.089236327   0.007492859572
17   -5.087913449   0.007161556913
18   -5.088778415   0.006807158492
19   -5.085845295   0.007075519398
20   -5.084988437   0.006766896157
21   -5.087031967   0.006753211326
22   -5.087137901   0.006439805723
23   -5.08596834   0.006263608244
24   -5.085157908   0.006051461813
25   -5.085149946   0.005804363726
26   -5.085124295   0.005576711277
27   -5.087454572   0.005850317867
28   -5.086681129   0.005690316667
29   -5.086877741   0.005494112955
30   -5.086693949   0.005310998499
31   -5.08583455   0.005208213152
32   -5.085774459   0.005043188712
33   -5.086295022   0.004915617786
34   -5.084627668   0.005051929991
35   -5.085012442   0.004920533318
36   -5.085061497   0.004782150455
37   -5.085115749   0.004651424087
38   -5.085577602   0.004550860437
39   -5.084821795   0.004496610496
40   -5.085917584   0.004517663553
41   -5.085481584   0.004427618444
42   -5.084522394   0.004426097147
43   -5.083656627   0.004407801066
44   -5.084264825   0.004349194429
45   -5.084093713   0.004254889313
46   -5.085101538   0.00428166555
47   -5.085778179   0.004243864935
48   -5.084594794   0.004319763474
49   -5.083938073   0.004281353877
50   -5.083648673   0.004204823866
51   -5.083505593   0.004124034549
52   -5.083795515   0.004054327898
53   -5.083600686   0.003981864793
54   -5.082606975   0.004031808281
55   -5.082224169   0.003976293514
56   -5.082682519   0.003931452679
57   -5.08229334   0.003881424172
58   -5.082701648   0.003835709891
59   -5.08326102   0.003811408223
60   -5.083352447   0.003748461523
61   -5.082734008   0.003738013236
62   -5.082253365   0.003708507354
63   -5.081712672   0.003689006863
64   -5.081623173   0.003632011502
65   -5.081346178   0.003586410686
66   -5.081149672   0.003537115831
67   -5.080763362   0.003505275369
68   -5.080898388   0.003455981251
69   -5.080995207   0.003406902279
70   -5.081101101   0.003359548845
71   -5.081247632   0.00331513323
72   -5.080711167   0.003312494759
73   -5.08067648   0.003266987142
74   -5.080078048   0.003277630323
75   -5.079609223   0.003267442579
76   -5.079641243   0.003224322275
77   -5.07985765   0.003189522465
78   -5.079499128   0.003168713253
79   -5.079045115   0.003161119352
80   -5.078676468   0.003143049415
81   -5.078913121   0.003113012079
82   -5.078313073   0.003132816609
83   -5.078045427   0.003106393289
84   -5.078009165   0.003069403835
85   -5.07840394   0.003058661555
86   -5.078520504   0.003025133078
87   -5.07779125   0.003077801757
88   -5.077732495   0.003043192969
89   -5.077461044   0.003021025743
90   -5.077594976   0.00299027108
91   -5.07836702   0.003056346281
92   -5.078243884   0.003025449479
93   -5.077976511   0.003004660855
94   -5.077646273   0.002990812426
95   -5.077301941   0.002979128821
96   -5.077029278   0.002960515759
97   -5.076998905   0.002929993441
98   -5.077154028   0.002904087381
99   -5.077135957   0.002874660298
100   -5.077036127   0.002847518987
