100 0 0 0
100 0.02306642879 0 0
100 0.04613285759 0 0
100 0.06919928638 0 0
100 0.09226571518 0 0
100 0.115332144 0 0
100 0.1383985728 0 0
100 0.1614650016 0 0
100 0.1845314304 0 0
100 0.2075978592 0 0
100 0.2306642879 0 0
100 0.2537307167 0 0
100 0.2767971455 0 0
100 0.2998635743 0 0
100 0.3229300031 0 0
100 0.3459964319 0 0
100 0.3690628607 0 0
100 0.3921292895 0 0
100 0.4151957183 0 0
100 0.4382621471 0 0
100 0.4613285759 0 0
100 0.4843950047 0 0
100 0.5074614335 0 0
100 0.5305278623 0 0
100 0.5535942911 0 0
100 0.5766607199 0 0
100 0.5997271487 0 0
100 0.6227935775 0 0
100 0.6458600063 0 0
100 0.6689264351 0 0
100 0.6919928638 0 0
100 0.7150592926 0 0
100 0.7381257214 0 0
100 0.7611921502 0 0
100 0.784258579 0 0
100 0.8073250078 0 0
100 0.8303914366 0 0
100 0.8534578654 0 0
100 0.8765242942 9.499624595e-05 2.92470889e-05
100 0.899590723 0.004195806756 0.0002436213671
100 0.9226571518 0.05431458252 0.0009007449242
100 0.9457235806 0.3233679109 0.0018228927
100 0.9687900094 1.071875003 0.002746884545
100 0.9918564382 2.295910579 0.005333281676
100 1.014922867 3.644747945 0.005346856844
100 1.037989296 4.579046764 0.006545589159
100 1.061055725 4.81984392 0.006941327099
100 1.084122153 4.407609012 0.005989535317
100 1.107188582 3.580912204 0.005358070054
100 1.130255011 2.656332738 0.00564915853
100 1.15332144 1.823327394 0.004175795914
100 1.176387869 1.160797671 0.003052030178
100 1.199454297 0.6876499116 0.002475273085
100 1.222520726 0.3788514551 0.002167237288
100 1.245587155 0.1988959957 0.001555359458
100 1.268653584 0.1014672005 0.00128220141
100 1.291720013 0.05776554425 0.0009576959361
100 1.314786441 0.04949645522 0.0010633579
100 1.33785287 0.06809796147 0.001209247938
100 1.360919299 0.1159229263 0.001477633141
100 1.383985728 0.1971202654 0.001846370184
100 1.407052156 0.3127639504 0.001824586996
100 1.430118585 0.4584556601 0.00193344957
100 1.453185014 0.6279678974 0.002067039309
100 1.476251443 0.7848464941 0.002577111247
100 1.499317872 0.8996801263 0.003092444875
100 1.5223843 0.9478673416 0.003502983373
100 1.545450729 0.9090462835 0.00314719062
100 1.568517158 0.7925846013 0.002441630196
100 1.591583587 0.6352409288 0.001977762644
100 1.614650016 0.46915018 0.001605482702
100 1.637716444 0.3283623287 0.001691801471
100 1.660782873 0.2374395266 0.001817155184
100 1.683849302 0.2144563112 0.002037065717
100 1.706915731 0.2810454316 0.002235239229
100 1.72998216 0.4669595244 0.002481533034
100 1.753048588 0.7821748209 0.002639069367
100 1.776115017 1.221116976 0.002210361788
100 1.799181446 1.72661299 0.002451857939
100 1.822247875 2.21216365 0.002938096359
100 1.845314304 2.542738943 0.004234131315
100 1.868380732 2.652366443 0.005009763879
100 1.891447161 2.502122171 0.005192840905
100 1.91451359 2.145809762 0.003744960591
100 1.937580019 1.683684077 0.00255298453
100 1.960646448 1.215998563 0.00246779305
100 1.983712876 0.8325989589 0.002521816704
100 2.006779305 0.5759947398 0.002495297109
100 2.029845734 0.4690496132 0.002607317185
100 2.052912163 0.4921518217 0.002090976075
100 2.075978592 0.6066155321 0.001823393589
100 2.09904502 0.7629794563 0.001734541603
100 2.122111449 0.9012383233 0.001845903576
100 2.145177878 0.984146052 0.002484718953
100 2.168244307 0.98133469 0.002100333699
100 2.191310736 0.9074924838 0.001895524306
100 2.214377164 0.7896152982 0.001736317649
100 2.237443593 0.671844312 0.001963064442
100 2.260510022 0.5964018437 0.00259510097
100 2.283576451 0.6006052188 0.002951542261
