100 0 0 0
100 0.0646330407 0 0
100 0.1292660814 0 0
100 0.1938991221 0 0
100 0.2585321628 0 0
100 0.3231652035 0 0
100 0.3877982442 0 0
100 0.4524312849 0 0
100 0.5170643256 0 0
100 0.5816973663 0 0
100 0.646330407 0 0
100 0.7109634477 0 0
100 0.7755964884 0 0
100 0.8402295291 0.001332068478 0.0003432418428
100 0.9048625698 0.1619076376 0.005172454611
100 0.9694956105 1.055394042 0.0196853474
100 1.034128651 1.926967205 0.03321387148
100 1.098761692 2.188155081 0.04374987933
100 1.163394733 2.013865406 0.03481829979
100 1.228027773 1.734508068 0.03163507654
100 1.292660814 1.558452206 0.02627099891
100 1.357293855 1.405300592 0.02150871477
100 1.421926895 1.303989614 0.02118788614
100 1.486559936 1.217642966 0.01881911114
100 1.551192977 1.178440013 0.01720614265
100 1.615826018 1.140719026 0.01456255778
100 1.680459058 1.097776847 0.01439272798
100 1.745092099 1.091846173 0.01358215219
100 1.80972514 1.074406929 0.01415129475
100 1.87435818 1.055524378 0.01471389337
100 1.938991221 1.044375627 0.01402530399
100 2.003624262 1.044079822 0.01351887691
100 2.068257302 1.046712322 0.01255663161
100 2.132890343 1.055700109 0.0125633889
100 2.197523384 1.048348289 0.01325999426
100 2.262156425 1.051778914 0.01161560808
100 2.326789465 1.041886025 0.01031915368
100 2.391422506 1.045647481 0.01123226199
100 2.456055547 1.037485299 0.009550825326
100 2.520688587 1.035023499 0.008825620972
100 2.585321628 1.033084415 0.008161783919
100 2.649954669 1.026411223 0.009307456437
100 2.714587709 1.033835069 0.008670256919
100 2.77922075 1.023716638 0.008970275053
100 2.843853791 1.01278226 0.008775705272
100 2.908486832 1.00254592 0.008593693628
100 2.973119872 1.012789956 0.008897261859
100 3.037752913 1.003756006 0.008059436472
100 3.102385954 0.9948254736 0.007973294968
100 3.167018994 0.9942516327 0.008442814203
100 3.231652035 0.9940257484 0.008464340234
100 3.296285076 0.9966139427 0.007824263235
100 3.360918116 0.999193067 0.007473895315
100 3.425551157 0.9979320734 0.007265009489
100 3.490184198 0.9927740434 0.007149099171
100 3.554817239 0.9868134067 0.006885384012
100 3.619450279 0.9862247738 0.006317048834
100 3.68408332 0.9887644877 0.006052417233
100 3.748716361 0.9926434603 0.005517731184
100 3.813349401 0.9935791851 0.006220790765
100 3.877982442 0.9940505972 0.006564912599
100 3.942615483 0.9909374615 0.005603415699
100 4.007248523 0.9918297217 0.005587856578
100 4.071881564 0.9930354506 0.005851615247
100 4.136514605 0.9918250395 0.005086691733
100 4.201147646 0.9957260083 0.005027718579
100 4.265780686 0.9880676665 0.005168405648
100 4.330413727 0.994668622 0.005513210276
100 4.395046768 0.9970909734 0.005155702751
100 4.459679808 0.9974673697 0.005786700053
100 4.524312849 0.9912179939 0.005614810647
100 4.58894589 0.9882008899 0.005390021252
100 4.65357893 0.9889308118 0.005343088386
100 4.718211971 0.9834357957 0.005360604799
100 4.782845012 0.9811614177 0.004730176908
100 4.847478053 0.9844954616 0.004225097932
100 4.912111093 0.9783887749 0.004490957329
100 4.976744134 0.9806173287 0.004554870818
100 5.041377175 0.977592424 0.003924142812
100 5.106010215 0.9794385166 0.004278327399
100 5.170643256 0.9840796965 0.004834755929
100 5.235276297 0.9823155696 0.004822278874
100 5.299909337 0.9827527457 0.004170315546
100 5.364542378 0.9847349097 0.003977758145
100 5.429175419 0.9809945256 0.003995152223
100 5.49380846 0.9871317257 0.004167822316
100 5.5584415 0.9825556536 0.004041226601
100 5.623074541 0.9856472717 0.00378422671
100 5.687707582 0.9873763116 0.004162277061
100 5.752340622 0.9882256002 0.003955572593
100 5.816973663 0.9832180677 0.003632679161
100 5.881606704 0.9857407454 0.003568851611
100 5.946239744 0.9913052113 0.003694015681
100 6.010872785 0.9907593185 0.003789449095
100 6.075505826 0.9883994347 0.004083260048
100 6.140138867 0.9888712292 0.003710942249
100 6.204771907 0.9868183385 0.003718430627
100 6.269404948 0.9898058315 0.004304809609
100 6.334037989 0.9892859922 0.003901747823
100 6.398671029 0.9914444006 0.003489426189
