100 0 0 0
100 0.0256496392 0 0
100 0.0512992784 0 0
100 0.0769489176 0 0
100 0.1025985568 0 0
100 0.128248196 0 0
100 0.1538978352 0 0
100 0.1795474744 0 0
100 0.2051971136 0 0
100 0.2308467528 0 0
100 0.256496392 0 0
100 0.2821460312 0 0
100 0.3077956704 0 0
100 0.3334453096 0 0
100 0.3590949488 0 0
100 0.384744588 0 0
100 0.4103942272 0 0
100 0.4360438664 0 0
100 0.4616935056 0 0
100 0.4873431448 0 0
100 0.512992784 0 0
100 0.5386424232 0 0
100 0.5642920624 0 0
100 0.5899417016 0 0
100 0.6155913408 0 0
100 0.64124098 0 0
100 0.6668906192 0 0
100 0.6925402584 0 0
100 0.7181898976 0 0
100 0.7438395368 0 0
100 0.769489176 0 0
100 0.7951388152 0 0
100 0.8207884544 0 0
100 0.8464380936 3.404150798e-06 3.404150798e-06
100 0.8720877328 0.0007093398034 9.867155705e-05
100 0.897737372 0.01901562597 0.0006072451394
100 0.9233870112 0.144008554 0.001652024147
100 0.9490366504 0.5275719575 0.002745262219
100 0.9746862896 1.159043674 0.004219302666
100 1.000335929 1.831798982 0.007418706522
100 1.025985568 2.328969477 0.007083470715
100 1.051635207 2.568908792 0.007117867936
100 1.077284846 2.575398431 0.006270508056
100 1.102934486 2.431263309 0.005173689782
100 1.128584125 2.231454525 0.005730439754
100 1.154233764 1.996052546 0.00555752511
100 1.179883403 1.774776551 0.006155417677
100 1.205533042 1.578526456 0.006028144399
100 1.231182682 1.398102759 0.005809980404
100 1.256832321 1.257209141 0.005141961487
100 1.28248196 1.132266873 0.004703721287
100 1.308131599 1.029173996 0.004036667332
100 1.333781238 0.9470038989 0.004183374439
100 1.359430878 0.8746071497 0.003871548094
100 1.385080517 0.816284894 0.003710562328
100 1.410730156 0.7666812923 0.00315791996
100 1.436379795 0.7291796767 0.002889734951
100 1.462029434 0.7032481925 0.002874619465
100 1.487679074 0.6845078238 0.003164966105
100 1.513328713 0.6653617317 0.003103324573
100 1.538978352 0.6616037803 0.003271166226
100 1.564627991 0.6637600348 0.003090728348
100 1.59027763 0.6702157847 0.00325760427
100 1.61592727 0.6770864095 0.002799874446
100 1.641576909 0.6906876003 0.002827131673
100 1.667226548 0.7115530474 0.002762782096
100 1.692876187 0.7370631827 0.002383192388
100 1.718525826 0.7716669294 0.002811336591
100 1.744175466 0.8105337335 0.002653016806
100 1.769825105 0.854696471 0.002649914903
100 1.795474744 0.8997817348 0.003277485342
100 1.821124383 0.9417894473 0.003029082901
100 1.846774022 0.9787903545 0.003262186575
100 1.872423662 1.02000681 0.003264294128
100 1.898073301 1.06322359 0.003224226616
100 1.92372294 1.101149887 0.002720902711
100 1.949372579 1.133586212 0.002686288931
100 1.975022218 1.163698507 0.00280374608
100 2.000671858 1.189366686 0.00256352903
100 2.026321497 1.208833185 0.002903568683
100 2.051971136 1.21963714 0.002768839902
100 2.077620775 1.217917925 0.002697172189
100 2.103270414 1.213493504 0.002789238421
100 2.128920054 1.203537805 0.002703904657
100 2.154569693 1.18368688 0.002810720181
100 2.180219332 1.153069034 0.002875845433
100 2.205868971 1.123219009 0.002890659467
100 2.23151861 1.094747112 0.002872409683
100 2.25716825 1.068471377 0.002705126716
100 2.282817889 1.042781478 0.002127470607
100 2.308467528 1.010291521 0.002442223312
100 2.334117167 0.9848324424 0.002171765336
100 2.359766806 0.9630635816 0.002351989465
100 2.385416446 0.9422164142 0.002308230828
100 2.411066085 0.9264453884 0.002282905617
100 2.436715724 0.9115131747 0.002266636937
100 2.462365363 0.8985437518 0.002363212829
100 2.488015002 0.893540534 0.002171373364
100 2.513664642 0.8900123511 0.002259876209
100 2.539314281 0.8885360049 0.002260342929
