0 0 -nan
1 1 0
2 1.40221 0.00440048
3 1.72128 0.00650005
4 1.98741 0.00801427
5 2.22149 0.00922188
6 2.44246 0.00993324
7 2.64208 0.0113865
8 2.82326 0.0112034
9 2.99409 0.0120292
10 3.16702 0.0133392
11 3.32157 0.0136258
12 3.46791 0.0141826
13 3.61406 0.015138
14 3.74425 0.014852
15 3.87216 0.0155376
16 3.99462 0.0154218
17 4.12005 0.0156144
18 4.24669 0.0157483
19 4.37372 0.0171544
20 4.47294 0.0176294
21 4.58672 0.0180968
22 4.70208 0.0188335
23 4.79833 0.0191799
24 4.89953 0.0197535
25 4.99946 0.0195343
26 5.10619 0.0198588
27 5.207 0.0208816
28 5.29849 0.022048
29 5.39869 0.0222391
30 5.50089 0.0221663
31 5.59616 0.0222636
32 5.68892 0.0228167
33 5.76647 0.0223055
34 5.84785 0.022697
35 5.93319 0.0235333
36 6.01304 0.0237077
37 6.09395 0.0235249
38 6.18385 0.0241665
39 6.26576 0.0255146
40 6.34664 0.0274068
41 6.41997 0.0284982
42 6.49805 0.0290952
43 6.57851 0.0289238
44 6.67031 0.0294293
45 6.75038 0.0297225
46 6.82138 0.0308657
47 6.8931 0.0313687
48 6.97285 0.0318402
49 7.03807 0.0313633
50 7.10413 0.0315612
51 7.17235 0.0319011
52 7.24196 0.0325256
53 7.30953 0.0324747
54 7.36815 0.0324036
55 7.43615 0.0338962
56 7.50624 0.0341364
57 7.56896 0.0343931
58 7.63475 0.0353523
59 7.69358 0.0368997
60 7.75923 0.0372728
61 7.82623 0.0365473
62 7.89497 0.0368336
63 7.95115 0.0368683
64 8.0269 0.0378519
65 8.0976 0.0395211
66 8.16868 0.0393786
67 8.23409 0.0393546
68 8.2994 0.0390951
69 8.35811 0.0401512
70 8.4221 0.0409413
71 8.48429 0.0406588
72 8.54213 0.0403815
73 8.59631 0.0403368
74 8.65346 0.0395504
75 8.70557 0.0392666
76 8.76119 0.0392565
77 8.81922 0.0398438
78 8.86539 0.0406069
79 8.91883 0.0412893
80 8.96567 0.0420782
81 9.02369 0.0424954
82 9.08073 0.0423201
83 9.14275 0.0419615
84 9.20124 0.0418388
85 9.25238 0.0423504
86 9.31366 0.0414386
87 9.37092 0.0417525
88 9.41762 0.0414038
89 9.46692 0.0412654
90 9.51869 0.0427027
91 9.55704 0.0418641
92 9.61059 0.0420478
93 9.66818 0.0427809
94 9.71568 0.0411586
95 9.76852 0.0417919
96 9.82206 0.0412157
97 9.87081 0.0418604
98 9.91851 0.0421463
99 9.96905 0.0408757
100 10.0164 0.0413257
