0 1.06226 0
100 0.980392 0.0818726
200 1.0326 0.0704295
300 0.998894 0.0601367
400 1.00267 0.0467346
500 1.00866 0.0386261
600 1.00589 0.0327625
700 1.00585 0.0283732
800 0.995994 0.0268932
900 0.988977 0.0250564
1000 0.990506 0.0227159
1100 0.986138 0.0211918
1200 0.985987 0.0194942
1300 0.986175 0.0180491
1400 0.989088 0.0170535
1500 0.983378 0.0169433
1600 0.983918 0.0159246
1700 0.985737 0.0151236
1800 0.985782 0.0143056
1900 0.988592 0.0138594
2000 0.990628 0.0133392
2100 0.992136 0.0128075
2200 0.993606 0.012326
2300 0.992936 0.0118203
2400 0.99106 0.0114918
2500 0.990955 0.0110414
2600 0.989079 0.010789
2700 0.988656 0.0104052
2800 0.98799 0.010062
2900 0.987856 0.00972177
3000 0.989081 0.00948235
3100 0.990118 0.00923962
3200 0.98775 0.00926299
3300 0.98994 0.00924954
3400 0.991172 0.00906539
3500 0.991558 0.00881846
3600 0.990083 0.00870275
3700 0.990577 0.00848502
3800 0.990878 0.00827008
3900 0.992105 0.0081535
4000 0.992278 0.00795403
4100 0.992282 0.00776234
4200 0.992522 0.00758349
4300 0.993491 0.00747223
4400 0.993865 0.00731383
4500 0.994179 0.00715995
4600 0.994736 0.00702808
4700 0.994885 0.00688173
4800 0.994263 0.00676853
4900 0.994708 0.00664672
5000 0.994475 0.00651926
5100 0.995301 0.00644585
5200 0.994671 0.00635436
5300 0.995537 0.00629545
5400 0.996206 0.00621604
5500 0.996387 0.00610669
5600 0.995295 0.00609723
5700 0.996398 0.00609185
5800 0.997141 0.00603369
5900 0.996606 0.00595637
6000 0.998228 0.00607824
6100 0.996842 0.00613784
6200 0.996764 0.00604014
6300 0.996815 0.00594523
6400 0.996217 0.00588347
6500 0.996227 0.00579365
6600 0.994381 0.00599767
6700 0.994588 0.00591246
6800 0.993951 0.00586083
6900 0.992195 0.00603754
7000 0.99197 0.00595615
7100 0.991883 0.00587349
7200 0.991575 0.00580065
7300 0.9931 0.0059215
7400 0.99325 0.00584393
7500 0.992574 0.00580597
7600 0.993754 0.00585032
7700 0.993042 0.00581865
7800 0.992269 0.00579623
7900 0.992013 0.00572903
8000 0.990844 0.00577744
8100 0.990379 0.00572547
8200 0.990755 0.00566859
8300 0.990917 0.00560302
8400 0.992088 0.00565927
8500 0.99209 0.00559308
8600 0.99242 0.00553824
8700 0.993416 0.00556479
8800 0.994062 0.00553975
8900 0.993776 0.00548529
9000 0.995212 0.00561135
9100 0.995992 0.00560464
9200 0.996467 0.00556435
9300 0.996517 0.00550507
9400 0.997253 0.00549627
9500 0.997581 0.0054486
9600 0.997496 0.00539279
9700 0.997946 0.00535636
9800 0.998376 0.00531938
9900 0.997939 0.00528403
