0 0 -nan
1 1 0
2 1.42064 0.00397811
3 1.73602 0.00600526
4 2.01611 0.00714329
5 2.25211 0.00800682
6 2.47006 0.00897184
7 2.65906 0.00935239
8 2.84244 0.00960435
9 3.00823 0.0105389
10 3.17371 0.0116259
11 3.3284 0.0118756
12 3.47787 0.011734
13 3.62144 0.0120372
14 3.75331 0.0126576
15 3.89465 0.0131132
16 4.02116 0.0134379
17 4.14063 0.0141172
18 4.25664 0.014834
19 4.36374 0.0154134
20 4.47281 0.0150194
21 4.58418 0.0155866
22 4.69314 0.0162384
23 4.79204 0.0165165
24 4.8886 0.0164944
25 5.00143 0.0174973
26 5.09586 0.0172236
27 5.1807 0.0173856
28 5.27308 0.018348
29 5.37166 0.0186939
30 5.45319 0.0191275
31 5.55046 0.0200525
32 5.63556 0.0205854
33 5.72658 0.0195266
34 5.8116 0.0205323
35 5.90209 0.021761
36 5.98571 0.0222881
37 6.05675 0.0221526
38 6.14203 0.0220447
39 6.22036 0.022923
40 6.29693 0.0234447
41 6.37251 0.024239
42 6.4537 0.0247574
43 6.53414 0.0258132
44 6.60829 0.0259932
45 6.68358 0.0262195
46 6.76694 0.0265025
47 6.84317 0.0276677
48 6.91576 0.0283971
49 6.98682 0.0296971
50 7.06334 0.0297047
51 7.14015 0.030258
52 7.2101 0.0299732
53 7.28227 0.0299152
54 7.34728 0.02933
55 7.40824 0.0292569
56 7.47313 0.0296218
57 7.54202 0.0311059
58 7.6095 0.031248
59 7.67558 0.0310346
60 7.73977 0.0314371
61 7.80999 0.0314018
62 7.88288 0.0316642
63 7.95525 0.0309625
64 8.01675 0.032331
65 8.0732 0.0329155
66 8.14171 0.0338822
67 8.19145 0.0335059
68 8.2501 0.0337476
69 8.31559 0.0334396
70 8.38028 0.0335425
71 8.43379 0.0340952
72 8.49215 0.0337156
73 8.55504 0.033703
74 8.60846 0.0336132
75 8.66681 0.0344997
76 8.72246 0.0344374
77 8.77953 0.0339195
78 8.83545 0.0341691
79 8.88232 0.0351845
80 8.94586 0.0353581
81 9.00081 0.0357631
82 9.05871 0.0364358
83 9.11078 0.0365881
84 9.16509 0.0364943
85 9.21759 0.0367963
86 9.27644 0.0360936
87 9.33183 0.0371272
88 9.37254 0.0379056
89 9.43653 0.0382356
90 9.49725 0.0380056
91 9.55234 0.0384245
92 9.60222 0.03763
93 9.64957 0.0377362
94 9.71469 0.0378031
95 9.7707 0.0388636
96 9.81436 0.0392829
97 9.86686 0.039949
98 9.91752 0.0399382
99 9.9652 0.040359
100 10.0201 0.0411037
